<?xml version="1.0" encoding="UTF-8"?>
<robot generator="Robot 3.2.2 (Python 3.9.1 on win32)" generated="20210126 15:53:37.924" rpa="false">
<suite id="s1" name="Smoketest" source="C:\Users\Jollyver\PycharmProjects\PuffyDesktopAutomation\TestFiles\STFinalVersion\smoketest.robot">
<test id="s1-t1" name="Start Video Recording">
<kw name="Initiate Video Recording" library="keywords300">
<kw name="Start Video Recording" library="ScreenCapLibrary">
<doc>Starts the recording of a video in the background with the specified ``name``.
The recording can be stopped by calling the `Stop Video Recording` keyword.</doc>
<arguments>
<arg>alias=FallSale name=FallSale</arg>
</arguments>
<msg timestamp="20210126 15:53:40.522" level="INFO">Automatically setting a fps of 12.0</msg>
<status status="PASS" starttime="20210126 15:53:38.423" endtime="20210126 15:53:40.523"></status>
</kw>
<status status="PASS" starttime="20210126 15:53:38.423" endtime="20210126 15:53:40.524"></status>
</kw>
<status status="PASS" starttime="20210126 15:53:38.423" endtime="20210126 15:53:40.526" critical="yes"></status>
</test>
<test id="s1-t2" name="Verify the Sale Popup appears">
<kw name="Open Login Screen" library="keywords300">
<kw name="Open Browser" library="Selenium2Library">
<doc>Opens a new browser instance to the optional ``url``.</doc>
<arguments>
<arg>${HOMEPAGE}</arg>
<arg>${SYSTEMBROWSER}</arg>
</arguments>
<msg timestamp="20210126 15:53:40.529" level="INFO">Opening browser 'Chrome' to base url 'https://puffy.com/?preview_theme_id=84040548386'.</msg>
<status status="PASS" starttime="20210126 15:53:40.529" endtime="20210126 15:53:56.455"></status>
</kw>
<kw name="Maximize Browser Window" library="Selenium2Library">
<doc>Maximizes current browser window.</doc>
<status status="PASS" starttime="20210126 15:53:56.455" endtime="20210126 15:53:58.675"></status>
</kw>
<kw name="Wait Until Page Contains Element" library="Selenium2Library">
<doc>Waits until the element ``locator`` appears on the current page.</doc>
<arguments>
<arg>css=#saleTimer &gt; div:nth-child(1) &gt; div</arg>
</arguments>
<status status="PASS" starttime="20210126 15:53:58.675" endtime="20210126 15:53:58.685"></status>
</kw>
<status status="PASS" starttime="20210126 15:53:40.529" endtime="20210126 15:53:58.686"></status>
</kw>
<kw name="Wait and dismiss popup" library="keywords300">
<kw name="Sleep" library="BuiltIn">
<doc>Pauses the test executed for the given time.</doc>
<arguments>
<arg>5s</arg>
</arguments>
<msg timestamp="20210126 15:54:03.701" level="INFO">Slept 5 seconds</msg>
<status status="PASS" starttime="20210126 15:53:58.687" endtime="20210126 15:54:03.701"></status>
</kw>
<kw name="Run Keyword And Return Status" library="BuiltIn">
<doc>Runs the given keyword with given arguments and returns the status as a Boolean value.</doc>
<arguments>
<arg>Element should be visible</arg>
<arg>xpath=/html/body/div[3]/div[2]/div/div[1]/img</arg>
</arguments>
<assign>
<var>${check}</var>
</assign>
<kw name="Element Should Be Visible" library="Selenium2Library">
<doc>Verifies that the element identified by ``locator`` is visible.</doc>
<arguments>
<arg>xpath=/html/body/div[3]/div[2]/div/div[1]/img</arg>
</arguments>
<kw name="Capture Page Screenshot" library="Selenium2Library">
<doc>Takes a screenshot of the current page and embeds it into a log file.</doc>
<msg timestamp="20210126 15:54:04.764" level="INFO" html="yes">&lt;/td&gt;&lt;/tr&gt;&lt;tr&gt;&lt;td colspan="3"&gt;&lt;a href="selenium-screenshot-21.png"&gt;&lt;img src="selenium-screenshot-21.png" width="800px"&gt;&lt;/a&gt;</msg>
<status status="PASS" starttime="20210126 15:54:03.737" endtime="20210126 15:54:04.765"></status>
</kw>
<msg timestamp="20210126 15:54:04.767" level="FAIL">The element 'xpath=/html/body/div[3]/div[2]/div/div[1]/img' should be visible, but it is not.</msg>
<status status="FAIL" starttime="20210126 15:54:03.702" endtime="20210126 15:54:04.767"></status>
</kw>
<msg timestamp="20210126 15:54:04.767" level="INFO">${check} = False</msg>
<status status="PASS" starttime="20210126 15:54:03.701" endtime="20210126 15:54:04.767"></status>
</kw>
<kw name="Run Keyword If" library="BuiltIn">
<doc>Runs the given keyword with the given arguments, if ``condition`` is true.</doc>
<arguments>
<arg>${check} == False</arg>
<arg>Wait and dismiss popup</arg>
<arg>ELSE</arg>
<arg>Click element</arg>
<arg>xpath=/html/body/div[3]/div[2]/div/span</arg>
</arguments>
<kw name="Wait and dismiss popup" library="keywords300">
<kw name="Sleep" library="BuiltIn">
<doc>Pauses the test executed for the given time.</doc>
<arguments>
<arg>5s</arg>
</arguments>
<msg timestamp="20210126 15:54:09.780" level="INFO">Slept 5 seconds</msg>
<status status="PASS" starttime="20210126 15:54:04.768" endtime="20210126 15:54:09.780"></status>
</kw>
<kw name="Run Keyword And Return Status" library="BuiltIn">
<doc>Runs the given keyword with given arguments and returns the status as a Boolean value.</doc>
<arguments>
<arg>Element should be visible</arg>
<arg>xpath=/html/body/div[3]/div[2]/div/div[1]/img</arg>
</arguments>
<assign>
<var>${check}</var>
</assign>
<kw name="Element Should Be Visible" library="Selenium2Library">
<doc>Verifies that the element identified by ``locator`` is visible.</doc>
<arguments>
<arg>xpath=/html/body/div[3]/div[2]/div/div[1]/img</arg>
</arguments>
<msg timestamp="20210126 15:54:09.805" level="INFO">Element 'xpath=/html/body/div[3]/div[2]/div/div[1]/img' is displayed.</msg>
<status status="PASS" starttime="20210126 15:54:09.780" endtime="20210126 15:54:09.805"></status>
</kw>
<msg timestamp="20210126 15:54:09.805" level="INFO">${check} = True</msg>
<status status="PASS" starttime="20210126 15:54:09.780" endtime="20210126 15:54:09.805"></status>
</kw>
<kw name="Run Keyword If" library="BuiltIn">
<doc>Runs the given keyword with the given arguments, if ``condition`` is true.</doc>
<arguments>
<arg>${check} == False</arg>
<arg>Wait and dismiss popup</arg>
<arg>ELSE</arg>
<arg>Click element</arg>
<arg>xpath=/html/body/div[3]/div[2]/div/span</arg>
</arguments>
<kw name="Click Element" library="Selenium2Library">
<doc>Click the element identified by ``locator``.</doc>
<arguments>
<arg>xpath=/html/body/div[3]/div[2]/div/span</arg>
</arguments>
<msg timestamp="20210126 15:54:09.806" level="INFO">Clicking element 'xpath=/html/body/div[3]/div[2]/div/span'.</msg>
<status status="PASS" starttime="20210126 15:54:09.805" endtime="20210126 15:54:09.865"></status>
</kw>
<status status="PASS" starttime="20210126 15:54:09.805" endtime="20210126 15:54:09.865"></status>
</kw>
<status status="PASS" starttime="20210126 15:54:04.767" endtime="20210126 15:54:09.865"></status>
</kw>
<status status="PASS" starttime="20210126 15:54:04.767" endtime="20210126 15:54:09.865"></status>
</kw>
<status status="PASS" starttime="20210126 15:53:58.686" endtime="20210126 15:54:09.865"></status>
</kw>
<status status="PASS" starttime="20210126 15:53:40.528" endtime="20210126 15:54:09.866" critical="yes"></status>
</test>
<test id="s1-t3" name="Verify sale details on Timer Bar">
<kw name="Check Seasonal Sale text on timer" library="keywords300">
<kw name="Get Text" library="Selenium2Library">
<doc>Returns the text value of the element identified by ``locator``.</doc>
<arguments>
<arg>css=#saleTimer &gt; div:nth-child(1) &gt; div</arg>
</arguments>
<assign>
<var>${Content}</var>
</assign>
<msg timestamp="20210126 15:54:09.910" level="INFO">${Content} = WINTER SALE NOW $300 OFF + FREE PILLOW</msg>
<status status="PASS" starttime="20210126 15:54:09.868" endtime="20210126 15:54:09.910"></status>
</kw>
<kw name="Run Keyword If" library="BuiltIn">
<doc>Runs the given keyword with the given arguments, if ``condition`` is true.</doc>
<arguments>
<arg>"${Content}"!="${FOOTER}"</arg>
<arg>Fail</arg>
<arg>Wrong Seasonal Sale timer Content Actual content: ${Content} Expected: ${FOOTER}</arg>
</arguments>
<status status="PASS" starttime="20210126 15:54:09.910" endtime="20210126 15:54:09.912"></status>
</kw>
<kw name="Click Element" library="Selenium2Library">
<doc>Click the element identified by ``locator``.</doc>
<arguments>
<arg>css=#saleTimer &gt; span &gt; svg</arg>
</arguments>
<msg timestamp="20210126 15:54:09.913" level="INFO">Clicking element 'css=#saleTimer &gt; span &gt; svg'.</msg>
<status status="PASS" starttime="20210126 15:54:09.913" endtime="20210126 15:54:09.998"></status>
</kw>
<status status="PASS" starttime="20210126 15:54:09.868" endtime="20210126 15:54:09.998"></status>
</kw>
<status status="PASS" starttime="20210126 15:54:09.867" endtime="20210126 15:54:09.999" critical="yes"></status>
</test>
<test id="s1-t4" name="Navigation to Comparison Page">
<kw name="Click on &quot;Shop The Mattress&quot; on the Homepage" library="keywords300">
<kw name="Click Element" library="Selenium2Library">
<doc>Click the element identified by ``locator``.</doc>
<arguments>
<arg>css=body &gt; div.index-sections &gt; div.hero-area.is--mobile-reversed &gt; div.hero-area__box.hero-area__box--hero-image &gt; div &gt; div.b-hero__inner &gt; div.b-hero__content &gt; a</arg>
</arguments>
<msg timestamp="20210126 15:54:10.001" level="INFO">Clicking element 'css=body &gt; div.index-sections &gt; div.hero-area.is--mobile-reversed &gt; div.hero-area__box.hero-area__box--hero-image &gt; div &gt; div.b-hero__inner &gt; div.b-hero__content &gt; a'.</msg>
<status status="PASS" starttime="20210126 15:54:10.001" endtime="20210126 15:54:13.254"></status>
</kw>
<status status="PASS" starttime="20210126 15:54:10.001" endtime="20210126 15:54:13.254"></status>
</kw>
<kw name="Verify H1 on Comparison Page" library="keywords300">
<kw name="Sleep" library="BuiltIn">
<doc>Pauses the test executed for the given time.</doc>
<arguments>
<arg>5s</arg>
</arguments>
<msg timestamp="20210126 15:54:18.267" level="INFO">Slept 5 seconds</msg>
<status status="PASS" starttime="20210126 15:54:13.255" endtime="20210126 15:54:18.267"></status>
</kw>
<kw name="Get Text" library="Selenium2Library">
<doc>Returns the text value of the element identified by ``locator``.</doc>
<arguments>
<arg>css=body &gt; div.container.main.content &gt; div &gt; div.compare-page__headline &gt; h1</arg>
</arguments>
<assign>
<var>${Content}</var>
</assign>
<msg timestamp="20210126 15:54:18.311" level="INFO">${Content} = CHOOSE YOUR PUFFY MATTRESS</msg>
<status status="PASS" starttime="20210126 15:54:18.267" endtime="20210126 15:54:18.311"></status>
</kw>
<kw name="Run Keyword If" library="BuiltIn">
<doc>Runs the given keyword with the given arguments, if ``condition`` is true.</doc>
<arguments>
<arg>'${Content}'!='${TEXTCOMPAREPAGEH1}'</arg>
<arg>Fail</arg>
<arg>Checkout - Information tab (H1) not found Expected: ${TEXTCOMPAREPAGEH1} Actual: ${Content}</arg>
</arguments>
<status status="PASS" starttime="20210126 15:54:18.311" endtime="20210126 15:54:18.312"></status>
</kw>
<status status="PASS" starttime="20210126 15:54:13.255" endtime="20210126 15:54:18.312"></status>
</kw>
<kw name="Click &quot;Shop Now&quot; button for Puffy" library="keywords300">
<kw name="Click Element" library="Selenium2Library">
<doc>Click the element identified by ``locator``.</doc>
<arguments>
<arg>css=body &gt; div.container.main.content &gt; div &gt; div.compare-page__content &gt; div.compare-boxes.is--puffy-mattress-and-puffy-lux &gt; div:nth-child(2) &gt; div &gt; div.compare-boxes__action &gt; a</arg>
</arguments>
<msg timestamp="20210126 15:54:18.312" level="INFO">Clicking element 'css=body &gt; div.container.main.content &gt; div &gt; div.compare-page__content &gt; div.compare-boxes.is--puffy-mattress-and-puffy-lux &gt; div:nth-child(2) &gt; div &gt; div.compare-boxes__action &gt; a'.</msg>
<status status="PASS" starttime="20210126 15:54:18.312" endtime="20210126 15:54:22.476"></status>
</kw>
<status status="PASS" starttime="20210126 15:54:18.312" endtime="20210126 15:54:22.476"></status>
</kw>
<kw name="Verify H1 on Puffy PDP" library="keywords300">
<kw name="Wait Until Page Contains" library="Selenium2Library">
<doc>Waits until ``text`` appears on the current page.</doc>
<arguments>
<arg>${TEXTPUFFYMATTRESSH1}</arg>
</arguments>
<status status="PASS" starttime="20210126 15:54:22.476" endtime="20210126 15:54:22.535"></status>
</kw>
<kw name="Get Text" library="Selenium2Library">
<doc>Returns the text value of the element identified by ``locator``.</doc>
<arguments>
<arg>css=#shopify-section-product-puffy-template &gt; div.container.main.content.product-name--puffy-mattress &gt; div &gt; div &gt; div &gt; div &gt; div.seven.columns.medium-down--one-whole.alpha &gt; div &gt; div.product-head &gt; div.product-head__headline &gt; h1</arg>
</arguments>
<assign>
<var>${Content}</var>
</assign>
<kw name="Capture Page Screenshot" library="Selenium2Library">
<doc>Takes a screenshot of the current page and embeds it into a log file.</doc>
<msg timestamp="20210126 15:54:23.331" level="INFO" html="yes">&lt;/td&gt;&lt;/tr&gt;&lt;tr&gt;&lt;td colspan="3"&gt;&lt;a href="selenium-screenshot-22.png"&gt;&lt;img src="selenium-screenshot-22.png" width="800px"&gt;&lt;/a&gt;</msg>
<status status="PASS" starttime="20210126 15:54:22.582" endtime="20210126 15:54:23.331"></status>
</kw>
<msg timestamp="20210126 15:54:23.333" level="FAIL">Element with locator 'css=#shopify-section-product-puffy-template &gt; div.container.main.content.product-name--puffy-mattress &gt; div &gt; div &gt; div &gt; div &gt; div.seven.columns.medium-down--one-whole.alpha &gt; div &gt; div.product-head &gt; div.product-head__headline &gt; h1' not found.</msg>
<status status="FAIL" starttime="20210126 15:54:22.536" endtime="20210126 15:54:23.333"></status>
</kw>
<status status="FAIL" starttime="20210126 15:54:22.476" endtime="20210126 15:54:23.333"></status>
</kw>
<status status="FAIL" starttime="20210126 15:54:10.000" endtime="20210126 15:54:23.334" critical="yes">Element with locator 'css=#shopify-section-product-puffy-template &gt; div.container.main.content.product-name--puffy-mattress &gt; div &gt; div &gt; div &gt; div &gt; div.seven.columns.medium-down--one-whole.alpha &gt; div &gt; div.product-head &gt; div.product-head__headline &gt; h1' not found.</status>
</test>
<test id="s1-t5" name="Verify sale details on Puffy Mattress Homepage">
<kw name="Go to Homepage (Click on Puffy Logo)" library="keywords300">
<kw name="Sleep" library="BuiltIn">
<doc>Pauses the test executed for the given time.</doc>
<arguments>
<arg>2s</arg>
</arguments>
<msg timestamp="20210126 15:54:25.340" level="INFO">Slept 2 seconds</msg>
<status status="PASS" starttime="20210126 15:54:23.337" endtime="20210126 15:54:25.340"></status>
</kw>
<kw name="Wait Until Page Contains Element" library="Selenium2Library">
<doc>Waits until the element ``locator`` appears on the current page.</doc>
<arguments>
<arg>${LOCLOGO}</arg>
</arguments>
<status status="PASS" starttime="20210126 15:54:25.340" endtime="20210126 15:54:25.361"></status>
</kw>
<kw name="Click Element" library="Selenium2Library">
<doc>Click the element identified by ``locator``.</doc>
<arguments>
<arg>${LOCLOGO}</arg>
</arguments>
<msg timestamp="20210126 15:54:25.361" level="INFO">Clicking element 'css=body &gt; div.shopify-section.header-section &gt; div &gt; header.main_header.feature_image &gt; div &gt; div &gt; div &gt; div.logo &gt; a'.</msg>
<status status="PASS" starttime="20210126 15:54:25.361" endtime="20210126 15:54:28.493"></status>
</kw>
<kw name="Get Text" library="Selenium2Library">
<doc>Returns the text value of the element identified by ``locator``.</doc>
<arguments>
<arg>css=body &gt; div.index-sections &gt; div.hero-area.is--mobile-reversed &gt; div.hero-area__box.hero-area__box--hero-image &gt; div &gt; div.b-hero__inner &gt; div.b-hero__content &gt; h1</arg>
</arguments>
<assign>
<var>${Content}</var>
</assign>
<msg timestamp="20210126 15:54:28.577" level="INFO">${Content} = Puffy Mattress</msg>
<status status="PASS" starttime="20210126 15:54:28.494" endtime="20210126 15:54:28.577"></status>
</kw>
<kw name="Run Keyword If" library="BuiltIn">
<doc>Runs the given keyword with the given arguments, if ``condition`` is true.</doc>
<arguments>
<arg>'${Content}'!='${TEXTPUFFYMATTRESSH1}'</arg>
<arg>Fail</arg>
<arg>Homepage main title (H1) not found Expected: ${TEXTPUFFYMATTRESSH1} Actual: ${Content}</arg>
</arguments>
<status status="PASS" starttime="20210126 15:54:28.578" endtime="20210126 15:54:28.578"></status>
</kw>
<status status="PASS" starttime="20210126 15:54:23.336" endtime="20210126 15:54:28.578"></status>
</kw>
<kw name="Check Seasonal Sale text on Homepage" library="keywords300">
<kw name="Sleep" library="BuiltIn">
<doc>Pauses the test executed for the given time.</doc>
<arguments>
<arg>2s</arg>
</arguments>
<msg timestamp="20210126 15:54:30.593" level="INFO">Slept 2 seconds</msg>
<status status="PASS" starttime="20210126 15:54:28.579" endtime="20210126 15:54:30.593"></status>
</kw>
<kw name="Get Text" library="Selenium2Library">
<doc>Returns the text value of the element identified by ``locator``.</doc>
<arguments>
<arg>css=#Cyber_Monday_Sale_Now &gt; tspan</arg>
</arguments>
<assign>
<var>${Content}</var>
</assign>
<msg timestamp="20210126 15:54:30.625" level="INFO">${Content} = WINTER SALE NOW</msg>
<status status="PASS" starttime="20210126 15:54:30.593" endtime="20210126 15:54:30.625"></status>
</kw>
<kw name="Run Keyword If" library="BuiltIn">
<doc>Runs the given keyword with the given arguments, if ``condition`` is true.</doc>
<arguments>
<arg>"${Content}"!="${SALENAME}"</arg>
<arg>Fail</arg>
<arg>Wrong Seasonal Sale text on homepage Expected: ${SALENAME} Actual: ${Content}</arg>
</arguments>
<status status="PASS" starttime="20210126 15:54:30.625" endtime="20210126 15:54:30.626"></status>
</kw>
<status status="PASS" starttime="20210126 15:54:28.579" endtime="20210126 15:54:30.626"></status>
</kw>
<kw name="Check discount value and freebie on Homepage" library="keywords300">
<kw name="Get Text" library="Selenium2Library">
<doc>Returns the text value of the element identified by ``locator``.</doc>
<arguments>
<arg>css=#_300_OFF_Free_Pillow</arg>
</arguments>
<assign>
<var>${Content}</var>
</assign>
<msg timestamp="20210126 15:54:30.650" level="INFO">${Content} = $300 OFF + FREE PILLOW</msg>
<status status="PASS" starttime="20210126 15:54:30.627" endtime="20210126 15:54:30.650"></status>
</kw>
<kw name="Run Keyword If" library="BuiltIn">
<doc>Runs the given keyword with the given arguments, if ``condition`` is true.</doc>
<arguments>
<arg>"${Content}"!="${SALEDETAILS}"</arg>
<arg>Fail</arg>
<arg>Wrong discount value and freebie text on homepage Expected: ${SALEDETAILS} Actual: ${Content}</arg>
</arguments>
<status status="PASS" starttime="20210126 15:54:30.650" endtime="20210126 15:54:30.651"></status>
</kw>
<status status="PASS" starttime="20210126 15:54:30.626" endtime="20210126 15:54:30.651"></status>
</kw>
<status status="PASS" starttime="20210126 15:54:23.336" endtime="20210126 15:54:30.651" critical="yes"></status>
</test>
<test id="s1-t6" name="Verify sale details on Puffy Lux Mattress Homepage">
<kw name="Go to Puffy Lux Homepage" library="keywords300">
<kw name="Sleep" library="BuiltIn">
<doc>Pauses the test executed for the given time.</doc>
<arguments>
<arg>2s</arg>
</arguments>
<msg timestamp="20210126 15:54:32.655" level="INFO">Slept 2 seconds</msg>
<status status="PASS" starttime="20210126 15:54:30.653" endtime="20210126 15:54:32.655"></status>
</kw>
<kw name="Click Link" library="Selenium2Library">
<doc>Clicks a link identified by ``locator``.</doc>
<arguments>
<arg>link:Puffy Lux</arg>
</arguments>
<msg timestamp="20210126 15:54:32.656" level="INFO">Clicking link 'link:Puffy Lux'.</msg>
<status status="PASS" starttime="20210126 15:54:32.655" endtime="20210126 15:54:36.224"></status>
</kw>
<kw name="Get Text" library="Selenium2Library">
<doc>Returns the text value of the element identified by ``locator``.</doc>
<arguments>
<arg>css=body &gt; div.index-sections &gt; div.hero-area.is--mobile-reversed &gt; div.hero-area__box.hero-area__box--hero-image &gt; div &gt; div.b-hero__inner &gt; div.b-hero__content &gt; h1</arg>
</arguments>
<assign>
<var>${Content}</var>
</assign>
<msg timestamp="20210126 15:54:36.273" level="INFO">${Content} = Puffy Lux Mattress</msg>
<status status="PASS" starttime="20210126 15:54:36.224" endtime="20210126 15:54:36.273"></status>
</kw>
<kw name="Run Keyword If" library="BuiltIn">
<doc>Runs the given keyword with the given arguments, if ``condition`` is true.</doc>
<arguments>
<arg>'${Content}'!='${TEXTPUFFYLUXMATTRESSH1}'</arg>
<arg>Fail</arg>
<arg>Homepage main title (H1) not found Expected: ${TEXTPUFFYLUXMATTRESSH1} Actual: ${Content}</arg>
</arguments>
<status status="PASS" starttime="20210126 15:54:36.274" endtime="20210126 15:54:36.274"></status>
</kw>
<status status="PASS" starttime="20210126 15:54:30.653" endtime="20210126 15:54:36.274"></status>
</kw>
<kw name="Check Seasonal Sale text on Homepage" library="keywords300">
<kw name="Sleep" library="BuiltIn">
<doc>Pauses the test executed for the given time.</doc>
<arguments>
<arg>2s</arg>
</arguments>
<msg timestamp="20210126 15:54:38.286" level="INFO">Slept 2 seconds</msg>
<status status="PASS" starttime="20210126 15:54:36.275" endtime="20210126 15:54:38.286"></status>
</kw>
<kw name="Get Text" library="Selenium2Library">
<doc>Returns the text value of the element identified by ``locator``.</doc>
<arguments>
<arg>css=#Cyber_Monday_Sale_Now &gt; tspan</arg>
</arguments>
<assign>
<var>${Content}</var>
</assign>
<msg timestamp="20210126 15:54:38.313" level="INFO">${Content} = WINTER SALE NOW</msg>
<status status="PASS" starttime="20210126 15:54:38.286" endtime="20210126 15:54:38.313"></status>
</kw>
<kw name="Run Keyword If" library="BuiltIn">
<doc>Runs the given keyword with the given arguments, if ``condition`` is true.</doc>
<arguments>
<arg>"${Content}"!="${SALENAME}"</arg>
<arg>Fail</arg>
<arg>Wrong Seasonal Sale text on homepage Expected: ${SALENAME} Actual: ${Content}</arg>
</arguments>
<status status="PASS" starttime="20210126 15:54:38.313" endtime="20210126 15:54:38.313"></status>
</kw>
<status status="PASS" starttime="20210126 15:54:36.274" endtime="20210126 15:54:38.314"></status>
</kw>
<kw name="Check discount value and freebie on Homepage" library="keywords300">
<kw name="Get Text" library="Selenium2Library">
<doc>Returns the text value of the element identified by ``locator``.</doc>
<arguments>
<arg>css=#_300_OFF_Free_Pillow</arg>
</arguments>
<assign>
<var>${Content}</var>
</assign>
<msg timestamp="20210126 15:54:38.337" level="INFO">${Content} = $300 OFF + FREE PILLOW</msg>
<status status="PASS" starttime="20210126 15:54:38.314" endtime="20210126 15:54:38.337"></status>
</kw>
<kw name="Run Keyword If" library="BuiltIn">
<doc>Runs the given keyword with the given arguments, if ``condition`` is true.</doc>
<arguments>
<arg>"${Content}"!="${SALEDETAILS}"</arg>
<arg>Fail</arg>
<arg>Wrong discount value and freebie text on homepage Expected: ${SALEDETAILS} Actual: ${Content}</arg>
</arguments>
<status status="PASS" starttime="20210126 15:54:38.337" endtime="20210126 15:54:38.337"></status>
</kw>
<status status="PASS" starttime="20210126 15:54:38.314" endtime="20210126 15:54:38.337"></status>
</kw>
<status status="PASS" starttime="20210126 15:54:30.653" endtime="20210126 15:54:38.338" critical="yes"></status>
</test>
<test id="s1-t7" name="Verify sale details on Puffy Hybrid Mattress Homepage">
<kw name="Go to Puffy Hybrid Homepage" library="keywords300">
<kw name="Sleep" library="BuiltIn">
<doc>Pauses the test executed for the given time.</doc>
<arguments>
<arg>5s</arg>
</arguments>
<msg timestamp="20210126 15:54:43.342" level="INFO">Slept 5 seconds</msg>
<status status="PASS" starttime="20210126 15:54:38.340" endtime="20210126 15:54:43.342"></status>
</kw>
<kw name="Click Link" library="Selenium2Library">
<doc>Clicks a link identified by ``locator``.</doc>
<arguments>
<arg>link:Puffy Hybrid</arg>
</arguments>
<msg timestamp="20210126 15:54:43.342" level="INFO">Clicking link 'link:Puffy Hybrid'.</msg>
<status status="PASS" starttime="20210126 15:54:43.342" endtime="20210126 15:54:46.549"></status>
</kw>
<kw name="Get Text" library="Selenium2Library">
<doc>Returns the text value of the element identified by ``locator``.</doc>
<arguments>
<arg>css=body &gt; div.index-sections &gt; div.hero-area.is--mobile-reversed &gt; div.hero-area__box.hero-area__box--hero-image &gt; div &gt; div.b-hero__inner &gt; div.b-hero__content &gt; h1</arg>
</arguments>
<assign>
<var>${Content}</var>
</assign>
<msg timestamp="20210126 15:54:46.628" level="INFO">${Content} = Puffy Hybrid Mattress</msg>
<status status="PASS" starttime="20210126 15:54:46.549" endtime="20210126 15:54:46.628"></status>
</kw>
<kw name="Run Keyword If" library="BuiltIn">
<doc>Runs the given keyword with the given arguments, if ``condition`` is true.</doc>
<arguments>
<arg>'${Content}'!='${TEXTPUFFYHYBRIDMATTRESSH1}'</arg>
<arg>Fail</arg>
<arg>Homepage main title (H1) not found Expected: ${TEXTPUFFYHYBRIDMATTRESSH1} Actual: ${Content}</arg>
</arguments>
<status status="PASS" starttime="20210126 15:54:46.628" endtime="20210126 15:54:46.628"></status>
</kw>
<status status="PASS" starttime="20210126 15:54:38.339" endtime="20210126 15:54:46.628"></status>
</kw>
<kw name="Check Seasonal Sale text on Homepage" library="keywords300">
<kw name="Sleep" library="BuiltIn">
<doc>Pauses the test executed for the given time.</doc>
<arguments>
<arg>2s</arg>
</arguments>
<msg timestamp="20210126 15:54:48.629" level="INFO">Slept 2 seconds</msg>
<status status="PASS" starttime="20210126 15:54:46.629" endtime="20210126 15:54:48.629"></status>
</kw>
<kw name="Get Text" library="Selenium2Library">
<doc>Returns the text value of the element identified by ``locator``.</doc>
<arguments>
<arg>css=#Cyber_Monday_Sale_Now &gt; tspan</arg>
</arguments>
<assign>
<var>${Content}</var>
</assign>
<msg timestamp="20210126 15:54:48.655" level="INFO">${Content} = WINTER SALE NOW</msg>
<status status="PASS" starttime="20210126 15:54:48.629" endtime="20210126 15:54:48.655"></status>
</kw>
<kw name="Run Keyword If" library="BuiltIn">
<doc>Runs the given keyword with the given arguments, if ``condition`` is true.</doc>
<arguments>
<arg>"${Content}"!="${SALENAME}"</arg>
<arg>Fail</arg>
<arg>Wrong Seasonal Sale text on homepage Expected: ${SALENAME} Actual: ${Content}</arg>
</arguments>
<status status="PASS" starttime="20210126 15:54:48.656" endtime="20210126 15:54:48.656"></status>
</kw>
<status status="PASS" starttime="20210126 15:54:46.628" endtime="20210126 15:54:48.656"></status>
</kw>
<kw name="Check discount value and freebie on Homepage" library="keywords300">
<kw name="Get Text" library="Selenium2Library">
<doc>Returns the text value of the element identified by ``locator``.</doc>
<arguments>
<arg>css=#_300_OFF_Free_Pillow</arg>
</arguments>
<assign>
<var>${Content}</var>
</assign>
<msg timestamp="20210126 15:54:48.678" level="INFO">${Content} = $300 OFF + FREE PILLOW</msg>
<status status="PASS" starttime="20210126 15:54:48.657" endtime="20210126 15:54:48.678"></status>
</kw>
<kw name="Run Keyword If" library="BuiltIn">
<doc>Runs the given keyword with the given arguments, if ``condition`` is true.</doc>
<arguments>
<arg>"${Content}"!="${SALEDETAILS}"</arg>
<arg>Fail</arg>
<arg>Wrong discount value and freebie text on homepage Expected: ${SALEDETAILS} Actual: ${Content}</arg>
</arguments>
<status status="PASS" starttime="20210126 15:54:48.678" endtime="20210126 15:54:48.679"></status>
</kw>
<status status="PASS" starttime="20210126 15:54:48.656" endtime="20210126 15:54:48.679"></status>
</kw>
<status status="PASS" starttime="20210126 15:54:38.339" endtime="20210126 15:54:48.679" critical="yes"></status>
</test>
<test id="s1-t8" name="Verify sale details on Store Page">
<kw name="Go To Store Page (Click on footer Store link)" library="keywords300">
<kw name="Click Link" library="Selenium2Library">
<doc>Clicks a link identified by ``locator``.</doc>
<arguments>
<arg>link:STORE</arg>
</arguments>
<msg timestamp="20210126 15:54:48.682" level="INFO">Clicking link 'link:STORE'.</msg>
<status status="PASS" starttime="20210126 15:54:48.681" endtime="20210126 15:54:52.763"></status>
</kw>
<status status="PASS" starttime="20210126 15:54:48.681" endtime="20210126 15:54:52.763"></status>
</kw>
<kw name="Check Seasonal Sale text on badges" library="keywords300">
<kw name="Sleep" library="BuiltIn">
<doc>Pauses the test executed for the given time.</doc>
<arguments>
<arg>2s</arg>
</arguments>
<msg timestamp="20210126 15:54:54.765" level="INFO">Slept 2 seconds</msg>
<status status="PASS" starttime="20210126 15:54:52.764" endtime="20210126 15:54:54.765"></status>
</kw>
<kw name="Get Text" library="Selenium2Library">
<doc>Returns the text value of the element identified by ``locator``.</doc>
<arguments>
<arg>css=#Summer_SALE</arg>
</arguments>
<assign>
<var>${Content}</var>
</assign>
<msg timestamp="20210126 15:54:54.808" level="INFO">${Content} = WINTER SALE NOW</msg>
<status status="PASS" starttime="20210126 15:54:54.765" endtime="20210126 15:54:54.808"></status>
</kw>
<kw name="Run Keyword If" library="BuiltIn">
<doc>Runs the given keyword with the given arguments, if ``condition`` is true.</doc>
<arguments>
<arg>"${Content}"!="${SALENAME}"</arg>
<arg>Fail</arg>
<arg>Wrong Seasonal Sale text on badges Expected: ${Sale Name} Actual: ${Content}</arg>
</arguments>
<status status="PASS" starttime="20210126 15:54:54.808" endtime="20210126 15:54:54.808"></status>
</kw>
<status status="PASS" starttime="20210126 15:54:52.764" endtime="20210126 15:54:54.808"></status>
</kw>
<kw name="Check discount value and freebie on badges for mattresses" library="keywords300">
<kw name="Sleep" library="BuiltIn">
<doc>Pauses the test executed for the given time.</doc>
<arguments>
<arg>2s</arg>
</arguments>
<msg timestamp="20210126 15:54:56.816" level="INFO">Slept 2 seconds</msg>
<status status="PASS" starttime="20210126 15:54:54.809" endtime="20210126 15:54:56.816"></status>
</kw>
<kw name="Get Text" library="Selenium2Library">
<doc>Returns the text value of the element identified by ``locator``.</doc>
<arguments>
<arg>css=#_300_OFF_FREE_PILLOW</arg>
</arguments>
<assign>
<var>${Content}</var>
</assign>
<msg timestamp="20210126 15:54:56.843" level="INFO">${Content} = $300 OFF + FREE PILLOW</msg>
<status status="PASS" starttime="20210126 15:54:56.816" endtime="20210126 15:54:56.843"></status>
</kw>
<kw name="Run Keyword If" library="BuiltIn">
<doc>Runs the given keyword with the given arguments, if ``condition`` is true.</doc>
<arguments>
<arg>"${Content}"!="${SALEDETAILS}"</arg>
<arg>Fail</arg>
<arg>Wrong discount value and freebie text on badges for mattress Expected: ${SALEDETAILS} Actual: ${Content}</arg>
</arguments>
<status status="PASS" starttime="20210126 15:54:56.843" endtime="20210126 15:54:56.843"></status>
</kw>
<status status="PASS" starttime="20210126 15:54:54.809" endtime="20210126 15:54:56.843"></status>
</kw>
<kw name="Check discount value on badges for adjustable base" library="keywords300">
<kw name="Sleep" library="BuiltIn">
<doc>Pauses the test executed for the given time.</doc>
<arguments>
<arg>2s</arg>
</arguments>
<msg timestamp="20210126 15:54:58.852" level="INFO">Slept 2 seconds</msg>
<status status="PASS" starttime="20210126 15:54:56.844" endtime="20210126 15:54:58.852"></status>
</kw>
<kw name="Get Text" library="Selenium2Library">
<doc>Returns the text value of the element identified by ``locator``.</doc>
<arguments>
<arg>css=#_300_OFF</arg>
</arguments>
<assign>
<var>${Content}</var>
</assign>
<msg timestamp="20210126 15:54:58.876" level="INFO">${Content} = $300 OFF</msg>
<status status="PASS" starttime="20210126 15:54:58.852" endtime="20210126 15:54:58.876"></status>
</kw>
<kw name="Run Keyword If" library="BuiltIn">
<doc>Runs the given keyword with the given arguments, if ``condition`` is true.</doc>
<arguments>
<arg>'${Content}'!='${DISCOUNTAMOUNT}'</arg>
<arg>Fail</arg>
<arg>Wrong discount value text on badge for adjustable base Expected: ${DISCOUNTAMOUNT} Actual: ${Content}</arg>
</arguments>
<status status="PASS" starttime="20210126 15:54:58.876" endtime="20210126 15:54:58.876"></status>
</kw>
<status status="PASS" starttime="20210126 15:54:56.844" endtime="20210126 15:54:58.876"></status>
</kw>
<status status="PASS" starttime="20210126 15:54:48.681" endtime="20210126 15:54:58.877" critical="yes"></status>
</test>
<test id="s1-t9" name="Verify sale details on Gift Shop Page">
<kw name="Go to Gift Shop page (Click on footer Gift Shop link)" library="keywords300">
<kw name="Click Link" library="Selenium2Library">
<doc>Clicks a link identified by ``locator``.</doc>
<arguments>
<arg>link:Gift Shop</arg>
</arguments>
<msg timestamp="20210126 15:54:58.879" level="INFO">Clicking link 'link:Gift Shop'.</msg>
<status status="PASS" starttime="20210126 15:54:58.878" endtime="20210126 15:55:02.080"></status>
</kw>
<status status="PASS" starttime="20210126 15:54:58.878" endtime="20210126 15:55:02.080"></status>
</kw>
<kw name="Check Seasonal Sale text on badges" library="keywords300">
<kw name="Sleep" library="BuiltIn">
<doc>Pauses the test executed for the given time.</doc>
<arguments>
<arg>2s</arg>
</arguments>
<msg timestamp="20210126 15:55:04.086" level="INFO">Slept 2 seconds</msg>
<status status="PASS" starttime="20210126 15:55:02.081" endtime="20210126 15:55:04.086"></status>
</kw>
<kw name="Get Text" library="Selenium2Library">
<doc>Returns the text value of the element identified by ``locator``.</doc>
<arguments>
<arg>css=#Summer_SALE</arg>
</arguments>
<assign>
<var>${Content}</var>
</assign>
<msg timestamp="20210126 15:55:04.119" level="INFO">${Content} = WINTER SALE NOW</msg>
<status status="PASS" starttime="20210126 15:55:04.086" endtime="20210126 15:55:04.119"></status>
</kw>
<kw name="Run Keyword If" library="BuiltIn">
<doc>Runs the given keyword with the given arguments, if ``condition`` is true.</doc>
<arguments>
<arg>"${Content}"!="${SALENAME}"</arg>
<arg>Fail</arg>
<arg>Wrong Seasonal Sale text on badges Expected: ${Sale Name} Actual: ${Content}</arg>
</arguments>
<status status="PASS" starttime="20210126 15:55:04.119" endtime="20210126 15:55:04.120"></status>
</kw>
<status status="PASS" starttime="20210126 15:55:02.081" endtime="20210126 15:55:04.120"></status>
</kw>
<kw name="Check discount value and freebie on badges for mattresses" library="keywords300">
<kw name="Sleep" library="BuiltIn">
<doc>Pauses the test executed for the given time.</doc>
<arguments>
<arg>2s</arg>
</arguments>
<msg timestamp="20210126 15:55:06.130" level="INFO">Slept 2 seconds</msg>
<status status="PASS" starttime="20210126 15:55:04.122" endtime="20210126 15:55:06.130"></status>
</kw>
<kw name="Get Text" library="Selenium2Library">
<doc>Returns the text value of the element identified by ``locator``.</doc>
<arguments>
<arg>css=#_300_OFF_FREE_PILLOW</arg>
</arguments>
<assign>
<var>${Content}</var>
</assign>
<msg timestamp="20210126 15:55:06.156" level="INFO">${Content} = $300 OFF + FREE PILLOW</msg>
<status status="PASS" starttime="20210126 15:55:06.130" endtime="20210126 15:55:06.157"></status>
</kw>
<kw name="Run Keyword If" library="BuiltIn">
<doc>Runs the given keyword with the given arguments, if ``condition`` is true.</doc>
<arguments>
<arg>"${Content}"!="${SALEDETAILS}"</arg>
<arg>Fail</arg>
<arg>Wrong discount value and freebie text on badges for mattress Expected: ${SALEDETAILS} Actual: ${Content}</arg>
</arguments>
<status status="PASS" starttime="20210126 15:55:06.157" endtime="20210126 15:55:06.157"></status>
</kw>
<status status="PASS" starttime="20210126 15:55:04.121" endtime="20210126 15:55:06.157"></status>
</kw>
<kw name="Check discount value on badges for adjustable base" library="keywords300">
<kw name="Sleep" library="BuiltIn">
<doc>Pauses the test executed for the given time.</doc>
<arguments>
<arg>2s</arg>
</arguments>
<msg timestamp="20210126 15:55:08.159" level="INFO">Slept 2 seconds</msg>
<status status="PASS" starttime="20210126 15:55:06.158" endtime="20210126 15:55:08.159"></status>
</kw>
<kw name="Get Text" library="Selenium2Library">
<doc>Returns the text value of the element identified by ``locator``.</doc>
<arguments>
<arg>css=#_300_OFF</arg>
</arguments>
<assign>
<var>${Content}</var>
</assign>
<msg timestamp="20210126 15:55:08.182" level="INFO">${Content} = $300 OFF</msg>
<status status="PASS" starttime="20210126 15:55:08.159" endtime="20210126 15:55:08.182"></status>
</kw>
<kw name="Run Keyword If" library="BuiltIn">
<doc>Runs the given keyword with the given arguments, if ``condition`` is true.</doc>
<arguments>
<arg>'${Content}'!='${DISCOUNTAMOUNT}'</arg>
<arg>Fail</arg>
<arg>Wrong discount value text on badge for adjustable base Expected: ${DISCOUNTAMOUNT} Actual: ${Content}</arg>
</arguments>
<status status="PASS" starttime="20210126 15:55:08.182" endtime="20210126 15:55:08.183"></status>
</kw>
<status status="PASS" starttime="20210126 15:55:06.158" endtime="20210126 15:55:08.183"></status>
</kw>
<status status="PASS" starttime="20210126 15:54:58.878" endtime="20210126 15:55:08.186" critical="yes"></status>
</test>
<test id="s1-t10" name="Verify sale details, sizes, and prices on Puffy Mattress PDP then add to cart">
<kw name="Go to Puffy Mattress Product Page" library="keywords300">
<kw name="Mouse Over" library="Selenium2Library">
<doc>Simulates hovering the mouse over the element ``locator``.</doc>
<arguments>
<arg>${LOCMATTRESSES}</arg>
</arguments>
<msg timestamp="20210126 15:55:08.189" level="INFO">Simulating Mouse Over on element 'css=body &gt; div.shopify-section.header-section &gt; div &gt; header.main_header &gt; div &gt; div &gt; div &gt; div.nav &gt; ul &gt; li:nth-child(1) &gt; a'.</msg>
<status status="PASS" starttime="20210126 15:55:08.189" endtime="20210126 15:55:08.488"></status>
</kw>
<kw name="Sleep" library="BuiltIn">
<doc>Pauses the test executed for the given time.</doc>
<arguments>
<arg>2s</arg>
</arguments>
<msg timestamp="20210126 15:55:10.490" level="INFO">Slept 2 seconds</msg>
<status status="PASS" starttime="20210126 15:55:08.489" endtime="20210126 15:55:10.490"></status>
</kw>
<kw name="Click Element" library="Selenium2Library">
<doc>Click the element identified by ``locator``.</doc>
<arguments>
<arg>${LOCPUFFYMATTRESS}</arg>
</arguments>
<msg timestamp="20210126 15:55:10.491" level="INFO">Clicking element 'css=body &gt; div.shopify-section.header-section &gt; div &gt; header.main_header &gt; div &gt; div &gt; div &gt; div.dropdown_container.mega-menu.mega-menu-1 &gt; div &gt; div.dropdown_content &gt; div:nth-child(1) &gt; div.mega-menu__image-caption-link &gt; a &gt; div.image-element__wrap &gt; img'.</msg>
<status status="PASS" starttime="20210126 15:55:10.490" endtime="20210126 15:55:13.544"></status>
</kw>
<kw name="Wait Until Page Contains" library="Selenium2Library">
<doc>Waits until ``text`` appears on the current page.</doc>
<arguments>
<arg>12 REASONS TO CHOOSE</arg>
</arguments>
<status status="PASS" starttime="20210126 15:55:13.544" endtime="20210126 15:55:13.604"></status>
</kw>
<status status="PASS" starttime="20210126 15:55:08.188" endtime="20210126 15:55:13.604"></status>
</kw>
<kw name="Check Seasonal Sale text on badges" library="keywords300">
<kw name="Sleep" library="BuiltIn">
<doc>Pauses the test executed for the given time.</doc>
<arguments>
<arg>2s</arg>
</arguments>
<msg timestamp="20210126 15:55:15.612" level="INFO">Slept 2 seconds</msg>
<status status="PASS" starttime="20210126 15:55:13.605" endtime="20210126 15:55:15.612"></status>
</kw>
<kw name="Get Text" library="Selenium2Library">
<doc>Returns the text value of the element identified by ``locator``.</doc>
<arguments>
<arg>css=#Summer_SALE</arg>
</arguments>
<assign>
<var>${Content}</var>
</assign>
<msg timestamp="20210126 15:55:15.641" level="INFO">${Content} = WINTER SALE NOW</msg>
<status status="PASS" starttime="20210126 15:55:15.612" endtime="20210126 15:55:15.641"></status>
</kw>
<kw name="Run Keyword If" library="BuiltIn">
<doc>Runs the given keyword with the given arguments, if ``condition`` is true.</doc>
<arguments>
<arg>"${Content}"!="${SALENAME}"</arg>
<arg>Fail</arg>
<arg>Wrong Seasonal Sale text on badges Expected: ${Sale Name} Actual: ${Content}</arg>
</arguments>
<status status="PASS" starttime="20210126 15:55:15.641" endtime="20210126 15:55:15.641"></status>
</kw>
<status status="PASS" starttime="20210126 15:55:13.605" endtime="20210126 15:55:15.641"></status>
</kw>
<kw name="Check discount value and freebie on Mattress PDPs" library="keywords300">
<kw name="Get Text" library="Selenium2Library">
<doc>Returns the text value of the element identified by ``locator``.</doc>
<arguments>
<arg>css=#_300_Off_FREE_PILLOW</arg>
</arguments>
<assign>
<var>${Content}</var>
</assign>
<msg timestamp="20210126 15:55:15.667" level="INFO">${Content} = $300 OFF + FREE PILLOW</msg>
<status status="PASS" starttime="20210126 15:55:15.642" endtime="20210126 15:55:15.667"></status>
</kw>
<kw name="Run Keyword If" library="BuiltIn">
<doc>Runs the given keyword with the given arguments, if ``condition`` is true.</doc>
<arguments>
<arg>"${Content}"!="${SALEDETAILS}"</arg>
<arg>Fail</arg>
<arg>Wrong discount value and freebie text on mattress PDP Expected: ${SALEDETAILS} Actual: ${Content}</arg>
</arguments>
<status status="PASS" starttime="20210126 15:55:15.667" endtime="20210126 15:55:15.667"></status>
</kw>
<status status="PASS" starttime="20210126 15:55:15.641" endtime="20210126 15:55:15.667"></status>
</kw>
<kw name="Click size dropdown for Puffy Mattress" library="keywords300">
<kw name="Wait Until Page Contains Element" library="Selenium2Library">
<doc>Waits until the element ``locator`` appears on the current page.</doc>
<arguments>
<arg>css=#product_form_345108381730 &gt; div.product-variants-holder &gt; div &gt; div &gt; div</arg>
</arguments>
<status status="PASS" starttime="20210126 15:55:15.668" endtime="20210126 15:55:15.679"></status>
</kw>
<kw name="Click Element" library="Selenium2Library">
<doc>Click the element identified by ``locator``.</doc>
<arguments>
<arg>css=#product_form_345108381730 &gt; div.product-variants-holder &gt; div &gt; div &gt; div</arg>
</arguments>
<msg timestamp="20210126 15:55:15.679" level="INFO">Clicking element 'css=#product_form_345108381730 &gt; div.product-variants-holder &gt; div &gt; div &gt; div'.</msg>
<status status="PASS" starttime="20210126 15:55:15.679" endtime="20210126 15:55:15.746"></status>
</kw>
<status status="PASS" starttime="20210126 15:55:15.668" endtime="20210126 15:55:15.746"></status>
</kw>
<kw name="Check Puffy Mattress original prices (all sizes)" library="keywords300">
<kw name="Wait Until Element Is Visible" library="Selenium2Library">
<doc>Waits until the element ``locator`` is visible.</doc>
<arguments>
<arg>css=#product_form_345108381730 &gt; div.product-variants-holder &gt; div &gt; div &gt; ul &gt; li:nth-child(1) &gt; span &gt; del &gt; span.original-price</arg>
</arguments>
<status status="PASS" starttime="20210126 15:55:15.747" endtime="20210126 15:55:15.790"></status>
</kw>
<kw name="Get Text" library="Selenium2Library">
<doc>Returns the text value of the element identified by ``locator``.</doc>
<arguments>
<arg>css=#product_form_345108381730 &gt; div.product-variants-holder &gt; div &gt; div &gt; ul &gt; li:nth-child(1) &gt; span &gt; del &gt; span.original-price</arg>
</arguments>
<assign>
<var>${Content}</var>
</assign>
<msg timestamp="20210126 15:55:15.807" level="INFO">${Content} = $795</msg>
<status status="PASS" starttime="20210126 15:55:15.790" endtime="20210126 15:55:15.807"></status>
</kw>
<kw name="Run Keyword If" library="BuiltIn">
<doc>Runs the given keyword with the given arguments, if ``condition`` is true.</doc>
<arguments>
<arg>'${Content}'!='${PUFFYMATTRESSTWINORIGINAL}'</arg>
<arg>Fail</arg>
<arg>Wrong original price for Puffy Mattress Twin Expected: ${PUFFYMATTRESSTWINORIGINAL} Actual: ${Content}</arg>
</arguments>
<status status="PASS" starttime="20210126 15:55:15.807" endtime="20210126 15:55:15.807"></status>
</kw>
<kw name="Get Text" library="Selenium2Library">
<doc>Returns the text value of the element identified by ``locator``.</doc>
<arguments>
<arg>css=#product_form_345108381730 &gt; div.product-variants-holder &gt; div &gt; div &gt; ul &gt; li:nth-child(2) &gt; span &gt; del &gt; span.original-price</arg>
</arguments>
<assign>
<var>${Content}</var>
</assign>
<msg timestamp="20210126 15:55:15.832" level="INFO">${Content} = $825</msg>
<status status="PASS" starttime="20210126 15:55:15.807" endtime="20210126 15:55:15.832"></status>
</kw>
<kw name="Run Keyword If" library="BuiltIn">
<doc>Runs the given keyword with the given arguments, if ``condition`` is true.</doc>
<arguments>
<arg>'${Content}'!='${PUFFYMATTRESSTWINXLORIGINAL}'</arg>
<arg>Fail</arg>
<arg>Wrong original price for Puffy Mattress Twin XL Expected: ${PUFFYMATTRESSTWINXLORIGINAL} Actual: ${Content}</arg>
</arguments>
<status status="PASS" starttime="20210126 15:55:15.832" endtime="20210126 15:55:15.833"></status>
</kw>
<kw name="Get Text" library="Selenium2Library">
<doc>Returns the text value of the element identified by ``locator``.</doc>
<arguments>
<arg>css=#product_form_345108381730 &gt; div.product-variants-holder &gt; div &gt; div &gt; ul &gt; li:nth-child(3) &gt; span &gt; del &gt; span.original-price</arg>
</arguments>
<assign>
<var>${Content}</var>
</assign>
<msg timestamp="20210126 15:55:15.873" level="INFO">${Content} = $995</msg>
<status status="PASS" starttime="20210126 15:55:15.833" endtime="20210126 15:55:15.873"></status>
</kw>
<kw name="Run Keyword If" library="BuiltIn">
<doc>Runs the given keyword with the given arguments, if ``condition`` is true.</doc>
<arguments>
<arg>'${Content}'!='${PUFFYMATTRESSFULLORIGINAL}'</arg>
<arg>Fail</arg>
<arg>Wrong original price for Puffy Mattress Full Expected: ${PUFFYMATTRESSFULLORIGINAL} Actual: ${Content}</arg>
</arguments>
<status status="PASS" starttime="20210126 15:55:15.873" endtime="20210126 15:55:15.873"></status>
</kw>
<kw name="Get Text" library="Selenium2Library">
<doc>Returns the text value of the element identified by ``locator``.</doc>
<arguments>
<arg>css=#product_form_345108381730 &gt; div.product-variants-holder &gt; div &gt; div &gt; ul &gt; li:nth-child(4) &gt; span &gt; del &gt; span.original-price</arg>
</arguments>
<assign>
<var>${Content}</var>
</assign>
<msg timestamp="20210126 15:55:15.895" level="INFO">${Content} = $1,150</msg>
<status status="PASS" starttime="20210126 15:55:15.873" endtime="20210126 15:55:15.895"></status>
</kw>
<kw name="Run Keyword If" library="BuiltIn">
<doc>Runs the given keyword with the given arguments, if ``condition`` is true.</doc>
<arguments>
<arg>'${Content}'!='${PUFFYMATTRESSQUEENORIGINAL}'</arg>
<arg>Fail</arg>
<arg>Wrong original price for Puffy Mattress Queen Expected: ${PUFFYMATTRESSQUEENORIGINAL} Actual: ${Content}</arg>
</arguments>
<status status="PASS" starttime="20210126 15:55:15.896" endtime="20210126 15:55:15.896"></status>
</kw>
<kw name="Get Text" library="Selenium2Library">
<doc>Returns the text value of the element identified by ``locator``.</doc>
<arguments>
<arg>css=#product_form_345108381730 &gt; div.product-variants-holder &gt; div &gt; div &gt; ul &gt; li:nth-child(5) &gt; span &gt; del &gt; span.original-price</arg>
</arguments>
<assign>
<var>${Content}</var>
</assign>
<msg timestamp="20210126 15:55:15.923" level="INFO">${Content} = $1,350</msg>
<status status="PASS" starttime="20210126 15:55:15.896" endtime="20210126 15:55:15.923"></status>
</kw>
<kw name="Run Keyword If" library="BuiltIn">
<doc>Runs the given keyword with the given arguments, if ``condition`` is true.</doc>
<arguments>
<arg>'${Content}'!='${PUFFYMATTRESSKINGORIGINAL}'</arg>
<arg>Fail</arg>
<arg>Wrong original price for Puffy Mattress King Expected: ${PUFFYMATTRESSKINGORIGINAL} Actual: ${Content}</arg>
</arguments>
<status status="PASS" starttime="20210126 15:55:15.923" endtime="20210126 15:55:15.924"></status>
</kw>
<kw name="Get Text" library="Selenium2Library">
<doc>Returns the text value of the element identified by ``locator``.</doc>
<arguments>
<arg>css=#product_form_345108381730 &gt; div.product-variants-holder &gt; div &gt; div &gt; ul &gt; li:nth-child(6) &gt; span &gt; del &gt; span.original-price</arg>
</arguments>
<assign>
<var>${Content}</var>
</assign>
<msg timestamp="20210126 15:55:15.947" level="INFO">${Content} = $1,350</msg>
<status status="PASS" starttime="20210126 15:55:15.924" endtime="20210126 15:55:15.947"></status>
</kw>
<kw name="Run Keyword If" library="BuiltIn">
<doc>Runs the given keyword with the given arguments, if ``condition`` is true.</doc>
<arguments>
<arg>'${Content}'!='${PUFFYMATTRESSCALKINGORIGINAL}'</arg>
<arg>Fail</arg>
<arg>Wrong original price for Puffy Mattress Cal King Expected: ${PUFFYMATTRESSCALKINGORIGINAL} Actual: ${Content}</arg>
</arguments>
<status status="PASS" starttime="20210126 15:55:15.947" endtime="20210126 15:55:15.947"></status>
</kw>
<status status="PASS" starttime="20210126 15:55:15.746" endtime="20210126 15:55:15.948"></status>
</kw>
<kw name="Check Puffy Mattress 300OFF prices (all sizes)" library="keywords300">
<kw name="Wait Until Element Is Visible" library="Selenium2Library">
<doc>Waits until the element ``locator`` is visible.</doc>
<arguments>
<arg>css=#product_form_345108381730 &gt; div.product-variants-holder &gt; div &gt; div &gt; ul &gt; li:nth-child(1) &gt; span &gt; span &gt; span.original-price.jsDiscountedPrice</arg>
</arguments>
<status status="PASS" starttime="20210126 15:55:15.948" endtime="20210126 15:55:15.973"></status>
</kw>
<kw name="Get Text" library="Selenium2Library">
<doc>Returns the text value of the element identified by ``locator``.</doc>
<arguments>
<arg>css=#product_form_345108381730 &gt; div.product-variants-holder &gt; div &gt; div &gt; ul &gt; li:nth-child(1) &gt; span &gt; span &gt; span.original-price.jsDiscountedPrice</arg>
</arguments>
<assign>
<var>${Content}</var>
</assign>
<msg timestamp="20210126 15:55:15.992" level="INFO">${Content} = $495</msg>
<status status="PASS" starttime="20210126 15:55:15.973" endtime="20210126 15:55:15.992"></status>
</kw>
<kw name="Run Keyword If" library="BuiltIn">
<doc>Runs the given keyword with the given arguments, if ``condition`` is true.</doc>
<arguments>
<arg>'${Content}'!='${PUFFYMATTRESSTWIN300OFF}'</arg>
<arg>Fail</arg>
<arg>Wrong original price for Puffy Mattress Twin Expected: ${PUFFYMATTRESSTWIN300OFF} Actual: ${Content}</arg>
</arguments>
<status status="PASS" starttime="20210126 15:55:15.993" endtime="20210126 15:55:15.993"></status>
</kw>
<kw name="Get Text" library="Selenium2Library">
<doc>Returns the text value of the element identified by ``locator``.</doc>
<arguments>
<arg>css=#product_form_345108381730 &gt; div.product-variants-holder &gt; div &gt; div &gt; ul &gt; li:nth-child(2) &gt; span &gt; span &gt; span.original-price.jsDiscountedPrice</arg>
</arguments>
<assign>
<var>${Content}</var>
</assign>
<msg timestamp="20210126 15:55:16.013" level="INFO">${Content} = $525</msg>
<status status="PASS" starttime="20210126 15:55:15.993" endtime="20210126 15:55:16.014"></status>
</kw>
<kw name="Run Keyword If" library="BuiltIn">
<doc>Runs the given keyword with the given arguments, if ``condition`` is true.</doc>
<arguments>
<arg>'${Content}'!='${PUFFYMATTRESSTWINXL300OFF}'</arg>
<arg>Fail</arg>
<arg>Wrong original price for Puffy Mattress Twin XL Expected: ${PUFFYMATTRESSTWINXL300OFF} Actual: ${Content}</arg>
</arguments>
<status status="PASS" starttime="20210126 15:55:16.014" endtime="20210126 15:55:16.014"></status>
</kw>
<kw name="Get Text" library="Selenium2Library">
<doc>Returns the text value of the element identified by ``locator``.</doc>
<arguments>
<arg>css=#product_form_345108381730 &gt; div.product-variants-holder &gt; div &gt; div &gt; ul &gt; li:nth-child(3) &gt; span &gt; span &gt; span.original-price.jsDiscountedPrice</arg>
</arguments>
<assign>
<var>${Content}</var>
</assign>
<msg timestamp="20210126 15:55:16.035" level="INFO">${Content} = $695</msg>
<status status="PASS" starttime="20210126 15:55:16.014" endtime="20210126 15:55:16.036"></status>
</kw>
<kw name="Run Keyword If" library="BuiltIn">
<doc>Runs the given keyword with the given arguments, if ``condition`` is true.</doc>
<arguments>
<arg>'${Content}'!='${PUFFYMATTRESSFULL300OFF}'</arg>
<arg>Fail</arg>
<arg>Wrong original price for Puffy Mattress Full Expected: ${PUFFYMATTRESSFULL300OFF} Actual: ${Content}</arg>
</arguments>
<status status="PASS" starttime="20210126 15:55:16.036" endtime="20210126 15:55:16.036"></status>
</kw>
<kw name="Get Text" library="Selenium2Library">
<doc>Returns the text value of the element identified by ``locator``.</doc>
<arguments>
<arg>css=#product_form_345108381730 &gt; div.product-variants-holder &gt; div &gt; div &gt; ul &gt; li:nth-child(4) &gt; span &gt; span &gt; span.original-price.jsDiscountedPrice</arg>
</arguments>
<assign>
<var>${Content}</var>
</assign>
<msg timestamp="20210126 15:55:16.057" level="INFO">${Content} = $850</msg>
<status status="PASS" starttime="20210126 15:55:16.036" endtime="20210126 15:55:16.057"></status>
</kw>
<kw name="Run Keyword If" library="BuiltIn">
<doc>Runs the given keyword with the given arguments, if ``condition`` is true.</doc>
<arguments>
<arg>'${Content}'!='${PUFFYMATTRESSQUEEN300OFF}'</arg>
<arg>Fail</arg>
<arg>Wrong original price for Puffy Mattress Queen Expected: ${PUFFYMATTRESSQUEEN300OFF} Actual: ${Content}</arg>
</arguments>
<status status="PASS" starttime="20210126 15:55:16.057" endtime="20210126 15:55:16.057"></status>
</kw>
<kw name="Get Text" library="Selenium2Library">
<doc>Returns the text value of the element identified by ``locator``.</doc>
<arguments>
<arg>css=#product_form_345108381730 &gt; div.product-variants-holder &gt; div &gt; div &gt; ul &gt; li:nth-child(5) &gt; span &gt; span &gt; span.original-price.jsDiscountedPrice</arg>
</arguments>
<assign>
<var>${Content}</var>
</assign>
<msg timestamp="20210126 15:55:16.079" level="INFO">${Content} = $1,050</msg>
<status status="PASS" starttime="20210126 15:55:16.057" endtime="20210126 15:55:16.079"></status>
</kw>
<kw name="Run Keyword If" library="BuiltIn">
<doc>Runs the given keyword with the given arguments, if ``condition`` is true.</doc>
<arguments>
<arg>'${Content}'!='${PUFFYMATTRESSKING300OFF}'</arg>
<arg>Fail</arg>
<arg>Wrong original price for Puffy Mattress King Expected: ${PUFFYMATTRESSKING300OFF} Actual: ${Content}</arg>
</arguments>
<status status="PASS" starttime="20210126 15:55:16.079" endtime="20210126 15:55:16.080"></status>
</kw>
<kw name="Get Text" library="Selenium2Library">
<doc>Returns the text value of the element identified by ``locator``.</doc>
<arguments>
<arg>css=#product_form_345108381730 &gt; div.product-variants-holder &gt; div &gt; div &gt; ul &gt; li:nth-child(6) &gt; span &gt; span &gt; span.original-price.jsDiscountedPrice</arg>
</arguments>
<assign>
<var>${Content}</var>
</assign>
<msg timestamp="20210126 15:55:16.114" level="INFO">${Content} = $1,050</msg>
<status status="PASS" starttime="20210126 15:55:16.080" endtime="20210126 15:55:16.114"></status>
</kw>
<kw name="Run Keyword If" library="BuiltIn">
<doc>Runs the given keyword with the given arguments, if ``condition`` is true.</doc>
<arguments>
<arg>'${Content}'!='${PUFFYMATTRESSCALKING300OFF}'</arg>
<arg>Fail</arg>
<arg>Wrong original price for Puffy Mattress Cal King Expected: ${PUFFYMATTRESSCALKING300OFF} Actual: ${Content}</arg>
</arguments>
<status status="PASS" starttime="20210126 15:55:16.114" endtime="20210126 15:55:16.115"></status>
</kw>
<status status="PASS" starttime="20210126 15:55:15.948" endtime="20210126 15:55:16.115"></status>
</kw>
<kw name="Select Puffy Mattress Size (Queen)" library="keywords300">
<kw name="Click Element" library="Selenium2Library">
<doc>Click the element identified by ``locator``.</doc>
<arguments>
<arg>css=#product_form_345108381730 &gt; div.product-variants-holder &gt; div &gt; div &gt; ul &gt; li:nth-child(4)</arg>
</arguments>
<msg timestamp="20210126 15:55:16.116" level="INFO">Clicking element 'css=#product_form_345108381730 &gt; div.product-variants-holder &gt; div &gt; div &gt; ul &gt; li:nth-child(4)'.</msg>
<status status="PASS" starttime="20210126 15:55:16.115" endtime="20210126 15:55:16.187"></status>
</kw>
<status status="PASS" starttime="20210126 15:55:16.115" endtime="20210126 15:55:16.188"></status>
</kw>
<kw name="Check current cart count" library="keywords300">
<kw name="Get Text" library="Selenium2Library">
<doc>Returns the text value of the element identified by ``locator``.</doc>
<arguments>
<arg>xpath=/html/body/div[5]/div/header[2]/div/div/div/div[3]/div/a/span</arg>
</arguments>
<assign>
<var>${CartText}</var>
</assign>
<msg timestamp="20210126 15:55:16.214" level="INFO">${CartText} = 0</msg>
<status status="PASS" starttime="20210126 15:55:16.188" endtime="20210126 15:55:16.214"></status>
</kw>
<kw name="Set Test Variable" library="BuiltIn">
<doc>Makes a variable available everywhere within the scope of the current test.</doc>
<arguments>
<arg>${CartCount}</arg>
<arg>${CartText}</arg>
</arguments>
<msg timestamp="20210126 15:55:16.220" level="INFO">${CartCount} = 0</msg>
<status status="PASS" starttime="20210126 15:55:16.214" endtime="20210126 15:55:16.220"></status>
</kw>
<status status="PASS" starttime="20210126 15:55:16.188" endtime="20210126 15:55:16.220"></status>
</kw>
<kw name="Add Puffy Mattress to cart" library="keywords300">
<kw name="Click Element" library="Selenium2Library">
<doc>Click the element identified by ``locator``.</doc>
<arguments>
<arg>css=#product_form_345108381730 &gt; div.purchase-details &gt; div &gt; button</arg>
</arguments>
<msg timestamp="20210126 15:55:16.221" level="INFO">Clicking element 'css=#product_form_345108381730 &gt; div.purchase-details &gt; div &gt; button'.</msg>
<status status="PASS" starttime="20210126 15:55:16.221" endtime="20210126 15:55:16.281"></status>
</kw>
<kw name="Sleep" library="BuiltIn">
<doc>Pauses the test executed for the given time.</doc>
<arguments>
<arg>2s</arg>
</arguments>
<msg timestamp="20210126 15:55:18.291" level="INFO">Slept 2 seconds</msg>
<status status="PASS" starttime="20210126 15:55:16.281" endtime="20210126 15:55:18.291"></status>
</kw>
<kw name="Get Text" library="Selenium2Library">
<doc>Returns the text value of the element identified by ``locator``.</doc>
<arguments>
<arg>css=#cartHolder &gt; div &gt; div &gt; div.cart-checkout__content &gt; div.cart-checkout__action &gt; button</arg>
</arguments>
<assign>
<var>${Content}</var>
</assign>
<msg timestamp="20210126 15:55:18.317" level="INFO">${Content} = CHECKOUT</msg>
<status status="PASS" starttime="20210126 15:55:18.291" endtime="20210126 15:55:18.318"></status>
</kw>
<kw name="Run Keyword If" library="BuiltIn">
<doc>Runs the given keyword with the given arguments, if ``condition`` is true.</doc>
<arguments>
<arg>'${Content}'!='${TEXTCARTDRAWERNOTE}'</arg>
<arg>Fail</arg>
<arg>Cart Drawer was not displayed. Item was not added to cart. Expected: ${TEXTCARTDRAWERNOTE} Actual: ${Content}</arg>
</arguments>
<status status="PASS" starttime="20210126 15:55:18.318" endtime="20210126 15:55:18.318"></status>
</kw>
<status status="PASS" starttime="20210126 15:55:16.221" endtime="20210126 15:55:18.318"></status>
</kw>
<kw name="Close cart" library="keywords300">
<kw name="Sleep" library="BuiltIn">
<doc>Pauses the test executed for the given time.</doc>
<arguments>
<arg>1s</arg>
</arguments>
<msg timestamp="20210126 15:55:19.332" level="INFO">Slept 1 second</msg>
<status status="PASS" starttime="20210126 15:55:18.319" endtime="20210126 15:55:19.333"></status>
</kw>
<kw name="Click Element" library="Selenium2Library">
<doc>Click the element identified by ``locator``.</doc>
<arguments>
<arg>css=body &gt; div.cart_content.jsCartContent.cart-content-mob &gt; div.cart-close &gt; span.cart-close-btn.cart-close__icon</arg>
</arguments>
<msg timestamp="20210126 15:55:19.333" level="INFO">Clicking element 'css=body &gt; div.cart_content.jsCartContent.cart-content-mob &gt; div.cart-close &gt; span.cart-close-btn.cart-close__icon'.</msg>
<status status="PASS" starttime="20210126 15:55:19.333" endtime="20210126 15:55:19.414"></status>
</kw>
<kw name="Wait Until Page Contains Element" library="Selenium2Library">
<doc>Waits until the element ``locator`` appears on the current page.</doc>
<arguments>
<arg>${LOCLOGO}</arg>
</arguments>
<status status="PASS" starttime="20210126 15:55:19.414" endtime="20210126 15:55:19.429"></status>
</kw>
<status status="PASS" starttime="20210126 15:55:18.319" endtime="20210126 15:55:19.429"></status>
</kw>
<kw name="Check cart count after adding a mattress" library="keywords300">
<kw name="Evaluate" library="BuiltIn">
<doc>Evaluates the given expression in Python and returns the result.</doc>
<arguments>
<arg>${CartCount}</arg>
</arguments>
<assign>
<var>${BeforeShopping}</var>
</assign>
<msg timestamp="20210126 15:55:19.430" level="INFO">${BeforeShopping} = 0</msg>
<status status="PASS" starttime="20210126 15:55:19.429" endtime="20210126 15:55:19.430"></status>
</kw>
<kw name="Sleep" library="BuiltIn">
<doc>Pauses the test executed for the given time.</doc>
<arguments>
<arg>2s</arg>
</arguments>
<msg timestamp="20210126 15:55:21.442" level="INFO">Slept 2 seconds</msg>
<status status="PASS" starttime="20210126 15:55:19.430" endtime="20210126 15:55:21.442"></status>
</kw>
<kw name="Check current cart count" library="keywords300">
<kw name="Get Text" library="Selenium2Library">
<doc>Returns the text value of the element identified by ``locator``.</doc>
<arguments>
<arg>xpath=/html/body/div[5]/div/header[2]/div/div/div/div[3]/div/a/span</arg>
</arguments>
<assign>
<var>${CartText}</var>
</assign>
<msg timestamp="20210126 15:55:21.462" level="INFO">${CartText} = 2</msg>
<status status="PASS" starttime="20210126 15:55:21.442" endtime="20210126 15:55:21.462"></status>
</kw>
<kw name="Set Test Variable" library="BuiltIn">
<doc>Makes a variable available everywhere within the scope of the current test.</doc>
<arguments>
<arg>${CartCount}</arg>
<arg>${CartText}</arg>
</arguments>
<msg timestamp="20210126 15:55:21.463" level="INFO">${CartCount} = 2</msg>
<status status="PASS" starttime="20210126 15:55:21.462" endtime="20210126 15:55:21.463"></status>
</kw>
<status status="PASS" starttime="20210126 15:55:21.442" endtime="20210126 15:55:21.463"></status>
</kw>
<kw name="Evaluate" library="BuiltIn">
<doc>Evaluates the given expression in Python and returns the result.</doc>
<arguments>
<arg>${CartCount}-2</arg>
</arguments>
<assign>
<var>${AfterShopping}</var>
</assign>
<msg timestamp="20210126 15:55:21.463" level="INFO">${AfterShopping} = 0</msg>
<status status="PASS" starttime="20210126 15:55:21.463" endtime="20210126 15:55:21.463"></status>
</kw>
<kw name="Run Keyword If" library="BuiltIn">
<doc>Runs the given keyword with the given arguments, if ``condition`` is true.</doc>
<arguments>
<arg>${BeforeShopping}!=${AfterShopping}</arg>
<arg>Fail</arg>
<arg>Wrong cart count after adding a mattress</arg>
</arguments>
<status status="PASS" starttime="20210126 15:55:21.463" endtime="20210126 15:55:21.463"></status>
</kw>
<status status="PASS" starttime="20210126 15:55:19.429" endtime="20210126 15:55:21.464"></status>
</kw>
<status status="PASS" starttime="20210126 15:55:08.188" endtime="20210126 15:55:21.464" critical="yes"></status>
</test>
<test id="s1-t11" name="Verify sale details, sizes, and prices on Puffy Lux Mattress PDP then add to cart">
<kw name="Go to Puffy Lux Mattress Product Page" library="keywords300">
<kw name="Mouse Over" library="Selenium2Library">
<doc>Simulates hovering the mouse over the element ``locator``.</doc>
<arguments>
<arg>${LOCMATTRESSES}</arg>
</arguments>
<msg timestamp="20210126 15:55:21.467" level="INFO">Simulating Mouse Over on element 'css=body &gt; div.shopify-section.header-section &gt; div &gt; header.main_header &gt; div &gt; div &gt; div &gt; div.nav &gt; ul &gt; li:nth-child(1) &gt; a'.</msg>
<status status="PASS" starttime="20210126 15:55:21.466" endtime="20210126 15:55:21.755"></status>
</kw>
<kw name="Sleep" library="BuiltIn">
<doc>Pauses the test executed for the given time.</doc>
<arguments>
<arg>2s</arg>
</arguments>
<msg timestamp="20210126 15:55:23.762" level="INFO">Slept 2 seconds</msg>
<status status="PASS" starttime="20210126 15:55:21.755" endtime="20210126 15:55:23.762"></status>
</kw>
<kw name="Click Element" library="Selenium2Library">
<doc>Click the element identified by ``locator``.</doc>
<arguments>
<arg>${LOCPUFFYLUXMATTRESS}</arg>
</arguments>
<msg timestamp="20210126 15:55:23.762" level="INFO">Clicking element 'css=body &gt; div.shopify-section.header-section &gt; div &gt; header.main_header &gt; div &gt; div &gt; div &gt; div.dropdown_container.mega-menu.mega-menu-1 &gt; div &gt; div.dropdown_content &gt; div:nth-child(2) &gt; div.mega-menu__image-caption-link &gt; a &gt; div.image-element__wrap &gt; img'.</msg>
<status status="PASS" starttime="20210126 15:55:23.762" endtime="20210126 15:55:26.680"></status>
</kw>
<kw name="Wait Until Page Contains" library="Selenium2Library">
<doc>Waits until ``text`` appears on the current page.</doc>
<arguments>
<arg>12 REASONS TO CHOOSE</arg>
</arguments>
<status status="PASS" starttime="20210126 15:55:26.680" endtime="20210126 15:55:26.751"></status>
</kw>
<status status="PASS" starttime="20210126 15:55:21.466" endtime="20210126 15:55:26.751"></status>
</kw>
<kw name="Check Seasonal Sale text on badges" library="keywords300">
<kw name="Sleep" library="BuiltIn">
<doc>Pauses the test executed for the given time.</doc>
<arguments>
<arg>2s</arg>
</arguments>
<msg timestamp="20210126 15:55:28.764" level="INFO">Slept 2 seconds</msg>
<status status="PASS" starttime="20210126 15:55:26.752" endtime="20210126 15:55:28.764"></status>
</kw>
<kw name="Get Text" library="Selenium2Library">
<doc>Returns the text value of the element identified by ``locator``.</doc>
<arguments>
<arg>css=#Summer_SALE</arg>
</arguments>
<assign>
<var>${Content}</var>
</assign>
<msg timestamp="20210126 15:55:28.798" level="INFO">${Content} = WINTER SALE NOW</msg>
<status status="PASS" starttime="20210126 15:55:28.764" endtime="20210126 15:55:28.798"></status>
</kw>
<kw name="Run Keyword If" library="BuiltIn">
<doc>Runs the given keyword with the given arguments, if ``condition`` is true.</doc>
<arguments>
<arg>"${Content}"!="${SALENAME}"</arg>
<arg>Fail</arg>
<arg>Wrong Seasonal Sale text on badges Expected: ${Sale Name} Actual: ${Content}</arg>
</arguments>
<status status="PASS" starttime="20210126 15:55:28.798" endtime="20210126 15:55:28.798"></status>
</kw>
<status status="PASS" starttime="20210126 15:55:26.752" endtime="20210126 15:55:28.798"></status>
</kw>
<kw name="Check discount value and freebie on Mattress PDPs" library="keywords300">
<kw name="Get Text" library="Selenium2Library">
<doc>Returns the text value of the element identified by ``locator``.</doc>
<arguments>
<arg>css=#_300_Off_FREE_PILLOW</arg>
</arguments>
<assign>
<var>${Content}</var>
</assign>
<msg timestamp="20210126 15:55:28.821" level="INFO">${Content} = $300 OFF + FREE PILLOW</msg>
<status status="PASS" starttime="20210126 15:55:28.799" endtime="20210126 15:55:28.821"></status>
</kw>
<kw name="Run Keyword If" library="BuiltIn">
<doc>Runs the given keyword with the given arguments, if ``condition`` is true.</doc>
<arguments>
<arg>"${Content}"!="${SALEDETAILS}"</arg>
<arg>Fail</arg>
<arg>Wrong discount value and freebie text on mattress PDP Expected: ${SALEDETAILS} Actual: ${Content}</arg>
</arguments>
<status status="PASS" starttime="20210126 15:55:28.822" endtime="20210126 15:55:28.822"></status>
</kw>
<status status="PASS" starttime="20210126 15:55:28.799" endtime="20210126 15:55:28.822"></status>
</kw>
<kw name="Click size dropdown for Puffy Lux Mattress" library="keywords300">
<kw name="Wait Until Page Contains Element" library="Selenium2Library">
<doc>Waits until the element ``locator`` appears on the current page.</doc>
<arguments>
<arg>css=#product_form_549302042658 &gt; div.product-variants-holder &gt; div.selector-wrapper.withQueen.jsRealOptions.product-size &gt; div &gt; div</arg>
</arguments>
<status status="PASS" starttime="20210126 15:55:28.822" endtime="20210126 15:55:28.834"></status>
</kw>
<kw name="Click Element" library="Selenium2Library">
<doc>Click the element identified by ``locator``.</doc>
<arguments>
<arg>css=#product_form_549302042658 &gt; div.product-variants-holder &gt; div.selector-wrapper.withQueen.jsRealOptions.product-size &gt; div &gt; div</arg>
</arguments>
<msg timestamp="20210126 15:55:28.835" level="INFO">Clicking element 'css=#product_form_549302042658 &gt; div.product-variants-holder &gt; div.selector-wrapper.withQueen.jsRealOptions.product-size &gt; div &gt; div'.</msg>
<status status="PASS" starttime="20210126 15:55:28.834" endtime="20210126 15:55:28.909"></status>
</kw>
<status status="PASS" starttime="20210126 15:55:28.822" endtime="20210126 15:55:28.909"></status>
</kw>
<kw name="Check Puffy Lux original prices (all sizes)" library="keywords300">
<kw name="Wait Until Element Is Visible" library="Selenium2Library">
<doc>Waits until the element ``locator`` is visible.</doc>
<arguments>
<arg>css=#product_form_549302042658 &gt; div.product-variants-holder &gt; div.selector-wrapper.withQueen.jsRealOptions.product-size &gt; div &gt; ul &gt; li:nth-child(1) &gt; span &gt; del &gt; span.original-price</arg>
</arguments>
<status status="PASS" starttime="20210126 15:55:28.912" endtime="20210126 15:55:28.966"></status>
</kw>
<kw name="Get Text" library="Selenium2Library">
<doc>Returns the text value of the element identified by ``locator``.</doc>
<arguments>
<arg>css=#product_form_549302042658 &gt; div.product-variants-holder &gt; div.selector-wrapper.withQueen.jsRealOptions.product-size &gt; div &gt; ul &gt; li:nth-child(1) &gt; span &gt; del &gt; span.original-price</arg>
</arguments>
<assign>
<var>${Content}</var>
</assign>
<msg timestamp="20210126 15:55:28.994" level="INFO">${Content} = $1,445</msg>
<status status="PASS" starttime="20210126 15:55:28.967" endtime="20210126 15:55:28.994"></status>
</kw>
<kw name="Run Keyword If" library="BuiltIn">
<doc>Runs the given keyword with the given arguments, if ``condition`` is true.</doc>
<arguments>
<arg>'${Content}'!='${PUFFYLUXMATTRESSTWINORIGINAL}'</arg>
<arg>Fail</arg>
<arg>Wrong original price for Puffy Lux Mattress Twin Expected: ${PUFFYLUXMATTRESSTWINORIGINAL} Actual: ${Content}</arg>
</arguments>
<status status="PASS" starttime="20210126 15:55:28.994" endtime="20210126 15:55:28.995"></status>
</kw>
<kw name="Get Text" library="Selenium2Library">
<doc>Returns the text value of the element identified by ``locator``.</doc>
<arguments>
<arg>css=#product_form_549302042658 &gt; div.product-variants-holder &gt; div.selector-wrapper.withQueen.jsRealOptions.product-size &gt; div &gt; ul &gt; li:nth-child(2) &gt; span &gt; del &gt; span.original-price</arg>
</arguments>
<assign>
<var>${Content}</var>
</assign>
<msg timestamp="20210126 15:55:29.021" level="INFO">${Content} = $1,495</msg>
<status status="PASS" starttime="20210126 15:55:28.995" endtime="20210126 15:55:29.021"></status>
</kw>
<kw name="Run Keyword If" library="BuiltIn">
<doc>Runs the given keyword with the given arguments, if ``condition`` is true.</doc>
<arguments>
<arg>'${Content}'!='${PUFFYLUXMATTRESSTWINXLORIGINAL}'</arg>
<arg>Fail</arg>
<arg>Wrong original price for Puffy Lux Mattress Twin XL Expected: ${PUFFYLUXMATTRESSTWINXLORIGINAL} Actual: ${Content}</arg>
</arguments>
<status status="PASS" starttime="20210126 15:55:29.021" endtime="20210126 15:55:29.022"></status>
</kw>
<kw name="Get Text" library="Selenium2Library">
<doc>Returns the text value of the element identified by ``locator``.</doc>
<arguments>
<arg>css=#product_form_549302042658 &gt; div.product-variants-holder &gt; div.selector-wrapper.withQueen.jsRealOptions.product-size &gt; div &gt; ul &gt; li:nth-child(3) &gt; span &gt; del &gt; span.original-price</arg>
</arguments>
<assign>
<var>${Content}</var>
</assign>
<msg timestamp="20210126 15:55:29.050" level="INFO">${Content} = $1,595</msg>
<status status="PASS" starttime="20210126 15:55:29.022" endtime="20210126 15:55:29.050"></status>
</kw>
<kw name="Run Keyword If" library="BuiltIn">
<doc>Runs the given keyword with the given arguments, if ``condition`` is true.</doc>
<arguments>
<arg>'${Content}'!='${PUFFYLUXMATTRESSFULLORIGINAL}'</arg>
<arg>Fail</arg>
<arg>Wrong original price for Puffy Lux Mattress Full Expected: ${PUFFYLUXMATTRESSFULLORIGINAL} Actual: ${Content}</arg>
</arguments>
<status status="PASS" starttime="20210126 15:55:29.050" endtime="20210126 15:55:29.051"></status>
</kw>
<kw name="Get Text" library="Selenium2Library">
<doc>Returns the text value of the element identified by ``locator``.</doc>
<arguments>
<arg>css=#product_form_549302042658 &gt; div.product-variants-holder &gt; div.selector-wrapper.withQueen.jsRealOptions.product-size &gt; div &gt; ul &gt; li:nth-child(4) &gt; span &gt; del &gt; span.original-price</arg>
</arguments>
<assign>
<var>${Content}</var>
</assign>
<msg timestamp="20210126 15:55:29.078" level="INFO">${Content} = $1,795</msg>
<status status="PASS" starttime="20210126 15:55:29.051" endtime="20210126 15:55:29.078"></status>
</kw>
<kw name="Run Keyword If" library="BuiltIn">
<doc>Runs the given keyword with the given arguments, if ``condition`` is true.</doc>
<arguments>
<arg>'${Content}'!='${PUFFYLUXMATTRESSQUEENORIGINAL}'</arg>
<arg>Fail</arg>
<arg>Wrong original price for Puffy Lux Mattress Queen Expected: ${PUFFYLUXMATTRESSQUEENORIGINAL} Actual: ${Content}</arg>
</arguments>
<status status="PASS" starttime="20210126 15:55:29.078" endtime="20210126 15:55:29.078"></status>
</kw>
<kw name="Get Text" library="Selenium2Library">
<doc>Returns the text value of the element identified by ``locator``.</doc>
<arguments>
<arg>css=#product_form_549302042658 &gt; div.product-variants-holder &gt; div.selector-wrapper.withQueen.jsRealOptions.product-size &gt; div &gt; ul &gt; li:nth-child(5) &gt; span &gt; del &gt; span.original-price</arg>
</arguments>
<assign>
<var>${Content}</var>
</assign>
<msg timestamp="20210126 15:55:29.107" level="INFO">${Content} = $1,995</msg>
<status status="PASS" starttime="20210126 15:55:29.078" endtime="20210126 15:55:29.108"></status>
</kw>
<kw name="Run Keyword If" library="BuiltIn">
<doc>Runs the given keyword with the given arguments, if ``condition`` is true.</doc>
<arguments>
<arg>'${Content}'!='${PUFFYLUXMATTRESSKINGORIGINAL}'</arg>
<arg>Fail</arg>
<arg>Wrong original price for Puffy Lux Mattress King Expected: ${PUFFYLUXMATTRESSKINGORIGINAL} Actual: ${Content}</arg>
</arguments>
<status status="PASS" starttime="20210126 15:55:29.108" endtime="20210126 15:55:29.108"></status>
</kw>
<kw name="Get Text" library="Selenium2Library">
<doc>Returns the text value of the element identified by ``locator``.</doc>
<arguments>
<arg>css=#product_form_549302042658 &gt; div.product-variants-holder &gt; div.selector-wrapper.withQueen.jsRealOptions.product-size &gt; div &gt; ul &gt; li:nth-child(6) &gt; span &gt; del &gt; span.original-price</arg>
</arguments>
<assign>
<var>${Content}</var>
</assign>
<msg timestamp="20210126 15:55:29.133" level="INFO">${Content} = $1,995</msg>
<status status="PASS" starttime="20210126 15:55:29.108" endtime="20210126 15:55:29.133"></status>
</kw>
<kw name="Run Keyword If" library="BuiltIn">
<doc>Runs the given keyword with the given arguments, if ``condition`` is true.</doc>
<arguments>
<arg>'${Content}'!='${PUFFYLUXMATTRESSCALKINGORIGINAL}'</arg>
<arg>Fail</arg>
<arg>Wrong original price for Puffy Lux Mattress Cal King Expected: ${PUFFYLUXMATTRESSCALKINGORIGINAL} Actual: ${Content}</arg>
</arguments>
<status status="PASS" starttime="20210126 15:55:29.133" endtime="20210126 15:55:29.134"></status>
</kw>
<status status="PASS" starttime="20210126 15:55:28.911" endtime="20210126 15:55:29.134"></status>
</kw>
<kw name="Check Puffy Lux 300OFF prices (all sizes)" library="keywords300">
<kw name="Wait Until Element Is Visible" library="Selenium2Library">
<doc>Waits until the element ``locator`` is visible.</doc>
<arguments>
<arg>css=#product_form_549302042658 &gt; div.product-variants-holder &gt; div.selector-wrapper.withQueen.jsRealOptions.product-size &gt; div &gt; ul &gt; li:nth-child(1) &gt; span &gt; span &gt; span.original-price.jsDiscountedPrice</arg>
</arguments>
<status status="PASS" starttime="20210126 15:55:29.134" endtime="20210126 15:55:29.155"></status>
</kw>
<kw name="Get Text" library="Selenium2Library">
<doc>Returns the text value of the element identified by ``locator``.</doc>
<arguments>
<arg>css=#product_form_549302042658 &gt; div.product-variants-holder &gt; div.selector-wrapper.withQueen.jsRealOptions.product-size &gt; div &gt; ul &gt; li:nth-child(1) &gt; span &gt; span &gt; span.original-price.jsDiscountedPrice</arg>
</arguments>
<assign>
<var>${Content}</var>
</assign>
<msg timestamp="20210126 15:55:29.174" level="INFO">${Content} = $1,145</msg>
<status status="PASS" starttime="20210126 15:55:29.155" endtime="20210126 15:55:29.174"></status>
</kw>
<kw name="Run Keyword If" library="BuiltIn">
<doc>Runs the given keyword with the given arguments, if ``condition`` is true.</doc>
<arguments>
<arg>'${Content}'!='${PUFFYLUXMATTRESSTWIN300OFF}'</arg>
<arg>Fail</arg>
<arg>Wrong 300 OFF price for Puffy Lux Mattress Twin Expected: ${PUFFYLUXMATTRESSTWIN300OFF} Actual: ${Content}</arg>
</arguments>
<status status="PASS" starttime="20210126 15:55:29.174" endtime="20210126 15:55:29.174"></status>
</kw>
<kw name="Get Text" library="Selenium2Library">
<doc>Returns the text value of the element identified by ``locator``.</doc>
<arguments>
<arg>css=#product_form_549302042658 &gt; div.product-variants-holder &gt; div.selector-wrapper.withQueen.jsRealOptions.product-size &gt; div &gt; ul &gt; li:nth-child(2) &gt; span &gt; span &gt; span.original-price.jsDiscountedPrice</arg>
</arguments>
<assign>
<var>${Content}</var>
</assign>
<msg timestamp="20210126 15:55:29.196" level="INFO">${Content} = $1,195</msg>
<status status="PASS" starttime="20210126 15:55:29.174" endtime="20210126 15:55:29.196"></status>
</kw>
<kw name="Run Keyword If" library="BuiltIn">
<doc>Runs the given keyword with the given arguments, if ``condition`` is true.</doc>
<arguments>
<arg>'${Content}'!='${PUFFYLUXMATTRESSTWINXL300OFF}'</arg>
<arg>Fail</arg>
<arg>Wrong 300 OFF price for Puffy Lux Mattress Twin XL Expected: ${PUFFYLUXMATTRESSTWINXL300OFF} Actual: ${Content}</arg>
</arguments>
<status status="PASS" starttime="20210126 15:55:29.196" endtime="20210126 15:55:29.197"></status>
</kw>
<kw name="Get Text" library="Selenium2Library">
<doc>Returns the text value of the element identified by ``locator``.</doc>
<arguments>
<arg>css=#product_form_549302042658 &gt; div.product-variants-holder &gt; div.selector-wrapper.withQueen.jsRealOptions.product-size &gt; div &gt; ul &gt; li:nth-child(3) &gt; span &gt; span &gt; span.original-price.jsDiscountedPrice</arg>
</arguments>
<assign>
<var>${Content}</var>
</assign>
<msg timestamp="20210126 15:55:29.221" level="INFO">${Content} = $1,295</msg>
<status status="PASS" starttime="20210126 15:55:29.197" endtime="20210126 15:55:29.222"></status>
</kw>
<kw name="Run Keyword If" library="BuiltIn">
<doc>Runs the given keyword with the given arguments, if ``condition`` is true.</doc>
<arguments>
<arg>'${Content}'!='${PUFFYLUXMATTRESSFULL300OFF}'</arg>
<arg>Fail</arg>
<arg>Wrong 300 OFF price for Puffy Lux Mattress Full Expected: ${PUFFYLUXMATTRESSFULL300OFF} Actual: ${Content}</arg>
</arguments>
<status status="PASS" starttime="20210126 15:55:29.222" endtime="20210126 15:55:29.222"></status>
</kw>
<kw name="Get Text" library="Selenium2Library">
<doc>Returns the text value of the element identified by ``locator``.</doc>
<arguments>
[...]
<msg timestamp="20210126 15:57:08.086" level="INFO">Sending keys New</msg>
<msg timestamp="20210126 15:57:08.086" level="INFO">Sending keys York</msg>
<status status="PASS" starttime="20210126 15:57:07.701" endtime="20210126 15:57:08.117"></status>
</kw>
<kw name="Press Keys" library="Selenium2Library">
<doc>Simulates the user pressing key(s) to an element or on the active browser.</doc>
<arguments>
<arg>button</arg>
<arg>RETURN</arg>
</arguments>
<msg timestamp="20210126 15:57:08.117" level="INFO">Sending key(s) ('RETURN',) to button element.</msg>
<msg timestamp="20210126 15:57:12.673" level="INFO">Pressing special key RETURN to element.</msg>
<msg timestamp="20210126 15:57:12.673" level="INFO">Releasing special key RETURN.</msg>
<status status="PASS" starttime="20210126 15:57:08.117" endtime="20210126 15:57:12.683"></status>
</kw>
<kw name="Wait Until Page Contains Element" library="Selenium2Library">
<doc>Waits until the element ``locator`` appears on the current page.</doc>
<arguments>
<arg>xpath=//*[@id="checkout_shipping_address_city"]</arg>
</arguments>
<status status="PASS" starttime="20210126 15:57:12.684" endtime="20210126 15:57:12.696"></status>
</kw>
<kw name="Input Text" library="Selenium2Library">
<doc>Types the given ``text`` into the text field identified by ``locator``.</doc>
<arguments>
<arg>xpath=//*[@id="checkout_shipping_address_city"]</arg>
<arg>${CITY}</arg>
</arguments>
<msg timestamp="20210126 15:57:12.696" level="INFO">Typing text 'New York' into text field 'xpath=//*[@id="checkout_shipping_address_city"]'.</msg>
<status status="PASS" starttime="20210126 15:57:12.696" endtime="20210126 15:57:12.784"></status>
</kw>
<kw name="Input Text" library="Selenium2Library">
<doc>Types the given ``text`` into the text field identified by ``locator``.</doc>
<arguments>
<arg>xpath=//*[@id="checkout_shipping_address_zip"]</arg>
<arg>${ZIPCODE}</arg>
</arguments>
<msg timestamp="20210126 15:57:12.785" level="INFO">Typing text '03101' into text field 'xpath=//*[@id="checkout_shipping_address_zip"]'.</msg>
<status status="PASS" starttime="20210126 15:57:12.784" endtime="20210126 15:57:12.886"></status>
</kw>
<kw name="Input Text" library="Selenium2Library">
<doc>Types the given ``text`` into the text field identified by ``locator``.</doc>
<arguments>
<arg>xpath=//*[@id="checkout_shipping_address_phone"]</arg>
<arg>${PHONE}</arg>
</arguments>
<msg timestamp="20210126 15:57:12.887" level="INFO">Typing text '(888) 555-3222' into text field 'xpath=//*[@id="checkout_shipping_address_phone"]'.</msg>
<status status="PASS" starttime="20210126 15:57:12.886" endtime="20210126 15:57:13.032"></status>
</kw>
<status status="PASS" starttime="20210126 15:57:06.969" endtime="20210126 15:57:13.033"></status>
</kw>
<kw name="Continue to Shipping tab" library="keywords300">
<kw name="Press Keys" library="Selenium2Library">
<doc>Simulates the user pressing key(s) to an element or on the active browser.</doc>
<arguments>
<arg>button</arg>
<arg>RETURN</arg>
</arguments>
<msg timestamp="20210126 15:57:13.034" level="INFO">Sending key(s) ('RETURN',) to button element.</msg>
<msg timestamp="20210126 15:57:18.082" level="INFO">Pressing special key RETURN to element.</msg>
<msg timestamp="20210126 15:57:18.082" level="INFO">Releasing special key RETURN.</msg>
<status status="PASS" starttime="20210126 15:57:13.033" endtime="20210126 15:57:18.090"></status>
</kw>
<kw name="Wait Until Page Contains" library="Selenium2Library">
<doc>Waits until ``text`` appears on the current page.</doc>
<arguments>
<arg>automation@puffy.com</arg>
</arguments>
<status status="PASS" starttime="20210126 15:57:18.090" endtime="20210126 15:57:18.100"></status>
</kw>
<kw name="Wait Until Page Contains" library="Selenium2Library">
<doc>Waits until ``text`` appears on the current page.</doc>
<arguments>
<arg>123, New York NH 03101, United States</arg>
</arguments>
<status status="PASS" starttime="20210126 15:57:18.100" endtime="20210126 15:57:18.114"></status>
</kw>
<kw name="Sleep" library="BuiltIn">
<doc>Pauses the test executed for the given time.</doc>
<arguments>
<arg>10s</arg>
</arguments>
<msg timestamp="20210126 15:57:28.119" level="INFO">Slept 10 seconds</msg>
<status status="PASS" starttime="20210126 15:57:18.114" endtime="20210126 15:57:28.119"></status>
</kw>
<kw name="Wait Until Page Contains Element" library="Selenium2Library">
<doc>Waits until the element ``locator`` appears on the current page.</doc>
<arguments>
<arg>css=body &gt; div.main_wrapper &gt; div &gt; div.wrap &gt; div.main &gt; div.main__content &gt; div.step &gt; form &gt; div.step__sections &gt; div.section.section--shipping-method &gt; div.section__content &gt; div &gt; div &gt; div &gt; label &gt; span.radio__label__primary</arg>
</arguments>
<status status="PASS" starttime="20210126 15:57:28.119" endtime="20210126 15:57:28.131"></status>
</kw>
<kw name="Get Text" library="Selenium2Library">
<doc>Returns the text value of the element identified by ``locator``.</doc>
<arguments>
<arg>css=#main-header</arg>
</arguments>
<assign>
<var>${Content}</var>
</assign>
<msg timestamp="20210126 15:57:28.156" level="INFO">${Content} = Shipping method</msg>
<status status="PASS" starttime="20210126 15:57:28.131" endtime="20210126 15:57:28.156"></status>
</kw>
<kw name="Run Keyword If" library="BuiltIn">
<doc>Runs the given keyword with the given arguments, if ``condition`` is true.</doc>
<arguments>
<arg>'${Content}'!='${TEXTCHECKOUTSHIPPINGH1}'</arg>
<arg>Fail</arg>
<arg>Checkout - Information tab (H1) not found Expected: ${TEXTCHECKOUTSHIPPINGH1} Actual: ${Content}</arg>
</arguments>
<status status="PASS" starttime="20210126 15:57:28.156" endtime="20210126 15:57:28.156"></status>
</kw>
<status status="PASS" starttime="20210126 15:57:13.033" endtime="20210126 15:57:28.156"></status>
</kw>
<kw name="Continue to Payment tab" library="keywords300">
<kw name="Click Element" library="Selenium2Library">
<doc>Click the element identified by ``locator``.</doc>
<arguments>
<arg>xpath=//*[@id="continue_button"]</arg>
</arguments>
<msg timestamp="20210126 15:57:28.157" level="INFO">Clicking element 'xpath=//*[@id="continue_button"]'.</msg>
<status status="PASS" starttime="20210126 15:57:28.157" endtime="20210126 15:57:37.990"></status>
</kw>
<kw name="Wait Until Page Contains" library="Selenium2Library">
<doc>Waits until ``text`` appears on the current page.</doc>
<arguments>
<arg>All transactions are secure and encrypted.</arg>
</arguments>
<status status="PASS" starttime="20210126 15:57:37.990" endtime="20210126 15:57:38.273"></status>
</kw>
<kw name="Get Text" library="Selenium2Library">
<doc>Returns the text value of the element identified by ``locator``.</doc>
<arguments>
<arg>css=#main-header</arg>
</arguments>
<assign>
<var>${Content}</var>
</assign>
<msg timestamp="20210126 15:57:38.302" level="INFO">${Content} = Payment</msg>
<status status="PASS" starttime="20210126 15:57:38.273" endtime="20210126 15:57:38.302"></status>
</kw>
<kw name="Run Keyword If" library="BuiltIn">
<doc>Runs the given keyword with the given arguments, if ``condition`` is true.</doc>
<arguments>
<arg>'${Content}'!='${TEXTCHECKOUTPAYMENTH1}'</arg>
<arg>Fail</arg>
<arg>Checkout - Information tab (H1) not found Expected: ${TEXTCHECKOUTPAYMENTH1} Actual: ${Content}</arg>
</arguments>
<status status="PASS" starttime="20210126 15:57:38.303" endtime="20210126 15:57:38.303"></status>
</kw>
<status status="PASS" starttime="20210126 15:57:28.157" endtime="20210126 15:57:38.303"></status>
</kw>
<status status="PASS" starttime="20210126 15:57:06.968" endtime="20210126 15:57:38.303" critical="yes"></status>
</test>
<test id="s1-t21" name="Verify if Paypal is opening">
<kw name="Select and proceed with Paypal" library="keywords300">
<kw name="Wait Until Page Contains Element" library="Selenium2Library">
<doc>Waits until the element ``locator`` appears on the current page.</doc>
<arguments>
<arg>css=#checkout_payment_gateway_22050897954</arg>
</arguments>
<status status="PASS" starttime="20210126 15:57:38.306" endtime="20210126 15:57:38.358"></status>
</kw>
<kw name="Click Element" library="Selenium2Library">
<doc>Click the element identified by ``locator``.</doc>
<arguments>
<arg>css=#checkout_payment_gateway_22050897954</arg>
</arguments>
<msg timestamp="20210126 15:57:38.358" level="INFO">Clicking element 'css=#checkout_payment_gateway_22050897954'.</msg>
<status status="PASS" starttime="20210126 15:57:38.358" endtime="20210126 15:57:38.514"></status>
</kw>
<kw name="Sleep" library="BuiltIn">
<doc>Pauses the test executed for the given time.</doc>
<arguments>
<arg>2s</arg>
</arguments>
<msg timestamp="20210126 15:57:40.524" level="INFO">Slept 2 seconds</msg>
<status status="PASS" starttime="20210126 15:57:38.514" endtime="20210126 15:57:40.524"></status>
</kw>
<kw name="Click Element" library="Selenium2Library">
<doc>Click the element identified by ``locator``.</doc>
<arguments>
<arg>css=#checkout_different_billing_address_false</arg>
</arguments>
<msg timestamp="20210126 15:57:40.524" level="INFO">Clicking element 'css=#checkout_different_billing_address_false'.</msg>
<status status="PASS" starttime="20210126 15:57:40.524" endtime="20210126 15:57:40.592"></status>
</kw>
<kw name="Sleep" library="BuiltIn">
<doc>Pauses the test executed for the given time.</doc>
<arguments>
<arg>2s</arg>
</arguments>
<msg timestamp="20210126 15:57:42.602" level="INFO">Slept 2 seconds</msg>
<status status="PASS" starttime="20210126 15:57:40.593" endtime="20210126 15:57:42.602"></status>
</kw>
<kw name="Click Element" library="Selenium2Library">
<doc>Click the element identified by ``locator``.</doc>
<arguments>
<arg>xpath=//*[@id="continue_button"]</arg>
</arguments>
<msg timestamp="20210126 15:57:42.602" level="INFO">Clicking element 'xpath=//*[@id="continue_button"]'.</msg>
<status status="PASS" starttime="20210126 15:57:42.602" endtime="20210126 15:57:48.164"></status>
</kw>
<kw name="Sleep" library="BuiltIn">
<doc>Pauses the test executed for the given time.</doc>
<arguments>
<arg>5s</arg>
</arguments>
<msg timestamp="20210126 15:57:53.174" level="INFO">Slept 5 seconds</msg>
<status status="PASS" starttime="20210126 15:57:48.164" endtime="20210126 15:57:53.174"></status>
</kw>
<kw name="Click Element" library="Selenium2Library">
<doc>Click the element identified by ``locator``.</doc>
<arguments>
<arg>css=#acceptAllButton</arg>
</arguments>
<msg timestamp="20210126 15:57:53.174" level="INFO">Clicking element 'css=#acceptAllButton'.</msg>
<status status="PASS" starttime="20210126 15:57:53.174" endtime="20210126 15:57:53.240"></status>
</kw>
<kw name="Wait Until Page Contains" library="Selenium2Library">
<doc>Waits until ``text`` appears on the current page.</doc>
<arguments>
<arg>Cancel and return to Puffy LLC</arg>
</arguments>
<status status="PASS" starttime="20210126 15:57:53.240" endtime="20210126 15:57:53.252"></status>
</kw>
<kw name="Get Text" library="Selenium2Library">
<doc>Returns the text value of the element identified by ``locator``.</doc>
<arguments>
<arg>css=#headerText</arg>
</arguments>
<assign>
<var>${Content}</var>
</assign>
<msg timestamp="20210126 15:57:53.275" level="INFO">${Content} = Pay with PayPal</msg>
<status status="PASS" starttime="20210126 15:57:53.253" endtime="20210126 15:57:53.275"></status>
</kw>
<kw name="Run Keyword If" library="BuiltIn">
<doc>Runs the given keyword with the given arguments, if ``condition`` is true.</doc>
<arguments>
<arg>'${Content}'!='${TEXTPAYPALH1}'</arg>
<arg>Fail</arg>
<arg>Paypal (H1) not found Expected: ${TEXTPAYPALH1} Actual: ${Content}</arg>
</arguments>
<status status="PASS" starttime="20210126 15:57:53.275" endtime="20210126 15:57:53.276"></status>
</kw>
<kw name="Sleep" library="BuiltIn">
<doc>Pauses the test executed for the given time.</doc>
<arguments>
<arg>2s</arg>
</arguments>
<msg timestamp="20210126 15:57:55.278" level="INFO">Slept 2 seconds</msg>
<status status="PASS" starttime="20210126 15:57:53.276" endtime="20210126 15:57:55.278"></status>
</kw>
<kw name="Click Link" library="Selenium2Library">
<doc>Clicks a link identified by ``locator``.</doc>
<arguments>
<arg>link:Cancel and return to Puffy LLC</arg>
</arguments>
<msg timestamp="20210126 15:57:55.278" level="INFO">Clicking link 'link:Cancel and return to Puffy LLC'.</msg>
<status status="PASS" starttime="20210126 15:57:55.278" endtime="20210126 15:57:55.346"></status>
</kw>
<kw name="Sleep" library="BuiltIn">
<doc>Pauses the test executed for the given time.</doc>
<arguments>
<arg>5s</arg>
</arguments>
<msg timestamp="20210126 15:58:00.358" level="INFO">Slept 5 seconds</msg>
<status status="PASS" starttime="20210126 15:57:55.346" endtime="20210126 15:58:00.358"></status>
</kw>
<kw name="Wait Until Page Contains" library="Selenium2Library">
<doc>Waits until ``text`` appears on the current page.</doc>
<arguments>
<arg>All transactions are secure and encrypted.</arg>
</arguments>
<status status="PASS" starttime="20210126 15:58:00.358" endtime="20210126 15:58:00.388"></status>
</kw>
<status status="PASS" starttime="20210126 15:57:38.306" endtime="20210126 15:58:00.388"></status>
</kw>
<status status="PASS" starttime="20210126 15:57:38.305" endtime="20210126 15:58:00.389" critical="yes"></status>
</test>
<test id="s1-t22" name="Verify if Klarna is opening">
<kw name="Select and proceed with Klarna" library="keywords300">
<kw name="Sleep" library="BuiltIn">
<doc>Pauses the test executed for the given time.</doc>
<arguments>
<arg>2s</arg>
</arguments>
<msg timestamp="20210126 15:58:02.393" level="INFO">Slept 2 seconds</msg>
<status status="PASS" starttime="20210126 15:58:00.391" endtime="20210126 15:58:02.393"></status>
</kw>
<kw name="Wait Until Page Contains Element" library="Selenium2Library">
<doc>Waits until the element ``locator`` appears on the current page.</doc>
<arguments>
<arg>css=#checkout_payment_gateway_122164302</arg>
</arguments>
<status status="PASS" starttime="20210126 15:58:02.393" endtime="20210126 15:58:02.405"></status>
</kw>
<kw name="Click Element" library="Selenium2Library">
<doc>Click the element identified by ``locator``.</doc>
<arguments>
<arg>css=#checkout_payment_gateway_122164302</arg>
</arguments>
<msg timestamp="20210126 15:58:02.406" level="INFO">Clicking element 'css=#checkout_payment_gateway_122164302'.</msg>
<status status="PASS" starttime="20210126 15:58:02.406" endtime="20210126 15:58:02.482"></status>
</kw>
<kw name="Sleep" library="BuiltIn">
<doc>Pauses the test executed for the given time.</doc>
<arguments>
<arg>2s</arg>
</arguments>
<msg timestamp="20210126 15:58:04.486" level="INFO">Slept 2 seconds</msg>
<status status="PASS" starttime="20210126 15:58:02.483" endtime="20210126 15:58:04.486"></status>
</kw>
<kw name="Click Element" library="Selenium2Library">
<doc>Click the element identified by ``locator``.</doc>
<arguments>
<arg>xpath=//*[@id="continue_button"]</arg>
</arguments>
<msg timestamp="20210126 15:58:04.486" level="INFO">Clicking element 'xpath=//*[@id="continue_button"]'.</msg>
<status status="PASS" starttime="20210126 15:58:04.486" endtime="20210126 15:58:14.821"></status>
</kw>
<kw name="Sleep" library="BuiltIn">
<doc>Pauses the test executed for the given time.</doc>
<arguments>
<arg>5s</arg>
</arguments>
<msg timestamp="20210126 15:58:19.827" level="INFO">Slept 5 seconds</msg>
<status status="PASS" starttime="20210126 15:58:14.822" endtime="20210126 15:58:19.827"></status>
</kw>
<kw name="Wait Until Page Contains" library="Selenium2Library">
<doc>Waits until ``text`` appears on the current page.</doc>
<arguments>
<arg>Change Payment Method</arg>
</arguments>
<status status="PASS" starttime="20210126 15:58:19.827" endtime="20210126 15:58:19.853"></status>
</kw>
<kw name="Sleep" library="BuiltIn">
<doc>Pauses the test executed for the given time.</doc>
<arguments>
<arg>5s</arg>
</arguments>
<msg timestamp="20210126 15:58:24.857" level="INFO">Slept 5 seconds</msg>
<status status="PASS" starttime="20210126 15:58:19.853" endtime="20210126 15:58:24.857"></status>
</kw>
<kw name="Get Text" library="Selenium2Library">
<doc>Returns the text value of the element identified by ``locator``.</doc>
<arguments>
<arg>css=#message-component-root__header__title</arg>
</arguments>
<assign>
<var>${Content}</var>
</assign>
<kw name="Capture Page Screenshot" library="Selenium2Library">
<doc>Takes a screenshot of the current page and embeds it into a log file.</doc>
<msg timestamp="20210126 15:58:25.181" level="INFO" html="yes">&lt;/td&gt;&lt;/tr&gt;&lt;tr&gt;&lt;td colspan="3"&gt;&lt;a href="selenium-screenshot-23.png"&gt;&lt;img src="selenium-screenshot-23.png" width="800px"&gt;&lt;/a&gt;</msg>
<status status="PASS" starttime="20210126 15:58:24.867" endtime="20210126 15:58:25.181"></status>
</kw>
<msg timestamp="20210126 15:58:25.182" level="FAIL">Element with locator 'css=#message-component-root__header__title' not found.</msg>
<status status="FAIL" starttime="20210126 15:58:24.857" endtime="20210126 15:58:25.182"></status>
</kw>
<status status="FAIL" starttime="20210126 15:58:00.391" endtime="20210126 15:58:25.182"></status>
</kw>
<status status="FAIL" starttime="20210126 15:58:00.390" endtime="20210126 15:58:25.183" critical="yes">Element with locator 'css=#message-component-root__header__title' not found.</status>
</test>
<test id="s1-t23" name="Verify if Splitit is opening">
<kw name="Select and proceed with Splitit" library="keywords300">
<kw name="Wait Until Page Contains Element" library="Selenium2Library">
<doc>Waits until the element ``locator`` appears on the current page.</doc>
<arguments>
<arg>css=#checkout_payment_gateway_40271216674</arg>
</arguments>
<kw name="Capture Page Screenshot" library="Selenium2Library">
<doc>Takes a screenshot of the current page and embeds it into a log file.</doc>
<msg timestamp="20210126 15:58:30.530" level="INFO" html="yes">&lt;/td&gt;&lt;/tr&gt;&lt;tr&gt;&lt;td colspan="3"&gt;&lt;a href="selenium-screenshot-24.png"&gt;&lt;img src="selenium-screenshot-24.png" width="800px"&gt;&lt;/a&gt;</msg>
<status status="PASS" starttime="20210126 15:58:30.235" endtime="20210126 15:58:30.530"></status>
</kw>
<msg timestamp="20210126 15:58:30.531" level="FAIL">Element 'css=#checkout_payment_gateway_40271216674' did not appear in 5 seconds.</msg>
<status status="FAIL" starttime="20210126 15:58:25.189" endtime="20210126 15:58:30.531"></status>
</kw>
<status status="FAIL" starttime="20210126 15:58:25.188" endtime="20210126 15:58:30.531"></status>
</kw>
<status status="FAIL" starttime="20210126 15:58:25.187" endtime="20210126 15:58:30.532" critical="yes">Element 'css=#checkout_payment_gateway_40271216674' did not appear in 5 seconds.</status>
</test>
<test id="s1-t24" name="Stop Video Recording">
<kw name="Stop All Video Recordings" library="ScreenCapLibrary">
<doc>Stops all the video recordings and generates the files in WebM format. If ``embed`` argument
was set to ``True`` the videos will be displayed in the log file.</doc>
<msg timestamp="20210126 15:58:30.599" level="INFO" html="yes">&lt;a href="recording_4.webm"&gt;&lt;video width="800px" autoplay&gt;&lt;source src="recording_4.webm" type="video/webm"&gt;&lt;/video&gt;&lt;/a&gt;</msg>
<status status="PASS" starttime="20210126 15:58:30.534" endtime="20210126 15:58:30.599"></status>
</kw>
<status status="PASS" starttime="20210126 15:58:30.533" endtime="20210126 15:58:30.600" critical="yes"></status>
</test>
<doc>This is for checking all the places where we should update the seasonal promotion</doc>
<status status="FAIL" starttime="20210126 15:53:37.925" endtime="20210126 15:58:30.602"></status>
</suite>
<statistics>
<total>
<stat pass="21" fail="3">Critical Tests</stat>
<stat pass="21" fail="3">All Tests</stat>
</total>
<tag>
</tag>
<suite>
<stat pass="21" fail="3" id="s1" name="Smoketest">Smoketest</stat>
</suite>
</statistics>
<errors>
</errors>
</robot>
