<?xml version="1.0" encoding="UTF-8"?>
<robot generator="Robot 3.2.2 (Python 3.9.1 on win32)" generated="20210416 14:27:27.542" rpa="false">
<suite id="s1" name="Smoketest" source="D:\PycharmProjects\PuffyDesktopAutomation\TestFiles\STFinalVersion\smoketest.robot">
<test id="s1-t1" name="Start Video Recording">
<kw name="Initiate Video Recording" library="keywords300">
<kw name="Start Video Recording" library="ScreenCapLibrary">
<doc>Starts the recording of a video in the background with the specified ``name``.
The recording can be stopped by calling the `Stop Video Recording` keyword.</doc>
<arguments>
<arg>alias=FallSale name=FallSale</arg>
<arg>monitor=3</arg>
</arguments>
<msg timestamp="20210416 14:27:30.567" level="INFO">Automatically setting a fps of 9.0</msg>
<status status="PASS" starttime="20210416 14:27:28.234" endtime="20210416 14:27:30.568"></status>
</kw>
<status status="PASS" starttime="20210416 14:27:28.234" endtime="20210416 14:27:30.569"></status>
</kw>
<status status="PASS" starttime="20210416 14:27:28.233" endtime="20210416 14:27:30.571" critical="yes"></status>
</test>
<test id="s1-t2" name="Verify the Sale Popup appears">
<kw name="Open Login Screen" library="keywords300">
<kw name="Open Browser" library="Selenium2Library">
<doc>Opens a new browser instance to the optional ``url``.</doc>
<arguments>
<arg>${HOMEPAGE}</arg>
<arg>${SYSTEMBROWSER}</arg>
</arguments>
<msg timestamp="20210416 14:27:30.575" level="INFO">Opening browser 'Chrome' to base url 'https://puffy.com/'.</msg>
<status status="PASS" starttime="20210416 14:27:30.574" endtime="20210416 14:27:50.149"></status>
</kw>
<kw name="Maximize Browser Window" library="Selenium2Library">
<doc>Maximizes current browser window.</doc>
<status status="PASS" starttime="20210416 14:27:50.149" endtime="20210416 14:27:50.651"></status>
</kw>
<kw name="Wait Until Page Contains Element" library="Selenium2Library">
<doc>Waits until the element ``locator`` appears on the current page.</doc>
<arguments>
<arg>css=#saleTimer &gt; div:nth-child(1) &gt; div</arg>
</arguments>
<status status="PASS" starttime="20210416 14:27:50.651" endtime="20210416 14:27:50.663"></status>
</kw>
<status status="PASS" starttime="20210416 14:27:30.573" endtime="20210416 14:27:50.663"></status>
</kw>
<kw name="Wait and dismiss popup" library="keywords300">
<kw name="Sleep" library="BuiltIn">
<doc>Pauses the test executed for the given time.</doc>
<arguments>
<arg>5s</arg>
</arguments>
<msg timestamp="20210416 14:27:55.678" level="INFO">Slept 5 seconds</msg>
<status status="PASS" starttime="20210416 14:27:50.664" endtime="20210416 14:27:55.678"></status>
</kw>
<kw name="Run Keyword And Return Status" library="BuiltIn">
<doc>Runs the given keyword with given arguments and returns the status as a Boolean value.</doc>
<arguments>
<arg>Element should be visible</arg>
<arg>xpath=/html/body/div[2]/div[2]/div/div[1]/img</arg>
</arguments>
<assign>
<var>${check}</var>
</assign>
<kw name="Element Should Be Visible" library="Selenium2Library">
<doc>Verifies that the element identified by ``locator`` is visible.</doc>
<arguments>
<arg>xpath=/html/body/div[2]/div[2]/div/div[1]/img</arg>
</arguments>
<kw name="Capture Page Screenshot" library="Selenium2Library">
<doc>Takes a screenshot of the current page and embeds it into a log file.</doc>
<msg timestamp="20210416 14:27:56.954" level="INFO" html="yes">&lt;/td&gt;&lt;/tr&gt;&lt;tr&gt;&lt;td colspan="3"&gt;&lt;a href="selenium-screenshot-1.png"&gt;&lt;img src="selenium-screenshot-1.png" width="800px"&gt;&lt;/a&gt;</msg>
<status status="PASS" starttime="20210416 14:27:55.726" endtime="20210416 14:27:56.955"></status>
</kw>
<msg timestamp="20210416 14:27:56.958" level="FAIL">The element 'xpath=/html/body/div[2]/div[2]/div/div[1]/img' should be visible, but it is not.</msg>
<status status="FAIL" starttime="20210416 14:27:55.678" endtime="20210416 14:27:56.958"></status>
</kw>
<msg timestamp="20210416 14:27:56.959" level="INFO">${check} = False</msg>
<status status="PASS" starttime="20210416 14:27:55.678" endtime="20210416 14:27:56.959"></status>
</kw>
<kw name="Run Keyword If" library="BuiltIn">
<doc>Runs the given keyword with the given arguments, if ``condition`` is true.</doc>
<arguments>
<arg>${check} == False</arg>
<arg>Wait and dismiss popup</arg>
<arg>ELSE</arg>
<arg>Click element</arg>
<arg>css=#Layer_1 &gt; polygon</arg>
</arguments>
<kw name="Wait and dismiss popup" library="keywords300">
<kw name="Sleep" library="BuiltIn">
<doc>Pauses the test executed for the given time.</doc>
<arguments>
<arg>5s</arg>
</arguments>
<msg timestamp="20210416 14:28:01.968" level="INFO">Slept 5 seconds</msg>
<status status="PASS" starttime="20210416 14:27:56.960" endtime="20210416 14:28:01.968"></status>
</kw>
<kw name="Run Keyword And Return Status" library="BuiltIn">
<doc>Runs the given keyword with given arguments and returns the status as a Boolean value.</doc>
<arguments>
<arg>Element should be visible</arg>
<arg>xpath=/html/body/div[2]/div[2]/div/div[1]/img</arg>
</arguments>
<assign>
<var>${check}</var>
</assign>
<kw name="Element Should Be Visible" library="Selenium2Library">
<doc>Verifies that the element identified by ``locator`` is visible.</doc>
<arguments>
<arg>xpath=/html/body/div[2]/div[2]/div/div[1]/img</arg>
</arguments>
<msg timestamp="20210416 14:28:01.993" level="INFO">Element 'xpath=/html/body/div[2]/div[2]/div/div[1]/img' is displayed.</msg>
<status status="PASS" starttime="20210416 14:28:01.969" endtime="20210416 14:28:01.993"></status>
</kw>
<msg timestamp="20210416 14:28:01.993" level="INFO">${check} = True</msg>
<status status="PASS" starttime="20210416 14:28:01.968" endtime="20210416 14:28:01.993"></status>
</kw>
<kw name="Run Keyword If" library="BuiltIn">
<doc>Runs the given keyword with the given arguments, if ``condition`` is true.</doc>
<arguments>
<arg>${check} == False</arg>
<arg>Wait and dismiss popup</arg>
<arg>ELSE</arg>
<arg>Click element</arg>
<arg>css=#Layer_1 &gt; polygon</arg>
</arguments>
<kw name="Click Element" library="Selenium2Library">
<doc>Click the element identified by ``locator``.</doc>
<arguments>
<arg>css=#Layer_1 &gt; polygon</arg>
</arguments>
<msg timestamp="20210416 14:28:01.994" level="INFO">Clicking element 'css=#Layer_1 &gt; polygon'.</msg>
<status status="PASS" starttime="20210416 14:28:01.993" endtime="20210416 14:28:02.074"></status>
</kw>
<status status="PASS" starttime="20210416 14:28:01.993" endtime="20210416 14:28:02.074"></status>
</kw>
<status status="PASS" starttime="20210416 14:27:56.959" endtime="20210416 14:28:02.075"></status>
</kw>
<status status="PASS" starttime="20210416 14:27:56.959" endtime="20210416 14:28:02.075"></status>
</kw>
<status status="PASS" starttime="20210416 14:27:50.664" endtime="20210416 14:28:02.075"></status>
</kw>
<kw name="Go to homepage" library="keywords300">
<kw name="Go To" library="Selenium2Library">
<doc>Navigates the current browser window to the provided ``url``.</doc>
<arguments>
<arg>${HOMEPAGE}</arg>
</arguments>
<msg timestamp="20210416 14:28:02.076" level="INFO">Opening url 'https://puffy.com/'</msg>
<status status="PASS" starttime="20210416 14:28:02.075" endtime="20210416 14:28:05.158"></status>
</kw>
<status status="PASS" starttime="20210416 14:28:02.075" endtime="20210416 14:28:05.158"></status>
</kw>
<status status="PASS" starttime="20210416 14:27:30.573" endtime="20210416 14:28:05.159" critical="yes"></status>
</test>
<test id="s1-t3" name="Verify sale details on Timer Bar">
<kw name="Check Seasonal Sale text on timer" library="keywords300">
<kw name="Get Text" library="Selenium2Library">
<doc>Returns the text value of the element identified by ``locator``.</doc>
<arguments>
<arg>css=#saleTimer &gt; div:nth-child(1) &gt; div</arg>
</arguments>
<assign>
<var>${Content}</var>
</assign>
<msg timestamp="20210416 14:28:05.307" level="INFO">${Content} = SPRING SALE NOW $300 OFF + FREE PILLOW</msg>
<status status="PASS" starttime="20210416 14:28:05.162" endtime="20210416 14:28:05.307"></status>
</kw>
<kw name="Run Keyword If" library="BuiltIn">
<doc>Runs the given keyword with the given arguments, if ``condition`` is true.</doc>
<arguments>
<arg>"${Content}"!="${FOOTER}"</arg>
<arg>Fail</arg>
<arg>Wrong Seasonal Sale timer Content Actual content: ${Content} Expected: ${FOOTER}</arg>
</arguments>
<status status="PASS" starttime="20210416 14:28:05.307" endtime="20210416 14:28:05.311"></status>
</kw>
<kw name="Click Element" library="Selenium2Library">
<doc>Click the element identified by ``locator``.</doc>
<arguments>
<arg>css=#saleTimer &gt; span &gt; svg</arg>
</arguments>
<msg timestamp="20210416 14:28:05.311" level="INFO">Clicking element 'css=#saleTimer &gt; span &gt; svg'.</msg>
<status status="PASS" starttime="20210416 14:28:05.311" endtime="20210416 14:28:05.614"></status>
</kw>
<status status="PASS" starttime="20210416 14:28:05.162" endtime="20210416 14:28:05.614"></status>
</kw>
<status status="PASS" starttime="20210416 14:28:05.161" endtime="20210416 14:28:05.622" critical="yes"></status>
</test>
<test id="s1-t4" name="Navigation to Comparison Page">
<kw name="Click on &quot;Shop The Mattress&quot; on the Homepage" library="keywords300">
<kw name="Wait Until Page Contains Element" library="Selenium2Library">
<doc>Waits until the element ``locator`` appears on the current page.</doc>
<arguments>
<arg>css=body &gt; div.index-sections &gt; div.hero-area.is--mobile-reversed &gt; div.hero-area__box.hero-area__box--hero-image &gt; div &gt; div.b-hero__inner &gt; div.b-hero__content &gt; a</arg>
</arguments>
<status status="PASS" starttime="20210416 14:28:05.624" endtime="20210416 14:28:06.296"></status>
</kw>
<kw name="Click Element" library="Selenium2Library">
<doc>Click the element identified by ``locator``.</doc>
<arguments>
<arg>css=body &gt; div.index-sections &gt; div.hero-area.is--mobile-reversed &gt; div.hero-area__box.hero-area__box--hero-image &gt; div &gt; div.b-hero__inner &gt; div.b-hero__content &gt; a</arg>
</arguments>
<msg timestamp="20210416 14:28:06.297" level="INFO">Clicking element 'css=body &gt; div.index-sections &gt; div.hero-area.is--mobile-reversed &gt; div.hero-area__box.hero-area__box--hero-image &gt; div &gt; div.b-hero__inner &gt; div.b-hero__content &gt; a'.</msg>
<status status="PASS" starttime="20210416 14:28:06.296" endtime="20210416 14:28:06.397"></status>
</kw>
<status status="PASS" starttime="20210416 14:28:05.624" endtime="20210416 14:28:06.397"></status>
</kw>
<kw name="Verify H1 on Comparison Page" library="keywords300">
<kw name="Sleep" library="BuiltIn">
<doc>Pauses the test executed for the given time.</doc>
<arguments>
<arg>5s</arg>
</arguments>
<msg timestamp="20210416 14:28:11.408" level="INFO">Slept 5 seconds</msg>
<status status="PASS" starttime="20210416 14:28:06.400" endtime="20210416 14:28:11.408"></status>
</kw>
<kw name="Wait Until Page Contains Element" library="Selenium2Library">
<doc>Waits until the element ``locator`` appears on the current page.</doc>
<arguments>
<arg>css=body &gt; div.compare-page.content &gt; div.compare-page__headline &gt; h1</arg>
</arguments>
<status status="PASS" starttime="20210416 14:28:11.408" endtime="20210416 14:28:11.909"></status>
</kw>
<kw name="Get Text" library="Selenium2Library">
<doc>Returns the text value of the element identified by ``locator``.</doc>
<arguments>
<arg>css=body &gt; div.compare-page.content &gt; div.compare-page__headline &gt; h1</arg>
</arguments>
<assign>
<var>${Content}</var>
</assign>
<msg timestamp="20210416 14:28:11.974" level="INFO">${Content} = CHOOSE YOUR PUFFY MATTRESS</msg>
<status status="PASS" starttime="20210416 14:28:11.909" endtime="20210416 14:28:11.974"></status>
</kw>
<kw name="Run Keyword If" library="BuiltIn">
<doc>Runs the given keyword with the given arguments, if ``condition`` is true.</doc>
<arguments>
<arg>'${Content}'!='${TEXTCOMPAREPAGEH1}'</arg>
<arg>Fail</arg>
<arg>Checkout - Information tab (H1) not found Expected: ${TEXTCOMPAREPAGEH1} Actual: ${Content}</arg>
</arguments>
<status status="PASS" starttime="20210416 14:28:11.974" endtime="20210416 14:28:11.974"></status>
</kw>
<status status="PASS" starttime="20210416 14:28:06.399" endtime="20210416 14:28:11.974"></status>
</kw>
<kw name="Click &quot;Shop Now&quot; button for Puffy" library="keywords300">
<kw name="Click Element" library="Selenium2Library">
<doc>Click the element identified by ``locator``.</doc>
<arguments>
<arg>css=body &gt; div.compare-page.content &gt; div.compare-page__content &gt; div.compare-boxes.is--puffy-mattress-and-puffy-lux &gt; div:nth-child(2) &gt; div &gt; div.compare-boxes__action &gt; a</arg>
</arguments>
<msg timestamp="20210416 14:28:11.975" level="INFO">Clicking element 'css=body &gt; div.compare-page.content &gt; div.compare-page__content &gt; div.compare-boxes.is--puffy-mattress-and-puffy-lux &gt; div:nth-child(2) &gt; div &gt; div.compare-boxes__action &gt; a'.</msg>
<status status="PASS" starttime="20210416 14:28:11.975" endtime="20210416 14:28:12.107"></status>
</kw>
<status status="PASS" starttime="20210416 14:28:11.975" endtime="20210416 14:28:12.108"></status>
</kw>
<kw name="Verify H1 on Puffy PDP" library="keywords300">
<kw name="Wait Until Page Contains Element" library="Selenium2Library">
<doc>Waits until the element ``locator`` appears on the current page.</doc>
<arguments>
<arg>css=#shopify-section-product-puffy-template &gt; div.container.main.content.product-name--puffy-mattress &gt; div &gt; div &gt; div &gt; div &gt; div.seven.columns.medium-down--one-whole.alpha &gt; div &gt; div.product-head &gt; div.product-head__text.product-head__text--boxed &gt; div.product-head__headline &gt; h1 &gt; span</arg>
</arguments>
<status status="PASS" starttime="20210416 14:28:12.109" endtime="20210416 14:28:16.561"></status>
</kw>
<kw name="Get Text" library="Selenium2Library">
<doc>Returns the text value of the element identified by ``locator``.</doc>
<arguments>
<arg>css=#shopify-section-product-puffy-template &gt; div.container.main.content.product-name--puffy-mattress &gt; div &gt; div &gt; div &gt; div &gt; div.seven.columns.medium-down--one-whole.alpha &gt; div &gt; div.product-head &gt; div.product-head__text.product-head__text--boxed &gt; div.product-head__headline &gt; h1 &gt; span</arg>
</arguments>
<assign>
<var>${Content}</var>
</assign>
<msg timestamp="20210416 14:28:16.650" level="INFO">${Content} = Puffy Mattress</msg>
<status status="PASS" starttime="20210416 14:28:16.561" endtime="20210416 14:28:16.650"></status>
</kw>
<kw name="Run Keyword If" library="BuiltIn">
<doc>Runs the given keyword with the given arguments, if ``condition`` is true.</doc>
<arguments>
<arg>'${Content}'!='${TEXTPUFFYMATTRESSH1}'</arg>
<arg>Fail</arg>
<arg>Checkout - Information tab (H1) not found Expected: ${TEXTPUFFYMATTRESSH1} Actual: ${Content}</arg>
</arguments>
<status status="PASS" starttime="20210416 14:28:16.650" endtime="20210416 14:28:16.651"></status>
</kw>
<status status="PASS" starttime="20210416 14:28:12.108" endtime="20210416 14:28:16.651"></status>
</kw>
<kw name="Go back to Compare Page" library="keywords300">
<kw name="Go Back" library="Selenium2Library">
<doc>Simulates the user clicking the back button on their browser.</doc>
<status status="PASS" starttime="20210416 14:28:16.652" endtime="20210416 14:28:18.452"></status>
</kw>
<status status="PASS" starttime="20210416 14:28:16.652" endtime="20210416 14:28:18.452"></status>
</kw>
<kw name="click on &quot;Shop Now&quot; button for Puffy Lux" library="keywords300">
<kw name="Click Element" library="Selenium2Library">
<doc>Click the element identified by ``locator``.</doc>
<arguments>
<arg>css=body &gt; div.compare-page.content &gt; div.compare-page__content &gt; div.compare-boxes.is--puffy-mattress-and-puffy-lux &gt; div:nth-child(1) &gt; div &gt; div.compare-boxes__action &gt; a</arg>
</arguments>
<msg timestamp="20210416 14:28:18.454" level="INFO">Clicking element 'css=body &gt; div.compare-page.content &gt; div.compare-page__content &gt; div.compare-boxes.is--puffy-mattress-and-puffy-lux &gt; div:nth-child(1) &gt; div &gt; div.compare-boxes__action &gt; a'.</msg>
<status status="PASS" starttime="20210416 14:28:18.453" endtime="20210416 14:28:18.637"></status>
</kw>
<status status="PASS" starttime="20210416 14:28:18.452" endtime="20210416 14:28:18.638"></status>
</kw>
<kw name="Verify H1 on Puffy Lux" library="keywords300">
<kw name="Wait Until Page Contains Element" library="Selenium2Library">
<doc>Waits until the element ``locator`` appears on the current page.</doc>
<arguments>
<arg>class:product-head__title</arg>
</arguments>
<status status="PASS" starttime="20210416 14:28:18.638" endtime="20210416 14:28:22.834"></status>
</kw>
<status status="PASS" starttime="20210416 14:28:18.638" endtime="20210416 14:28:22.834"></status>
</kw>
<status status="PASS" starttime="20210416 14:28:05.623" endtime="20210416 14:28:22.835" critical="yes"></status>
</test>
<test id="s1-t5" name="Verify sale details on Puffy Mattress Homepage">
<kw name="Go to Homepage (Click on Puffy Logo)" library="keywords300">
<kw name="Sleep" library="BuiltIn">
<doc>Pauses the test executed for the given time.</doc>
<arguments>
<arg>2s</arg>
</arguments>
<msg timestamp="20210416 14:28:24.847" level="INFO">Slept 2 seconds</msg>
<status status="PASS" starttime="20210416 14:28:22.837" endtime="20210416 14:28:24.847"></status>
</kw>
<kw name="Wait Until Page Contains Element" library="Selenium2Library">
<doc>Waits until the element ``locator`` appears on the current page.</doc>
<arguments>
<arg>${LOCLOGO}</arg>
</arguments>
<status status="PASS" starttime="20210416 14:28:24.847" endtime="20210416 14:28:24.876"></status>
</kw>
<kw name="Click Element" library="Selenium2Library">
<doc>Click the element identified by ``locator``.</doc>
<arguments>
<arg>${LOCLOGO}</arg>
</arguments>
<msg timestamp="20210416 14:28:24.877" level="INFO">Clicking element 'css=body &gt; div.shopify-section.header-section &gt; div &gt; header.main_header &gt; div &gt; div &gt; div &gt; div.logo'.</msg>
<status status="PASS" starttime="20210416 14:28:24.876" endtime="20210416 14:28:25.002"></status>
</kw>
<kw name="Sleep" library="BuiltIn">
<doc>Pauses the test executed for the given time.</doc>
<arguments>
<arg>2s</arg>
</arguments>
<msg timestamp="20210416 14:28:27.014" level="INFO">Slept 2 seconds</msg>
<status status="PASS" starttime="20210416 14:28:25.003" endtime="20210416 14:28:27.014"></status>
</kw>
<kw name="Wait Until Page Contains" library="Selenium2Library">
<doc>Waits until ``text`` appears on the current page.</doc>
<arguments>
<arg>Puffy Mattress</arg>
</arguments>
<status status="PASS" starttime="20210416 14:28:27.014" endtime="20210416 14:28:27.610"></status>
</kw>
<kw name="Get Text" library="Selenium2Library">
<doc>Returns the text value of the element identified by ``locator``.</doc>
<arguments>
<arg>css=body &gt; div.index-sections &gt; div.hero-area.is--mobile-reversed &gt; div.hero-area__box.hero-area__box--hero-image &gt; div &gt; div.b-hero__inner &gt; div.b-hero__content &gt; h1</arg>
</arguments>
<assign>
<var>${Content}</var>
</assign>
<msg timestamp="20210416 14:28:27.682" level="INFO">${Content} = Puffy Mattress</msg>
<status status="PASS" starttime="20210416 14:28:27.611" endtime="20210416 14:28:27.682"></status>
</kw>
<kw name="Run Keyword If" library="BuiltIn">
<doc>Runs the given keyword with the given arguments, if ``condition`` is true.</doc>
<arguments>
<arg>'${Content}'!='${TEXTPUFFYMATTRESSH1}'</arg>
<arg>Fail</arg>
<arg>Homepage main title (H1) not found Expected: ${TEXTPUFFYMATTRESSH1} Actual: ${Content}</arg>
</arguments>
<status status="PASS" starttime="20210416 14:28:27.682" endtime="20210416 14:28:27.683"></status>
</kw>
<status status="PASS" starttime="20210416 14:28:22.837" endtime="20210416 14:28:27.683"></status>
</kw>
<kw name="Check Seasonal Sale text on Homepage" library="keywords300">
<kw name="Sleep" library="BuiltIn">
<doc>Pauses the test executed for the given time.</doc>
<arguments>
<arg>2s</arg>
</arguments>
<msg timestamp="20210416 14:28:29.688" level="INFO">Slept 2 seconds</msg>
<status status="PASS" starttime="20210416 14:28:27.684" endtime="20210416 14:28:29.688"></status>
</kw>
<kw name="Get Text" library="Selenium2Library">
<doc>Returns the text value of the element identified by ``locator``.</doc>
<arguments>
<arg>css=#Cyber_Monday_Sale_Now &gt; tspan</arg>
</arguments>
<assign>
<var>${Content}</var>
</assign>
<msg timestamp="20210416 14:28:29.723" level="INFO">${Content} = SPRING SALE NOW</msg>
<status status="PASS" starttime="20210416 14:28:29.688" endtime="20210416 14:28:29.723"></status>
</kw>
<kw name="Run Keyword If" library="BuiltIn">
<doc>Runs the given keyword with the given arguments, if ``condition`` is true.</doc>
<arguments>
<arg>"${Content}"!="${SALENAME}"</arg>
<arg>Fail</arg>
<arg>Wrong Seasonal Sale text on homepage Expected: ${SALENAME} Actual: ${Content}</arg>
</arguments>
<status status="PASS" starttime="20210416 14:28:29.724" endtime="20210416 14:28:29.724"></status>
</kw>
<status status="PASS" starttime="20210416 14:28:27.684" endtime="20210416 14:28:29.724"></status>
</kw>
<kw name="Check discount value and freebie on Homepage" library="keywords300">
<kw name="Get Text" library="Selenium2Library">
<doc>Returns the text value of the element identified by ``locator``.</doc>
<arguments>
<arg>css=#_300_OFF_Free_Pillow &gt; tspan</arg>
</arguments>
<assign>
<var>${Content}</var>
</assign>
<msg timestamp="20210416 14:28:29.759" level="INFO">${Content} = $300 OFF + FREE PILLOW</msg>
<status status="PASS" starttime="20210416 14:28:29.725" endtime="20210416 14:28:29.759"></status>
</kw>
<kw name="Run Keyword If" library="BuiltIn">
<doc>Runs the given keyword with the given arguments, if ``condition`` is true.</doc>
<arguments>
<arg>"${Content}"!="${SALEDETAILS}"</arg>
<arg>Fail</arg>
<arg>Wrong discount value and freebie text on homepage Expected: ${SALEDETAILS} Actual: ${Content}</arg>
</arguments>
<status status="PASS" starttime="20210416 14:28:29.759" endtime="20210416 14:28:29.759"></status>
</kw>
<status status="PASS" starttime="20210416 14:28:29.725" endtime="20210416 14:28:29.759"></status>
</kw>
<status status="PASS" starttime="20210416 14:28:22.836" endtime="20210416 14:28:29.760" critical="yes"></status>
</test>
<test id="s1-t6" name="Verify sale details on Puffy Lux Mattress Homepage">
<kw name="Go to Puffy Lux Homepage" library="keywords300">
<kw name="Sleep" library="BuiltIn">
<doc>Pauses the test executed for the given time.</doc>
<arguments>
<arg>2s</arg>
</arguments>
<msg timestamp="20210416 14:28:31.777" level="INFO">Slept 2 seconds</msg>
<status status="PASS" starttime="20210416 14:28:29.762" endtime="20210416 14:28:31.777"></status>
</kw>
<kw name="Click Link" library="Selenium2Library">
<doc>Clicks a link identified by ``locator``.</doc>
<arguments>
<arg>link:Puffy Lux</arg>
</arguments>
<msg timestamp="20210416 14:28:31.778" level="INFO">Clicking link 'link:Puffy Lux'.</msg>
<status status="PASS" starttime="20210416 14:28:31.777" endtime="20210416 14:28:32.105"></status>
</kw>
<kw name="Sleep" library="BuiltIn">
<doc>Pauses the test executed for the given time.</doc>
<arguments>
<arg>2s</arg>
</arguments>
<msg timestamp="20210416 14:28:34.115" level="INFO">Slept 2 seconds</msg>
<status status="PASS" starttime="20210416 14:28:32.105" endtime="20210416 14:28:34.115"></status>
</kw>
<kw name="Wait Until Page Contains" library="Selenium2Library">
<doc>Waits until ``text`` appears on the current page.</doc>
<arguments>
<arg>Puffy Lux Mattress</arg>
</arguments>
<status status="PASS" starttime="20210416 14:28:34.115" endtime="20210416 14:28:35.760"></status>
</kw>
<kw name="Get Text" library="Selenium2Library">
<doc>Returns the text value of the element identified by ``locator``.</doc>
<arguments>
<arg>css=body &gt; div.index-sections &gt; div.hero-area.is--mobile-reversed &gt; div.hero-area__box.hero-area__box--hero-image &gt; div &gt; div.b-hero__inner &gt; div.b-hero__content &gt; h1</arg>
</arguments>
<assign>
<var>${Content}</var>
</assign>
<msg timestamp="20210416 14:28:35.821" level="INFO">${Content} = Puffy Lux Mattress</msg>
<status status="PASS" starttime="20210416 14:28:35.761" endtime="20210416 14:28:35.821"></status>
</kw>
<kw name="Run Keyword If" library="BuiltIn">
<doc>Runs the given keyword with the given arguments, if ``condition`` is true.</doc>
<arguments>
<arg>'${Content}'!='${TEXTPUFFYLUXMATTRESSH1}'</arg>
<arg>Fail</arg>
<arg>Homepage main title (H1) not found Expected: ${TEXTPUFFYLUXMATTRESSH1} Actual: ${Content}</arg>
</arguments>
<status status="PASS" starttime="20210416 14:28:35.821" endtime="20210416 14:28:35.821"></status>
</kw>
<status status="PASS" starttime="20210416 14:28:29.762" endtime="20210416 14:28:35.821"></status>
</kw>
<kw name="Check Seasonal Sale text on Homepage" library="keywords300">
<kw name="Sleep" library="BuiltIn">
<doc>Pauses the test executed for the given time.</doc>
<arguments>
<arg>2s</arg>
</arguments>
<msg timestamp="20210416 14:28:37.826" level="INFO">Slept 2 seconds</msg>
<status status="PASS" starttime="20210416 14:28:35.822" endtime="20210416 14:28:37.826"></status>
</kw>
<kw name="Get Text" library="Selenium2Library">
<doc>Returns the text value of the element identified by ``locator``.</doc>
<arguments>
<arg>css=#Cyber_Monday_Sale_Now &gt; tspan</arg>
</arguments>
<assign>
<var>${Content}</var>
</assign>
<msg timestamp="20210416 14:28:37.854" level="INFO">${Content} = SPRING SALE NOW</msg>
<status status="PASS" starttime="20210416 14:28:37.826" endtime="20210416 14:28:37.854"></status>
</kw>
<kw name="Run Keyword If" library="BuiltIn">
<doc>Runs the given keyword with the given arguments, if ``condition`` is true.</doc>
<arguments>
<arg>"${Content}"!="${SALENAME}"</arg>
<arg>Fail</arg>
<arg>Wrong Seasonal Sale text on homepage Expected: ${SALENAME} Actual: ${Content}</arg>
</arguments>
<status status="PASS" starttime="20210416 14:28:37.854" endtime="20210416 14:28:37.855"></status>
</kw>
<status status="PASS" starttime="20210416 14:28:35.822" endtime="20210416 14:28:37.855"></status>
</kw>
<kw name="Check discount value and freebie on Homepage" library="keywords300">
<kw name="Get Text" library="Selenium2Library">
<doc>Returns the text value of the element identified by ``locator``.</doc>
<arguments>
<arg>css=#_300_OFF_Free_Pillow &gt; tspan</arg>
</arguments>
<assign>
<var>${Content}</var>
</assign>
<msg timestamp="20210416 14:28:37.880" level="INFO">${Content} = $300 OFF + FREE PILLOW</msg>
<status status="PASS" starttime="20210416 14:28:37.856" endtime="20210416 14:28:37.880"></status>
</kw>
<kw name="Run Keyword If" library="BuiltIn">
<doc>Runs the given keyword with the given arguments, if ``condition`` is true.</doc>
<arguments>
<arg>"${Content}"!="${SALEDETAILS}"</arg>
<arg>Fail</arg>
<arg>Wrong discount value and freebie text on homepage Expected: ${SALEDETAILS} Actual: ${Content}</arg>
</arguments>
<status status="PASS" starttime="20210416 14:28:37.880" endtime="20210416 14:28:37.881"></status>
</kw>
<status status="PASS" starttime="20210416 14:28:37.855" endtime="20210416 14:28:37.881"></status>
</kw>
<status status="PASS" starttime="20210416 14:28:29.761" endtime="20210416 14:28:37.881" critical="yes"></status>
</test>
<test id="s1-t7" name="Verify sale details on Puffy Hybrid Mattress Homepage">
<kw name="Go to Puffy Hybrid Homepage" library="keywords300">
<kw name="Sleep" library="BuiltIn">
<doc>Pauses the test executed for the given time.</doc>
<arguments>
<arg>5s</arg>
</arguments>
<msg timestamp="20210416 14:28:42.904" level="INFO">Slept 5 seconds</msg>
<status status="PASS" starttime="20210416 14:28:37.891" endtime="20210416 14:28:42.904"></status>
</kw>
<kw name="Click Link" library="Selenium2Library">
<doc>Clicks a link identified by ``locator``.</doc>
<arguments>
<arg>link:Puffy Hybrid</arg>
</arguments>
<msg timestamp="20210416 14:28:42.904" level="INFO">Clicking link 'link:Puffy Hybrid'.</msg>
<status status="PASS" starttime="20210416 14:28:42.904" endtime="20210416 14:28:43.160"></status>
</kw>
<kw name="Sleep" library="BuiltIn">
<doc>Pauses the test executed for the given time.</doc>
<arguments>
<arg>2s</arg>
</arguments>
<msg timestamp="20210416 14:28:45.165" level="INFO">Slept 2 seconds</msg>
<status status="PASS" starttime="20210416 14:28:43.160" endtime="20210416 14:28:45.165"></status>
</kw>
<kw name="Wait Until Page Contains" library="Selenium2Library">
<doc>Waits until ``text`` appears on the current page.</doc>
<arguments>
<arg>Puffy Hybrid Mattress</arg>
</arguments>
<status status="PASS" starttime="20210416 14:28:45.165" endtime="20210416 14:28:46.874"></status>
</kw>
<kw name="Get Text" library="Selenium2Library">
<doc>Returns the text value of the element identified by ``locator``.</doc>
<arguments>
<arg>css=body &gt; div.index-sections &gt; div.hero-area.is--mobile-reversed &gt; div.hero-area__box.hero-area__box--hero-image &gt; div &gt; div.b-hero__inner &gt; div.b-hero__content &gt; h1</arg>
</arguments>
<assign>
<var>${Content}</var>
</assign>
<msg timestamp="20210416 14:28:46.928" level="INFO">${Content} = Puffy Hybrid Mattress</msg>
<status status="PASS" starttime="20210416 14:28:46.874" endtime="20210416 14:28:46.928"></status>
</kw>
<kw name="Run Keyword If" library="BuiltIn">
<doc>Runs the given keyword with the given arguments, if ``condition`` is true.</doc>
<arguments>
<arg>'${Content}'!='${TEXTPUFFYHYBRIDMATTRESSH1}'</arg>
<arg>Fail</arg>
<arg>Homepage main title (H1) not found Expected: ${TEXTPUFFYHYBRIDMATTRESSH1} Actual: ${Content}</arg>
</arguments>
<status status="PASS" starttime="20210416 14:28:46.928" endtime="20210416 14:28:46.928"></status>
</kw>
<status status="PASS" starttime="20210416 14:28:37.890" endtime="20210416 14:28:46.929"></status>
</kw>
<kw name="Check Seasonal Sale text on Homepage (HYBRID)" library="keywords300">
<kw name="Sleep" library="BuiltIn">
<doc>Pauses the test executed for the given time.</doc>
<arguments>
<arg>2s</arg>
</arguments>
<msg timestamp="20210416 14:28:48.934" level="INFO">Slept 2 seconds</msg>
<status status="PASS" starttime="20210416 14:28:46.930" endtime="20210416 14:28:48.934"></status>
</kw>
<kw name="Get Text" library="Selenium2Library">
<doc>Returns the text value of the element identified by ``locator``.</doc>
<arguments>
<arg>css=#Cyber_Monday_Sale_Now &gt; tspan</arg>
</arguments>
<assign>
<var>${Content}</var>
</assign>
<msg timestamp="20210416 14:28:48.964" level="INFO">${Content} = SPRING SALE NOW</msg>
<status status="PASS" starttime="20210416 14:28:48.934" endtime="20210416 14:28:48.964"></status>
</kw>
<kw name="Run Keyword If" library="BuiltIn">
<doc>Runs the given keyword with the given arguments, if ``condition`` is true.</doc>
<arguments>
<arg>"${Content}"!="${SALENAME}"</arg>
<arg>Fail</arg>
<arg>Wrong Seasonal Sale text on homepage Expected: ${SALENAME} Actual: ${Content}</arg>
</arguments>
<status status="PASS" starttime="20210416 14:28:48.964" endtime="20210416 14:28:48.964"></status>
</kw>
<status status="PASS" starttime="20210416 14:28:46.929" endtime="20210416 14:28:48.964"></status>
</kw>
<kw name="Check discount value and freebie on Homepage (HYBRID)" library="keywords300">
<kw name="Get Text" library="Selenium2Library">
<doc>Returns the text value of the element identified by ``locator``.</doc>
<arguments>
<arg>css=#_300_OFF_Free_Pillow &gt; tspan</arg>
</arguments>
<assign>
<var>${Content}</var>
</assign>
<msg timestamp="20210416 14:28:48.986" level="INFO">${Content} = $300 OFF + FREE PILLOW</msg>
<status status="PASS" starttime="20210416 14:28:48.965" endtime="20210416 14:28:48.986"></status>
</kw>
<kw name="Run Keyword If" library="BuiltIn">
<doc>Runs the given keyword with the given arguments, if ``condition`` is true.</doc>
<arguments>
<arg>"${Content}"!="${SALEDETAILS}"</arg>
<arg>Fail</arg>
<arg>Wrong discount value and freebie text on homepage Expected: ${SALEDETAILS} Actual: ${Content}</arg>
</arguments>
<status status="PASS" starttime="20210416 14:28:48.986" endtime="20210416 14:28:48.987"></status>
</kw>
<status status="PASS" starttime="20210416 14:28:48.965" endtime="20210416 14:28:48.987"></status>
</kw>
<status status="PASS" starttime="20210416 14:28:37.889" endtime="20210416 14:28:48.988" critical="yes"></status>
</test>
<test id="s1-t8" name="Verify sale details on Store Page">
<kw name="Go To Store Page (Click on footer Store link)" library="keywords300">
<kw name="Click Link" library="Selenium2Library">
<doc>Clicks a link identified by ``locator``.</doc>
<arguments>
<arg>link:STORE</arg>
</arguments>
<msg timestamp="20210416 14:28:48.990" level="INFO">Clicking link 'link:STORE'.</msg>
<status status="PASS" starttime="20210416 14:28:48.990" endtime="20210416 14:28:49.241"></status>
</kw>
<status status="PASS" starttime="20210416 14:28:48.990" endtime="20210416 14:28:49.241"></status>
</kw>
<kw name="Check Seasonal Sale text on badges (Store/Giftshop Page)" library="keywords300">
<kw name="Sleep" library="BuiltIn">
<doc>Pauses the test executed for the given time.</doc>
<arguments>
<arg>2s</arg>
</arguments>
<msg timestamp="20210416 14:28:51.260" level="INFO">Slept 2 seconds</msg>
<status status="PASS" starttime="20210416 14:28:49.247" endtime="20210416 14:28:51.260"></status>
</kw>
<kw name="Get Text" library="Selenium2Library">
<doc>Returns the text value of the element identified by ``locator``.</doc>
<arguments>
<arg>css=#VALENTINE_S_DAY_SALE_NOW &gt; tspan</arg>
</arguments>
<assign>
<var>${Content}</var>
</assign>
<msg timestamp="20210416 14:28:52.633" level="INFO">${Content} = SPRING SALE NOW</msg>
<status status="PASS" starttime="20210416 14:28:51.260" endtime="20210416 14:28:52.633"></status>
</kw>
<kw name="Run Keyword If" library="BuiltIn">
<doc>Runs the given keyword with the given arguments, if ``condition`` is true.</doc>
<arguments>
<arg>"${Content}"!="${SALENAME}"</arg>
<arg>Fail</arg>
<arg>Wrong Seasonal Sale text on badges Expected: ${SALENAME} Actual: ${Content}</arg>
</arguments>
<status status="PASS" starttime="20210416 14:28:52.634" endtime="20210416 14:28:52.634"></status>
</kw>
<status status="PASS" starttime="20210416 14:28:49.246" endtime="20210416 14:28:52.634"></status>
</kw>
<kw name="Check discount value and freebie on badges for mattresses" library="keywords300">
<kw name="Sleep" library="BuiltIn">
<doc>Pauses the test executed for the given time.</doc>
<arguments>
<arg>2s</arg>
</arguments>
<msg timestamp="20210416 14:28:54.637" level="INFO">Slept 2 seconds</msg>
<status status="PASS" starttime="20210416 14:28:52.635" endtime="20210416 14:28:54.637"></status>
</kw>
<kw name="Get Text" library="Selenium2Library">
<doc>Returns the text value of the element identified by ``locator``.</doc>
<arguments>
<arg>css=#_300_OFF_FREE_PILLOW &gt; tspan</arg>
</arguments>
<assign>
<var>${Content}</var>
</assign>
<msg timestamp="20210416 14:28:54.679" level="INFO">${Content} = $300 OFF + FREE PILLOW</msg>
<status status="PASS" starttime="20210416 14:28:54.637" endtime="20210416 14:28:54.679"></status>
</kw>
<kw name="Run Keyword If" library="BuiltIn">
<doc>Runs the given keyword with the given arguments, if ``condition`` is true.</doc>
<arguments>
<arg>"${Content}"!="${SALEDETAILS}"</arg>
<arg>Fail</arg>
<arg>Wrong discount value and freebie text on badges for mattress Expected: ${SALEDETAILS} Actual: ${Content}</arg>
</arguments>
<status status="PASS" starttime="20210416 14:28:54.679" endtime="20210416 14:28:54.680"></status>
</kw>
<status status="PASS" starttime="20210416 14:28:52.635" endtime="20210416 14:28:54.680"></status>
</kw>
<kw name="Check discount value on badges for adjustable base" library="keywords300">
<kw name="Sleep" library="BuiltIn">
<doc>Pauses the test executed for the given time.</doc>
<arguments>
<arg>2s</arg>
</arguments>
<msg timestamp="20210416 14:28:56.694" level="INFO">Slept 2 seconds</msg>
<status status="PASS" starttime="20210416 14:28:54.681" endtime="20210416 14:28:56.694"></status>
</kw>
<kw name="Get Text" library="Selenium2Library">
<doc>Returns the text value of the element identified by ``locator``.</doc>
<arguments>
<arg>css=#_300_OFF &gt; tspan</arg>
</arguments>
<assign>
<var>${Content}</var>
</assign>
<msg timestamp="20210416 14:28:56.730" level="INFO">${Content} = $300 OFF</msg>
<status status="PASS" starttime="20210416 14:28:56.694" endtime="20210416 14:28:56.730"></status>
</kw>
<kw name="Run Keyword If" library="BuiltIn">
<doc>Runs the given keyword with the given arguments, if ``condition`` is true.</doc>
<arguments>
<arg>'${Content}'!='${DISCOUNTAMOUNT}'</arg>
<arg>Fail</arg>
<arg>Wrong discount value text on badge for adjustable base Expected: ${DISCOUNTAMOUNT} Actual: ${Content}</arg>
</arguments>
<status status="PASS" starttime="20210416 14:28:56.730" endtime="20210416 14:28:56.731"></status>
</kw>
<status status="PASS" starttime="20210416 14:28:54.680" endtime="20210416 14:28:56.731"></status>
</kw>
<status status="PASS" starttime="20210416 14:28:48.989" endtime="20210416 14:28:56.731" critical="yes"></status>
</test>
<test id="s1-t9" name="Verify sale details on Gift Shop Page">
<kw name="Go to Gift Shop page (Click on footer Gift Shop link)" library="keywords300">
<kw name="Click Link" library="Selenium2Library">
<doc>Clicks a link identified by ``locator``.</doc>
<arguments>
<arg>link:Gift Shop</arg>
</arguments>
<msg timestamp="20210416 14:28:56.735" level="INFO">Clicking link 'link:Gift Shop'.</msg>
<status status="PASS" starttime="20210416 14:28:56.735" endtime="20210416 14:28:57.106"></status>
</kw>
<status status="PASS" starttime="20210416 14:28:56.734" endtime="20210416 14:28:57.106"></status>
</kw>
<kw name="Check Seasonal Sale text on badges (Store/Giftshop Page)" library="keywords300">
<kw name="Sleep" library="BuiltIn">
<doc>Pauses the test executed for the given time.</doc>
<arguments>
<arg>2s</arg>
</arguments>
<msg timestamp="20210416 14:28:59.120" level="INFO">Slept 2 seconds</msg>
<status status="PASS" starttime="20210416 14:28:57.107" endtime="20210416 14:28:59.120"></status>
</kw>
<kw name="Get Text" library="Selenium2Library">
<doc>Returns the text value of the element identified by ``locator``.</doc>
<arguments>
<arg>css=#VALENTINE_S_DAY_SALE_NOW &gt; tspan</arg>
</arguments>
<assign>
<var>${Content}</var>
</assign>
<msg timestamp="20210416 14:29:00.666" level="INFO">${Content} = SPRING SALE NOW</msg>
<status status="PASS" starttime="20210416 14:28:59.120" endtime="20210416 14:29:00.666"></status>
</kw>
<kw name="Run Keyword If" library="BuiltIn">
<doc>Runs the given keyword with the given arguments, if ``condition`` is true.</doc>
<arguments>
<arg>"${Content}"!="${SALENAME}"</arg>
<arg>Fail</arg>
<arg>Wrong Seasonal Sale text on badges Expected: ${SALENAME} Actual: ${Content}</arg>
</arguments>
<status status="PASS" starttime="20210416 14:29:00.666" endtime="20210416 14:29:00.667"></status>
</kw>
<status status="PASS" starttime="20210416 14:28:57.106" endtime="20210416 14:29:00.667"></status>
</kw>
<kw name="Check discount value and freebie on badges for mattresses" library="keywords300">
<kw name="Sleep" library="BuiltIn">
<doc>Pauses the test executed for the given time.</doc>
<arguments>
<arg>2s</arg>
</arguments>
<msg timestamp="20210416 14:29:02.683" level="INFO">Slept 2 seconds</msg>
<status status="PASS" starttime="20210416 14:29:00.668" endtime="20210416 14:29:02.683"></status>
</kw>
<kw name="Get Text" library="Selenium2Library">
<doc>Returns the text value of the element identified by ``locator``.</doc>
<arguments>
<arg>css=#_300_OFF_FREE_PILLOW &gt; tspan</arg>
</arguments>
<assign>
<var>${Content}</var>
</assign>
<msg timestamp="20210416 14:29:02.716" level="INFO">${Content} = $300 OFF + FREE PILLOW</msg>
<status status="PASS" starttime="20210416 14:29:02.684" endtime="20210416 14:29:02.716"></status>
</kw>
<kw name="Run Keyword If" library="BuiltIn">
<doc>Runs the given keyword with the given arguments, if ``condition`` is true.</doc>
<arguments>
<arg>"${Content}"!="${SALEDETAILS}"</arg>
<arg>Fail</arg>
<arg>Wrong discount value and freebie text on badges for mattress Expected: ${SALEDETAILS} Actual: ${Content}</arg>
</arguments>
<status status="PASS" starttime="20210416 14:29:02.716" endtime="20210416 14:29:02.716"></status>
</kw>
<status status="PASS" starttime="20210416 14:29:00.667" endtime="20210416 14:29:02.717"></status>
</kw>
<kw name="Check discount value on badges for adjustable base" library="keywords300">
<kw name="Sleep" library="BuiltIn">
<doc>Pauses the test executed for the given time.</doc>
<arguments>
<arg>2s</arg>
</arguments>
<msg timestamp="20210416 14:29:04.723" level="INFO">Slept 2 seconds</msg>
<status status="PASS" starttime="20210416 14:29:02.718" endtime="20210416 14:29:04.723"></status>
</kw>
<kw name="Get Text" library="Selenium2Library">
<doc>Returns the text value of the element identified by ``locator``.</doc>
<arguments>
<arg>css=#_300_OFF &gt; tspan</arg>
</arguments>
<assign>
<var>${Content}</var>
</assign>
<msg timestamp="20210416 14:29:04.746" level="INFO">${Content} = $300 OFF</msg>
<status status="PASS" starttime="20210416 14:29:04.723" endtime="20210416 14:29:04.747"></status>
</kw>
<kw name="Run Keyword If" library="BuiltIn">
<doc>Runs the given keyword with the given arguments, if ``condition`` is true.</doc>
<arguments>
<arg>'${Content}'!='${DISCOUNTAMOUNT}'</arg>
<arg>Fail</arg>
<arg>Wrong discount value text on badge for adjustable base Expected: ${DISCOUNTAMOUNT} Actual: ${Content}</arg>
</arguments>
<status status="PASS" starttime="20210416 14:29:04.747" endtime="20210416 14:29:04.747"></status>
</kw>
<status status="PASS" starttime="20210416 14:29:02.718" endtime="20210416 14:29:04.747"></status>
</kw>
<status status="PASS" starttime="20210416 14:28:56.733" endtime="20210416 14:29:04.748" critical="yes"></status>
</test>
<test id="s1-t10" name="Verify sale details, sizes, and prices on Puffy Mattress PDP then add to cart">
<kw name="Go to Puffy Mattress Product Page" library="keywords300">
<kw name="Mouse Over" library="Selenium2Library">
<doc>Simulates hovering the mouse over the element ``locator``.</doc>
<arguments>
<arg>${LOCMATTRESSES}</arg>
</arguments>
<msg timestamp="20210416 14:29:04.750" level="INFO">Simulating Mouse Over on element 'css=body &gt; div.shopify-section.header-section &gt; div &gt; header.main_header &gt; div &gt; div &gt; div &gt; div.nav &gt; ul &gt; li:nth-child(1) &gt; a'.</msg>
<status status="PASS" starttime="20210416 14:29:04.749" endtime="20210416 14:29:05.053"></status>
</kw>
<kw name="Sleep" library="BuiltIn">
<doc>Pauses the test executed for the given time.</doc>
<arguments>
<arg>2s</arg>
</arguments>
<msg timestamp="20210416 14:29:07.067" level="INFO">Slept 2 seconds</msg>
<status status="PASS" starttime="20210416 14:29:05.053" endtime="20210416 14:29:07.067"></status>
</kw>
<kw name="Click Element" library="Selenium2Library">
<doc>Click the element identified by ``locator``.</doc>
<arguments>
<arg>${LOCPUFFYMATTRESS}</arg>
</arguments>
<msg timestamp="20210416 14:29:07.067" level="INFO">Clicking element 'css=body &gt; div.shopify-section.header-section &gt; div &gt; header.main_header &gt; div &gt; div &gt; div &gt; div.dropdown_container.mega-menu.mega-menu-1 &gt; div &gt; div.dropdown_content &gt; div:nth-child(1) &gt; div.mega-menu__image-caption-link &gt; a &gt; div.image-element__wrap &gt; img'.</msg>
<status status="PASS" starttime="20210416 14:29:07.067" endtime="20210416 14:29:07.153"></status>
</kw>
<kw name="Wait Until Page Contains" library="Selenium2Library">
<doc>Waits until ``text`` appears on the current page.</doc>
<arguments>
<arg>12 REASONS TO CHOOSE</arg>
</arguments>
<status status="PASS" starttime="20210416 14:29:07.153" endtime="20210416 14:29:09.943"></status>
</kw>
<status status="PASS" starttime="20210416 14:29:04.749" endtime="20210416 14:29:09.943"></status>
</kw>
<kw name="Check Seasonal Sale text on badges (PDP)" library="keywords300">
<kw name="Sleep" library="BuiltIn">
<doc>Pauses the test executed for the given time.</doc>
<arguments>
<arg>2s</arg>
</arguments>
<msg timestamp="20210416 14:29:11.955" level="INFO">Slept 2 seconds</msg>
<status status="PASS" starttime="20210416 14:29:09.944" endtime="20210416 14:29:11.955"></status>
</kw>
<kw name="Get Text" library="Selenium2Library">
<doc>Returns the text value of the element identified by ``locator``.</doc>
<arguments>
<arg>css=#NEW_YEAR_S_SALE_FREE_ACCESSORIES_UP_TO_440 &gt; tspan:nth-child(1)</arg>
</arguments>
<assign>
<var>${Content}</var>
</assign>
<msg timestamp="20210416 14:29:11.991" level="INFO">${Content} = SPRING SALE NOW</msg>
<status status="PASS" starttime="20210416 14:29:11.955" endtime="20210416 14:29:11.991"></status>
</kw>
<kw name="Run Keyword If" library="BuiltIn">
<doc>Runs the given keyword with the given arguments, if ``condition`` is true.</doc>
<arguments>
<arg>"${Content}"!="${SALENAME}"</arg>
<arg>Fail</arg>
<arg>Wrong Seasonal Sale text on badges Expected: ${SALENAME} Actual: ${Content}</arg>
</arguments>
<status status="PASS" starttime="20210416 14:29:11.991" endtime="20210416 14:29:11.991"></status>
</kw>
<status status="PASS" starttime="20210416 14:29:09.943" endtime="20210416 14:29:11.991"></status>
</kw>
<kw name="Check discount value and freebie on Mattress PDPs" library="keywords300">
<kw name="Get Text" library="Selenium2Library">
<doc>Returns the text value of the element identified by ``locator``.</doc>
<arguments>
<arg>css=#NEW_YEAR_S_SALE_FREE_ACCESSORIES_UP_TO_440 &gt; tspan.cls-mattress-badge3</arg>
</arguments>
<assign>
<var>${Content}</var>
</assign>
<msg timestamp="20210416 14:29:12.021" level="INFO">${Content} = $300 OFF + FREE PILLOW</msg>
<status status="PASS" starttime="20210416 14:29:11.992" endtime="20210416 14:29:12.021"></status>
</kw>
<kw name="Run Keyword If" library="BuiltIn">
<doc>Runs the given keyword with the given arguments, if ``condition`` is true.</doc>
<arguments>
<arg>"${Content}"!="${SALEDETAILS}"</arg>
<arg>Fail</arg>
<arg>Wrong discount value and freebie text on mattress PDP Expected: ${SALEDETAILS} Actual: ${Content}</arg>
</arguments>
<status status="PASS" starttime="20210416 14:29:12.021" endtime="20210416 14:29:12.021"></status>
</kw>
<status status="PASS" starttime="20210416 14:29:11.992" endtime="20210416 14:29:12.022"></status>
</kw>
<kw name="Click size dropdown for Puffy Mattress" library="keywords300">
<kw name="Wait Until Page Contains Element" library="Selenium2Library">
<doc>Waits until the element ``locator`` appears on the current page.</doc>
<arguments>
<arg>css=#product_form_345108381730 &gt; div.product-variants-holder &gt; div &gt; div &gt; div</arg>
</arguments>
<status status="PASS" starttime="20210416 14:29:12.025" endtime="20210416 14:29:12.042"></status>
</kw>
<kw name="Click Element" library="Selenium2Library">
<doc>Click the element identified by ``locator``.</doc>
<arguments>
<arg>css=#product_form_345108381730 &gt; div.product-variants-holder &gt; div &gt; div &gt; div</arg>
</arguments>
<msg timestamp="20210416 14:29:12.042" level="INFO">Clicking element 'css=#product_form_345108381730 &gt; div.product-variants-holder &gt; div &gt; div &gt; div'.</msg>
<status status="PASS" starttime="20210416 14:29:12.042" endtime="20210416 14:29:12.192"></status>
</kw>
<status status="PASS" starttime="20210416 14:29:12.025" endtime="20210416 14:29:12.192"></status>
</kw>
<kw name="Check Puffy Mattress original prices (all sizes)" library="keywords300">
<kw name="Wait Until Element Is Visible" library="Selenium2Library">
<doc>Waits until the element ``locator`` is visible.</doc>
<arguments>
<arg>css=#product_form_345108381730 &gt; div.product-variants-holder &gt; div &gt; div &gt; ul &gt; li:nth-child(1) &gt; span &gt; del &gt; span.original-price</arg>
</arguments>
<status status="PASS" starttime="20210416 14:29:12.212" endtime="20210416 14:29:12.269"></status>
</kw>
<kw name="Get Text" library="Selenium2Library">
<doc>Returns the text value of the element identified by ``locator``.</doc>
<arguments>
<arg>css=#product_form_345108381730 &gt; div.product-variants-holder &gt; div &gt; div &gt; ul &gt; li:nth-child(1) &gt; span &gt; del &gt; span.original-price</arg>
</arguments>
<assign>
<var>${Content}</var>
</assign>
<msg timestamp="20210416 14:29:12.337" level="INFO">${Content} = $795</msg>
<status status="PASS" starttime="20210416 14:29:12.270" endtime="20210416 14:29:12.337"></status>
</kw>
<kw name="Run Keyword If" library="BuiltIn">
<doc>Runs the given keyword with the given arguments, if ``condition`` is true.</doc>
<arguments>
<arg>'${Content}'!='${PUFFYMATTRESSTWINORIGINAL}'</arg>
<arg>Fail</arg>
<arg>Wrong original price for Puffy Mattress Twin Expected: ${PUFFYMATTRESSTWINORIGINAL} Actual: ${Content}</arg>
</arguments>
<status status="PASS" starttime="20210416 14:29:12.338" endtime="20210416 14:29:12.338"></status>
</kw>
<kw name="Get Text" library="Selenium2Library">
<doc>Returns the text value of the element identified by ``locator``.</doc>
<arguments>
<arg>css=#product_form_345108381730 &gt; div.product-variants-holder &gt; div &gt; div &gt; ul &gt; li:nth-child(2) &gt; span &gt; del &gt; span.original-price</arg>
</arguments>
<assign>
<var>${Content}</var>
</assign>
<msg timestamp="20210416 14:29:12.391" level="INFO">${Content} = $825</msg>
<status status="PASS" starttime="20210416 14:29:12.339" endtime="20210416 14:29:12.391"></status>
</kw>
<kw name="Run Keyword If" library="BuiltIn">
<doc>Runs the given keyword with the given arguments, if ``condition`` is true.</doc>
<arguments>
<arg>'${Content}'!='${PUFFYMATTRESSTWINXLORIGINAL}'</arg>
<arg>Fail</arg>
<arg>Wrong original price for Puffy Mattress Twin XL Expected: ${PUFFYMATTRESSTWINXLORIGINAL} Actual: ${Content}</arg>
</arguments>
<status status="PASS" starttime="20210416 14:29:12.392" endtime="20210416 14:29:12.392"></status>
</kw>
<kw name="Get Text" library="Selenium2Library">
<doc>Returns the text value of the element identified by ``locator``.</doc>
<arguments>
<arg>css=#product_form_345108381730 &gt; div.product-variants-holder &gt; div &gt; div &gt; ul &gt; li:nth-child(3) &gt; span &gt; del &gt; span.original-price</arg>
</arguments>
<assign>
<var>${Content}</var>
</assign>
<msg timestamp="20210416 14:29:12.422" level="INFO">${Content} = $995</msg>
<status status="PASS" starttime="20210416 14:29:12.393" endtime="20210416 14:29:12.422"></status>
</kw>
<kw name="Run Keyword If" library="BuiltIn">
<doc>Runs the given keyword with the given arguments, if ``condition`` is true.</doc>
<arguments>
<arg>'${Content}'!='${PUFFYMATTRESSFULLORIGINAL}'</arg>
<arg>Fail</arg>
<arg>Wrong original price for Puffy Mattress Full Expected: ${PUFFYMATTRESSFULLORIGINAL} Actual: ${Content}</arg>
</arguments>
<status status="PASS" starttime="20210416 14:29:12.423" endtime="20210416 14:29:12.423"></status>
</kw>
<kw name="Get Text" library="Selenium2Library">
<doc>Returns the text value of the element identified by ``locator``.</doc>
<arguments>
<arg>css=#product_form_345108381730 &gt; div.product-variants-holder &gt; div &gt; div &gt; ul &gt; li:nth-child(4) &gt; span &gt; del &gt; span.original-price</arg>
</arguments>
<assign>
<var>${Content}</var>
</assign>
<msg timestamp="20210416 14:29:12.460" level="INFO">${Content} = $1,150</msg>
<status status="PASS" starttime="20210416 14:29:12.423" endtime="20210416 14:29:12.460"></status>
</kw>
<kw name="Run Keyword If" library="BuiltIn">
<doc>Runs the given keyword with the given arguments, if ``condition`` is true.</doc>
<arguments>
<arg>'${Content}'!='${PUFFYMATTRESSQUEENORIGINAL}'</arg>
<arg>Fail</arg>
<arg>Wrong original price for Puffy Mattress Queen Expected: ${PUFFYMATTRESSQUEENORIGINAL} Actual: ${Content}</arg>
</arguments>
<status status="PASS" starttime="20210416 14:29:12.461" endtime="20210416 14:29:12.461"></status>
</kw>
<kw name="Get Text" library="Selenium2Library">
<doc>Returns the text value of the element identified by ``locator``.</doc>
<arguments>
<arg>css=#product_form_345108381730 &gt; div.product-variants-holder &gt; div &gt; div &gt; ul &gt; li:nth-child(5) &gt; span &gt; del &gt; span.original-price</arg>
</arguments>
<assign>
<var>${Content}</var>
</assign>
<msg timestamp="20210416 14:29:12.490" level="INFO">${Content} = $1,350</msg>
<status status="PASS" starttime="20210416 14:29:12.461" endtime="20210416 14:29:12.490"></status>
</kw>
<kw name="Run Keyword If" library="BuiltIn">
<doc>Runs the given keyword with the given arguments, if ``condition`` is true.</doc>
<arguments>
<arg>'${Content}'!='${PUFFYMATTRESSKINGORIGINAL}'</arg>
<arg>Fail</arg>
<arg>Wrong original price for Puffy Mattress King Expected: ${PUFFYMATTRESSKINGORIGINAL} Actual: ${Content}</arg>
</arguments>
<status status="PASS" starttime="20210416 14:29:12.491" endtime="20210416 14:29:12.491"></status>
</kw>
<kw name="Get Text" library="Selenium2Library">
<doc>Returns the text value of the element identified by ``locator``.</doc>
<arguments>
<arg>css=#product_form_345108381730 &gt; div.product-variants-holder &gt; div &gt; div &gt; ul &gt; li:nth-child(6) &gt; span &gt; del &gt; span.original-price</arg>
</arguments>
<assign>
<var>${Content}</var>
</assign>
<msg timestamp="20210416 14:29:12.517" level="INFO">${Content} = $1,350</msg>
<status status="PASS" starttime="20210416 14:29:12.491" endtime="20210416 14:29:12.517"></status>
</kw>
<kw name="Run Keyword If" library="BuiltIn">
<doc>Runs the given keyword with the given arguments, if ``condition`` is true.</doc>
<arguments>
<arg>'${Content}'!='${PUFFYMATTRESSCALKINGORIGINAL}'</arg>
<arg>Fail</arg>
<arg>Wrong original price for Puffy Mattress Cal King Expected: ${PUFFYMATTRESSCALKINGORIGINAL} Actual: ${Content}</arg>
</arguments>
<status status="PASS" starttime="20210416 14:29:12.517" endtime="20210416 14:29:12.518"></status>
</kw>
<status status="PASS" starttime="20210416 14:29:12.212" endtime="20210416 14:29:12.518"></status>
</kw>
<kw name="Check Puffy Mattress 300OFF prices (all sizes)" library="keywords300">
<kw name="Wait Until Element Is Visible" library="Selenium2Library">
<doc>Waits until the element ``locator`` is visible.</doc>
<arguments>
<arg>css=#product_form_345108381730 &gt; div.product-variants-holder &gt; div &gt; div &gt; ul &gt; li:nth-child(1) &gt; span &gt; span &gt; span.original-price.jsDiscountedPrice</arg>
</arguments>
<status status="PASS" starttime="20210416 14:29:12.519" endtime="20210416 14:29:12.542"></status>
</kw>
<kw name="Get Text" library="Selenium2Library">
<doc>Returns the text value of the element identified by ``locator``.</doc>
<arguments>
<arg>css=#product_form_345108381730 &gt; div.product-variants-holder &gt; div &gt; div &gt; ul &gt; li:nth-child(1) &gt; span &gt; span &gt; span.original-price.jsDiscountedPrice</arg>
</arguments>
<assign>
<var>${Content}</var>
</assign>
<msg timestamp="20210416 14:29:12.575" level="INFO">${Content} = $495</msg>
<status status="PASS" starttime="20210416 14:29:12.542" endtime="20210416 14:29:12.575"></status>
</kw>
<kw name="Run Keyword If" library="BuiltIn">
<doc>Runs the given keyword with the given arguments, if ``condition`` is true.</doc>
<arguments>
<arg>'${Content}'!='${PUFFYMATTRESSTWIN300OFF}'</arg>
<arg>Fail</arg>
<arg>Wrong original price for Puffy Mattress Twin Expected: ${PUFFYMATTRESSTWIN300OFF} Actual: ${Content}</arg>
</arguments>
<status status="PASS" starttime="20210416 14:29:12.576" endtime="20210416 14:29:12.576"></status>
</kw>
<kw name="Get Text" library="Selenium2Library">
<doc>Returns the text value of the element identified by ``locator``.</doc>
<arguments>
<arg>css=#product_form_345108381730 &gt; div.product-variants-holder &gt; div &gt; div &gt; ul &gt; li:nth-child(2) &gt; span &gt; span &gt; span.original-price.jsDiscountedPrice</arg>
</arguments>
<assign>
<var>${Content}</var>
</assign>
<msg timestamp="20210416 14:29:12.600" level="INFO">${Content} = $525</msg>
<status status="PASS" starttime="20210416 14:29:12.576" endtime="20210416 14:29:12.600"></status>
</kw>
<kw name="Run Keyword If" library="BuiltIn">
<doc>Runs the given keyword with the given arguments, if ``condition`` is true.</doc>
<arguments>
<arg>'${Content}'!='${PUFFYMATTRESSTWINXL300OFF}'</arg>
<arg>Fail</arg>
<arg>Wrong original price for Puffy Mattress Twin XL Expected: ${PUFFYMATTRESSTWINXL300OFF} Actual: ${Content}</arg>
</arguments>
<status status="PASS" starttime="20210416 14:29:12.600" endtime="20210416 14:29:12.601"></status>
</kw>
<kw name="Get Text" library="Selenium2Library">
<doc>Returns the text value of the element identified by ``locator``.</doc>
<arguments>
<arg>css=#product_form_345108381730 &gt; div.product-variants-holder &gt; div &gt; div &gt; ul &gt; li:nth-child(3) &gt; span &gt; span &gt; span.original-price.jsDiscountedPrice</arg>
</arguments>
<assign>
<var>${Content}</var>
</assign>
<msg timestamp="20210416 14:29:12.633" level="INFO">${Content} = $695</msg>
<status status="PASS" starttime="20210416 14:29:12.601" endtime="20210416 14:29:12.633"></status>
</kw>
<kw name="Run Keyword If" library="BuiltIn">
<doc>Runs the given keyword with the given arguments, if ``condition`` is true.</doc>
<arguments>
<arg>'${Content}'!='${PUFFYMATTRESSFULL300OFF}'</arg>
<arg>Fail</arg>
<arg>Wrong original price for Puffy Mattress Full Expected: ${PUFFYMATTRESSFULL300OFF} Actual: ${Content}</arg>
</arguments>
<status status="PASS" starttime="20210416 14:29:12.634" endtime="20210416 14:29:12.634"></status>
</kw>
<kw name="Get Text" library="Selenium2Library">
<doc>Returns the text value of the element identified by ``locator``.</doc>
<arguments>
<arg>css=#product_form_345108381730 &gt; div.product-variants-holder &gt; div &gt; div &gt; ul &gt; li:nth-child(4) &gt; span &gt; span &gt; span.original-price.jsDiscountedPrice</arg>
</arguments>
<assign>
<var>${Content}</var>
</assign>
<msg timestamp="20210416 14:29:12.658" level="INFO">${Content} = $850</msg>
<status status="PASS" starttime="20210416 14:29:12.634" endtime="20210416 14:29:12.658"></status>
</kw>
<kw name="Run Keyword If" library="BuiltIn">
<doc>Runs the given keyword with the given arguments, if ``condition`` is true.</doc>
<arguments>
<arg>'${Content}'!='${PUFFYMATTRESSQUEEN300OFF}'</arg>
<arg>Fail</arg>
<arg>Wrong original price for Puffy Mattress Queen Expected: ${PUFFYMATTRESSQUEEN300OFF} Actual: ${Content}</arg>
</arguments>
<status status="PASS" starttime="20210416 14:29:12.658" endtime="20210416 14:29:12.658"></status>
</kw>
<kw name="Get Text" library="Selenium2Library">
<doc>Returns the text value of the element identified by ``locator``.</doc>
<arguments>
<arg>css=#product_form_345108381730 &gt; div.product-variants-holder &gt; div &gt; div &gt; ul &gt; li:nth-child(5) &gt; span &gt; span &gt; span.original-price.jsDiscountedPrice</arg>
</arguments>
<assign>
<var>${Content}</var>
</assign>
<msg timestamp="20210416 14:29:12.690" level="INFO">${Content} = $1,050</msg>
<status status="PASS" starttime="20210416 14:29:12.658" endtime="20210416 14:29:12.690"></status>
</kw>
<kw name="Run Keyword If" library="BuiltIn">
<doc>Runs the given keyword with the given arguments, if ``condition`` is true.</doc>
<arguments>
<arg>'${Content}'!='${PUFFYMATTRESSKING300OFF}'</arg>
<arg>Fail</arg>
<arg>Wrong original price for Puffy Mattress King Expected: ${PUFFYMATTRESSKING300OFF} Actual: ${Content}</arg>
</arguments>
<status status="PASS" starttime="20210416 14:29:12.690" endtime="20210416 14:29:12.690"></status>
</kw>
<kw name="Get Text" library="Selenium2Library">
<doc>Returns the text value of the element identified by ``locator``.</doc>
<arguments>
<arg>css=#product_form_345108381730 &gt; div.product-variants-holder &gt; div &gt; div &gt; ul &gt; li:nth-child(6) &gt; span &gt; span &gt; span.original-price.jsDiscountedPrice</arg>
</arguments>
<assign>
<var>${Content}</var>
</assign>
<msg timestamp="20210416 14:29:12.719" level="INFO">${Content} = $1,050</msg>
<status status="PASS" starttime="20210416 14:29:12.690" endtime="20210416 14:29:12.719"></status>
</kw>
<kw name="Run Keyword If" library="BuiltIn">
<doc>Runs the given keyword with the given arguments, if ``condition`` is true.</doc>
<arguments>
<arg>'${Content}'!='${PUFFYMATTRESSCALKING300OFF}'</arg>
<arg>Fail</arg>
<arg>Wrong original price for Puffy Mattress Cal King Expected: ${PUFFYMATTRESSCALKING300OFF} Actual: ${Content}</arg>
</arguments>
<status status="PASS" starttime="20210416 14:29:12.719" endtime="20210416 14:29:12.720"></status>
</kw>
<status status="PASS" starttime="20210416 14:29:12.519" endtime="20210416 14:29:12.720"></status>
</kw>
<kw name="Select Puffy Mattress Size (Queen)" library="keywords300">
<kw name="Click Element" library="Selenium2Library">
<doc>Click the element identified by ``locator``.</doc>
<arguments>
<arg>css=#product_form_345108381730 &gt; div.product-variants-holder &gt; div &gt; div &gt; ul &gt; li:nth-child(4)</arg>
</arguments>
<msg timestamp="20210416 14:29:12.721" level="INFO">Clicking element 'css=#product_form_345108381730 &gt; div.product-variants-holder &gt; div &gt; div &gt; ul &gt; li:nth-child(4)'.</msg>
<status status="PASS" starttime="20210416 14:29:12.720" endtime="20210416 14:29:12.824"></status>
</kw>
<status status="PASS" starttime="20210416 14:29:12.720" endtime="20210416 14:29:12.824"></status>
</kw>
<kw name="Check current cart count" library="keywords300">
<kw name="Get Text" library="Selenium2Library">
<doc>Returns the text value of the element identified by ``locator``.</doc>
<arguments>
<arg>css=body &gt; div.shopify-section.header-section &gt; div &gt; header.main_header.feature_image &gt; div &gt; div &gt; div &gt; div.cart_container &gt; div &gt; a &gt; span</arg>
</arguments>
<assign>
<var>${CartText}</var>
</assign>
<msg timestamp="20210416 14:29:12.863" level="INFO">${CartText} = 0</msg>
<status status="PASS" starttime="20210416 14:29:12.826" endtime="20210416 14:29:12.863"></status>
</kw>
<kw name="Set Test Variable" library="BuiltIn">
<doc>Makes a variable available everywhere within the scope of the current test.</doc>
<arguments>
<arg>${CartCount}</arg>
<arg>${CartText}</arg>
</arguments>
<msg timestamp="20210416 14:29:12.876" level="INFO">${CartCount} = 0</msg>
<status status="PASS" starttime="20210416 14:29:12.863" endtime="20210416 14:29:12.876"></status>
</kw>
<status status="PASS" starttime="20210416 14:29:12.825" endtime="20210416 14:29:12.876"></status>
</kw>
<kw name="Add Puffy Mattress to cart" library="keywords300">
<kw name="Click Element" library="Selenium2Library">
<doc>Click the element identified by ``locator``.</doc>
<arguments>
<arg>css=#product_form_345108381730 &gt; div.purchase-details &gt; div &gt; button</arg>
</arguments>
<msg timestamp="20210416 14:29:12.877" level="INFO">Clicking element 'css=#product_form_345108381730 &gt; div.purchase-details &gt; div &gt; button'.</msg>
<status status="PASS" starttime="20210416 14:29:12.877" endtime="20210416 14:29:12.996"></status>
</kw>
<kw name="Sleep" library="BuiltIn">
<doc>Pauses the test executed for the given time.</doc>
<arguments>
<arg>5s</arg>
</arguments>
<msg timestamp="20210416 14:29:18.003" level="INFO">Slept 5 seconds</msg>
<status status="PASS" starttime="20210416 14:29:12.997" endtime="20210416 14:29:18.003"></status>
</kw>
<kw name="Wait Until Page Contains Element" library="Selenium2Library">
<doc>Waits until the element ``locator`` appears on the current page.</doc>
<arguments>
<arg>css=#main-header</arg>
</arguments>
<status status="PASS" starttime="20210416 14:29:18.003" endtime="20210416 14:29:24.244"></status>
</kw>
<kw name="Get Text" library="Selenium2Library">
<doc>Returns the text value of the element identified by ``locator``.</doc>
<arguments>
<arg>css=#main-header</arg>
</arguments>
<assign>
<var>${Content}</var>
</assign>
<msg timestamp="20210416 14:29:24.264" level="INFO">${Content} = Contact information</msg>
<status status="PASS" starttime="20210416 14:29:24.245" endtime="20210416 14:29:24.264"></status>
</kw>
<kw name="Run Keyword If" library="BuiltIn">
<doc>Runs the given keyword with the given arguments, if ``condition`` is true.</doc>
<arguments>
<arg>'${Content}'!='${INFOTABHEADER}'</arg>
<arg>Fail</arg>
<arg>Wrong Header on Checkout page Information Tab. Expected: ${INFOTABHEADER} Actual: ${Content}</arg>
</arguments>
<status status="PASS" starttime="20210416 14:29:24.264" endtime="20210416 14:29:24.265"></status>
</kw>
<status status="PASS" starttime="20210416 14:29:12.877" endtime="20210416 14:29:24.265"></status>
</kw>
<kw name="Click Return to cart" library="keywords300">
<kw name="Sleep" library="BuiltIn">
<doc>Pauses the test executed for the given time.</doc>
<arguments>
<arg>1s</arg>
</arguments>
<msg timestamp="20210416 14:29:25.278" level="INFO">Slept 1 second</msg>
<status status="PASS" starttime="20210416 14:29:24.266" endtime="20210416 14:29:25.278"></status>
</kw>
<kw name="Click Element" library="Selenium2Library">
<doc>Click the element identified by ``locator``.</doc>
<arguments>
<arg>css=body &gt; div.main_wrapper &gt; div &gt; div.wrap &gt; div.main &gt; div.main__content &gt; div.step &gt; form &gt; div.step__footer &gt; a &gt; span</arg>
</arguments>
<msg timestamp="20210416 14:29:25.279" level="INFO">Clicking element 'css=body &gt; div.main_wrapper &gt; div &gt; div.wrap &gt; div.main &gt; div.main__content &gt; div.step &gt; form &gt; div.step__footer &gt; a &gt; span'.</msg>
<status status="PASS" starttime="20210416 14:29:25.278" endtime="20210416 14:29:25.384"></status>
</kw>
<kw name="Sleep" library="BuiltIn">
<doc>Pauses the test executed for the given time.</doc>
<arguments>
<arg>2s</arg>
</arguments>
<msg timestamp="20210416 14:29:27.390" level="INFO">Slept 2 seconds</msg>
<status status="PASS" starttime="20210416 14:29:25.384" endtime="20210416 14:29:27.390"></status>
</kw>
<kw name="Wait Until Page Contains Element" library="Selenium2Library">
<doc>Waits until the element ``locator`` appears on the current page.</doc>
<arguments>
<arg>${LOCCARTHEADER}</arg>
</arguments>
<status status="PASS" starttime="20210416 14:29:27.390" endtime="20210416 14:29:29.874"></status>
</kw>
<status status="PASS" starttime="20210416 14:29:24.265" endtime="20210416 14:29:29.874"></status>
</kw>
<kw name="Close cart" library="keywords300">
<kw name="Sleep" library="BuiltIn">
<doc>Pauses the test executed for the given time.</doc>
<arguments>
<arg>1s</arg>
</arguments>
<msg timestamp="20210416 14:29:30.889" level="INFO">Slept 1 second</msg>
<status status="PASS" starttime="20210416 14:29:29.875" endtime="20210416 14:29:30.889"></status>
</kw>
<kw name="Click Element" library="Selenium2Library">
<doc>Click the element identified by ``locator``.</doc>
<arguments>
<arg>css=body &gt; div.cart_content.jsCartContent.cart-content-mob &gt; div.cart-close &gt; span.cart-close-btn.cart-close__icon</arg>
</arguments>
<msg timestamp="20210416 14:29:30.890" level="INFO">Clicking element 'css=body &gt; div.cart_content.jsCartContent.cart-content-mob &gt; div.cart-close &gt; span.cart-close-btn.cart-close__icon'.</msg>
<status status="PASS" starttime="20210416 14:29:30.889" endtime="20210416 14:29:31.681"></status>
</kw>
<kw name="Wait Until Page Contains Element" library="Selenium2Library">
<doc>Waits until the element ``locator`` appears on the current page.</doc>
<arguments>
<arg>${LOCLOGO}</arg>
</arguments>
<status status="PASS" starttime="20210416 14:29:31.681" endtime="20210416 14:29:31.695"></status>
</kw>
<status status="PASS" starttime="20210416 14:29:29.874" endtime="20210416 14:29:31.695"></status>
</kw>
<kw name="Check cart count after adding a mattress" library="keywords300">
<kw name="Evaluate" library="BuiltIn">
<doc>Evaluates the given expression in Python and returns the result.</doc>
<arguments>
<arg>${CartCount}</arg>
</arguments>
<assign>
<var>${BeforeShopping}</var>
</assign>
<msg timestamp="20210416 14:29:31.697" level="INFO">${BeforeShopping} = 0</msg>
<status status="PASS" starttime="20210416 14:29:31.696" endtime="20210416 14:29:31.697"></status>
</kw>
<kw name="Sleep" library="BuiltIn">
<doc>Pauses the test executed for the given time.</doc>
<arguments>
<arg>2s</arg>
</arguments>
<msg timestamp="20210416 14:29:33.703" level="INFO">Slept 2 seconds</msg>
<status status="PASS" starttime="20210416 14:29:31.697" endtime="20210416 14:29:33.703"></status>
</kw>
<kw name="Check current cart count" library="keywords300">
<kw name="Get Text" library="Selenium2Library">
<doc>Returns the text value of the element identified by ``locator``.</doc>
<arguments>
<arg>css=body &gt; div.shopify-section.header-section &gt; div &gt; header.main_header.feature_image &gt; div &gt; div &gt; div &gt; div.cart_container &gt; div &gt; a &gt; span</arg>
</arguments>
<assign>
<var>${CartText}</var>
</assign>
<msg timestamp="20210416 14:29:33.725" level="INFO">${CartText} = 2</msg>
<status status="PASS" starttime="20210416 14:29:33.703" endtime="20210416 14:29:33.725"></status>
</kw>
<kw name="Set Test Variable" library="BuiltIn">
<doc>Makes a variable available everywhere within the scope of the current test.</doc>
<arguments>
<arg>${CartCount}</arg>
<arg>${CartText}</arg>
</arguments>
<msg timestamp="20210416 14:29:33.725" level="INFO">${CartCount} = 2</msg>
<status status="PASS" starttime="20210416 14:29:33.725" endtime="20210416 14:29:33.725"></status>
</kw>
<status status="PASS" starttime="20210416 14:29:33.703" endtime="20210416 14:29:33.725"></status>
</kw>
<kw name="Evaluate" library="BuiltIn">
<doc>Evaluates the given expression in Python and returns the result.</doc>
<arguments>
<arg>${CartCount}-2</arg>
</arguments>
<assign>
<var>${AfterShopping}</var>
</assign>
<msg timestamp="20210416 14:29:33.725" level="INFO">${AfterShopping} = 0</msg>
<status status="PASS" starttime="20210416 14:29:33.725" endtime="20210416 14:29:33.725"></status>
</kw>
<kw name="Run Keyword If" library="BuiltIn">
<doc>Runs the given keyword with the given arguments, if ``condition`` is true.</doc>
<arguments>
<arg>${BeforeShopping}!=${AfterShopping}</arg>
<arg>Fail</arg>
<arg>Wrong cart count after adding a mattress</arg>
</arguments>
<status status="PASS" starttime="20210416 14:29:33.726" endtime="20210416 14:29:33.726"></status>
</kw>
<status status="PASS" starttime="20210416 14:29:31.696" endtime="20210416 14:29:33.726"></status>
</kw>
<status status="PASS" starttime="20210416 14:29:04.749" endtime="20210416 14:29:33.726" critical="yes"></status>
</test>
<test id="s1-t11" name="Verify sale details, sizes, and prices on Puffy Lux Mattress PDP then add to cart">
<kw name="Go to Puffy Lux Mattress Product Page" library="keywords300">
<kw name="Mouse Over" library="Selenium2Library">
<doc>Simulates hovering the mouse over the element ``locator``.</doc>
<arguments>
<arg>${LOCMATTRESSES}</arg>
</arguments>
<msg timestamp="20210416 14:29:33.728" level="INFO">Simulating Mouse Over on element 'css=body &gt; div.shopify-section.header-section &gt; div &gt; header.main_header &gt; div &gt; div &gt; div &gt; div.nav &gt; ul &gt; li:nth-child(1) &gt; a'.</msg>
<status status="PASS" starttime="20210416 14:29:33.728" endtime="20210416 14:29:34.014"></status>
</kw>
<kw name="Sleep" library="BuiltIn">
<doc>Pauses the test executed for the given time.</doc>
<arguments>
<arg>2s</arg>
</arguments>
<msg timestamp="20210416 14:29:36.019" level="INFO">Slept 2 seconds</msg>
<status status="PASS" starttime="20210416 14:29:34.015" endtime="20210416 14:29:36.019"></status>
</kw>
<kw name="Click Element" library="Selenium2Library">
<doc>Click the element identified by ``locator``.</doc>
<arguments>
<arg>${LOCPUFFYLUXMATTRESS}</arg>
</arguments>
<msg timestamp="20210416 14:29:36.020" level="INFO">Clicking element 'css=body &gt; div.shopify-section.header-section &gt; div &gt; header.main_header &gt; div &gt; div &gt; div &gt; div.dropdown_container.mega-menu.mega-menu-1 &gt; div &gt; div.dropdown_content &gt; div:nth-child(2) &gt; div.mega-menu__image-caption-link &gt; a &gt; div.image-element__wrap &gt; img'.</msg>
<status status="PASS" starttime="20210416 14:29:36.019" endtime="20210416 14:29:36.113"></status>
</kw>
<kw name="Wait Until Page Contains" library="Selenium2Library">
<doc>Waits until ``text`` appears on the current page.</doc>
<arguments>
<arg>12 REASONS TO CHOOSE</arg>
</arguments>
<status status="PASS" starttime="20210416 14:29:36.113" endtime="20210416 14:29:39.556"></status>
</kw>
<status status="PASS" starttime="20210416 14:29:33.728" endtime="20210416 14:29:39.557"></status>
</kw>
<kw name="Check Seasonal Sale text on badges (PDP)" library="keywords300">
<kw name="Sleep" library="BuiltIn">
<doc>Pauses the test executed for the given time.</doc>
<arguments>
<arg>2s</arg>
</arguments>
<msg timestamp="20210416 14:29:41.574" level="INFO">Slept 2 seconds</msg>
<status status="PASS" starttime="20210416 14:29:39.558" endtime="20210416 14:29:41.574"></status>
</kw>
<kw name="Get Text" library="Selenium2Library">
<doc>Returns the text value of the element identified by ``locator``.</doc>
<arguments>
<arg>css=#NEW_YEAR_S_SALE_FREE_ACCESSORIES_UP_TO_440 &gt; tspan:nth-child(1)</arg>
</arguments>
<assign>
<var>${Content}</var>
</assign>
<msg timestamp="20210416 14:29:41.614" level="INFO">${Content} = SPRING SALE NOW</msg>
<status status="PASS" starttime="20210416 14:29:41.574" endtime="20210416 14:29:41.614"></status>
</kw>
<kw name="Run Keyword If" library="BuiltIn">
<doc>Runs the given keyword with the given arguments, if ``condition`` is true.</doc>
<arguments>
<arg>"${Content}"!="${SALENAME}"</arg>
<arg>Fail</arg>
<arg>Wrong Seasonal Sale text on badges Expected: ${SALENAME} Actual: ${Content}</arg>
</arguments>
<status status="PASS" starttime="20210416 14:29:41.614" endtime="20210416 14:29:41.614"></status>
</kw>
<status status="PASS" starttime="20210416 14:29:39.557" endtime="20210416 14:29:41.614"></status>
</kw>
<kw name="Check discount value and freebie on Mattress PDPs" library="keywords300">
<kw name="Get Text" library="Selenium2Library">
<doc>Returns the text value of the element identified by ``locator``.</doc>
<arguments>
<arg>css=#NEW_YEAR_S_SALE_FREE_ACCESSORIES_UP_TO_440 &gt; tspan.cls-mattress-badge3</arg>
</arguments>
<assign>
<var>${Content}</var>
</assign>
<msg timestamp="20210416 14:29:41.645" level="INFO">${Content} = $300 OFF + FREE PILLOW</msg>
<status status="PASS" starttime="20210416 14:29:41.615" endtime="20210416 14:29:41.645"></status>
</kw>
<kw name="Run Keyword If" library="BuiltIn">
<doc>Runs the given keyword with the given arguments, if ``condition`` is true.</doc>
<arguments>
<arg>"${Content}"!="${SALEDETAILS}"</arg>
<arg>Fail</arg>
<arg>Wrong discount value and freebie text on mattress PDP Expected: ${SALEDETAILS} Actual: ${Content}</arg>
</arguments>
<status status="PASS" starttime="20210416 14:29:41.645" endtime="20210416 14:29:41.646"></status>
</kw>
<status status="PASS" starttime="20210416 14:29:41.614" endtime="20210416 14:29:41.646"></status>
</kw>
<kw name="Click size dropdown for Puffy Lux Mattress" library="keywords300">
<kw name="Wait Until Page Contains Element" library="Selenium2Library">
<doc>Waits until the element ``locator`` appears on the current page.</doc>
<arguments>
<arg>css=#product_form_549302042658 &gt; div.product-variants-holder &gt; div.selector-wrapper.withQueen.jsRealOptions.product-size &gt; div &gt; div</arg>
</arguments>
<status status="PASS" starttime="20210416 14:29:41.646" endtime="20210416 14:29:41.661"></status>
</kw>
<kw name="Click Element" library="Selenium2Library">
<doc>Click the element identified by ``locator``.</doc>
<arguments>
<arg>css=#product_form_549302042658 &gt; div.product-variants-holder &gt; div.selector-wrapper.withQueen.jsRealOptions.product-size &gt; div &gt; div</arg>
</arguments>
<msg timestamp="20210416 14:29:41.662" level="INFO">Clicking element 'css=#product_form_549302042658 &gt; div.product-variants-holder &gt; div.selector-wrapper.withQueen.jsRealOptions.product-size &gt; div &gt; div'.</msg>
<status status="PASS" starttime="20210416 14:29:41.662" endtime="20210416 14:29:41.795"></status>
</kw>
<status status="PASS" starttime="20210416 14:29:41.646" endtime="20210416 14:29:41.795"></status>
</kw>
<kw name="Check Puffy Lux original prices (all sizes)" library="keywords300">
<kw name="Wait Until Element Is Visible" library="Selenium2Library">
<doc>Waits until the element ``locator`` is visible.</doc>
<arguments>
<arg>css=#product_form_549302042658 &gt; div.product-variants-holder &gt; div.selector-wrapper.withQueen.jsRealOptions.product-size &gt; div &gt; ul &gt; li:nth-child(1) &gt; span &gt; del &gt; span.original-price</arg>
</arguments>
<status status="PASS" starttime="20210416 14:29:41.830" endtime="20210416 14:29:41.935"></status>
</kw>
<kw name="Get Text" library="Selenium2Library">
<doc>Returns the text value of the element identified by ``locator``.</doc>
<arguments>
<arg>css=#product_form_549302042658 &gt; div.product-variants-holder &gt; div.selector-wrapper.withQueen.jsRealOptions.product-size &gt; div &gt; ul &gt; li:nth-child(1) &gt; span &gt; del &gt; span.original-price</arg>
</arguments>
<assign>
<var>${Content}</var>
</assign>
<msg timestamp="20210416 14:29:41.989" level="INFO">${Content} = $1,445</msg>
<status status="PASS" starttime="20210416 14:29:41.935" endtime="20210416 14:29:41.989"></status>
</kw>
<kw name="Run Keyword If" library="BuiltIn">
<doc>Runs the given keyword with the given arguments, if ``condition`` is true.</doc>
<arguments>
<arg>'${Content}'!='${PUFFYLUXMATTRESSTWINORIGINAL}'</arg>
<arg>Fail</arg>
<arg>Wrong original price for Puffy Lux Mattress Twin Expected: ${PUFFYLUXMATTRESSTWINORIGINAL} Actual: ${Content}</arg>
</arguments>
<status status="PASS" starttime="20210416 14:29:41.989" endtime="20210416 14:29:41.989"></status>
</kw>
<kw name="Get Text" library="Selenium2Library">
<doc>Returns the text value of the element identified by ``locator``.</doc>
<arguments>
<arg>css=#product_form_549302042658 &gt; div.product-variants-holder &gt; div.selector-wrapper.withQueen.jsRealOptions.product-size &gt; div &gt; ul &gt; li:nth-child(2) &gt; span &gt; del &gt; span.original-price</arg>
</arguments>
<assign>
<var>${Content}</var>
</assign>
<msg timestamp="20210416 14:29:42.015" level="INFO">${Content} = $1,495</msg>
<status status="PASS" starttime="20210416 14:29:41.990" endtime="20210416 14:29:42.015"></status>
</kw>
<kw name="Run Keyword If" library="BuiltIn">
<doc>Runs the given keyword with the given arguments, if ``condition`` is true.</doc>
<arguments>
<arg>'${Content}'!='${PUFFYLUXMATTRESSTWINXLORIGINAL}'</arg>
<arg>Fail</arg>
<arg>Wrong original price for Puffy Lux Mattress Twin XL Expected: ${PUFFYLUXMATTRESSTWINXLORIGINAL} Actual: ${Content}</arg>
</arguments>
<status status="PASS" starttime="20210416 14:29:42.015" endtime="20210416 14:29:42.016"></status>
</kw>
<kw name="Get Text" library="Selenium2Library">
<doc>Returns the text value of the element identified by ``locator``.</doc>
<arguments>
<arg>css=#product_form_549302042658 &gt; div.product-variants-holder &gt; div.selector-wrapper.withQueen.jsRealOptions.product-size &gt; div &gt; ul &gt; li:nth-child(3) &gt; span &gt; del &gt; span.original-price</arg>
</arguments>
<assign>
<var>${Content}</var>
</assign>
<msg timestamp="20210416 14:29:42.051" level="INFO">${Content} = $1,595</msg>
<status status="PASS" starttime="20210416 14:29:42.016" endtime="20210416 14:29:42.051"></status>
</kw>
<kw name="Run Keyword If" library="BuiltIn">
<doc>Runs the given keyword with the given arguments, if ``condition`` is true.</doc>
<arguments>
<arg>'${Content}'!='${PUFFYLUXMATTRESSFULLORIGINAL}'</arg>
<arg>Fail</arg>
<arg>Wrong original price for Puffy Lux Mattress Full Expected: ${PUFFYLUXMATTRESSFULLORIGINAL} Actual: ${Content}</arg>
</arguments>
<status status="PASS" starttime="20210416 14:29:42.051" endtime="20210416 14:29:42.052"></status>
</kw>
<kw name="Get Text" library="Selenium2Library">
[...]
</arguments>
<assign>
<var>${TotalSavings}</var>
</assign>
<msg timestamp="20210416 14:33:52.474" level="INFO">${TotalSavings} = $2,255</msg>
<status status="PASS" starttime="20210416 14:33:52.445" endtime="20210416 14:33:52.474"></status>
</kw>
<kw name="Run Keyword If" library="BuiltIn">
<doc>Runs the given keyword with the given arguments, if ``condition`` is true.</doc>
<arguments>
<arg>'${TotalSavings}'!='${TOTALSAVINGS}'</arg>
<arg>Fail</arg>
<arg>Wrong Product in Order Summary. Expected: ${TOTALSAVINGS} Actual: ${TotalSavings}</arg>
</arguments>
<status status="PASS" starttime="20210416 14:33:52.474" endtime="20210416 14:33:52.475"></status>
</kw>
<status status="PASS" starttime="20210416 14:33:52.445" endtime="20210416 14:33:52.475"></status>
</kw>
<kw name="Verify if Subtotal amount is correct" library="keywords300">
<kw name="Get Text" library="Selenium2Library">
<doc>Returns the text value of the element identified by ``locator``.</doc>
<arguments>
<arg>css=#order-summary &gt; div &gt; div.order-summary__section.order-summary__section--total-lines &gt; table &gt; tbody &gt; tr.total-line.total-line--subtotal &gt; td &gt; span</arg>
</arguments>
<assign>
<var>${SubTotal}</var>
</assign>
<msg timestamp="20210416 14:33:52.504" level="INFO">${SubTotal} = $9,065.00</msg>
<status status="PASS" starttime="20210416 14:33:52.476" endtime="20210416 14:33:52.504"></status>
</kw>
<kw name="Run Keyword If" library="BuiltIn">
<doc>Runs the given keyword with the given arguments, if ``condition`` is true.</doc>
<arguments>
<arg>'${SubTotal}'!='${SUBTOTAL}'</arg>
<arg>Fail</arg>
<arg>Wrong Product in Order Summary. Expected: ${SUBTOTAL} Actual: ${SubTotal}</arg>
</arguments>
<status status="PASS" starttime="20210416 14:33:52.505" endtime="20210416 14:33:52.505"></status>
</kw>
<status status="PASS" starttime="20210416 14:33:52.475" endtime="20210416 14:33:52.505"></status>
</kw>
<kw name="Verify if Shipping amount is correct" library="keywords300">
<kw name="Get Text" library="Selenium2Library">
<doc>Returns the text value of the element identified by ``locator``.</doc>
<arguments>
<arg>css=#order-summary &gt; div &gt; div.order-summary__section.order-summary__section--total-lines &gt; table &gt; tbody &gt; tr.total-line.total-line--shipping &gt; td &gt; span</arg>
</arguments>
<assign>
<var>${Shipping}</var>
</assign>
<msg timestamp="20210416 14:33:52.528" level="INFO">${Shipping} = Free</msg>
<status status="PASS" starttime="20210416 14:33:52.506" endtime="20210416 14:33:52.528"></status>
</kw>
<kw name="Run Keyword If" library="BuiltIn">
<doc>Runs the given keyword with the given arguments, if ``condition`` is true.</doc>
<arguments>
<arg>'${Shipping}'!='${SHIPPING}'</arg>
<arg>Fail</arg>
<arg>Wrong Product in Order Summary. Expected: ${SHIPPING} Actual: ${Shipping}</arg>
</arguments>
<status status="PASS" starttime="20210416 14:33:52.528" endtime="20210416 14:33:52.528"></status>
</kw>
<status status="PASS" starttime="20210416 14:33:52.505" endtime="20210416 14:33:52.528"></status>
</kw>
<kw name="Verify if Total amount is correct" library="keywords300">
<kw name="Get Text" library="Selenium2Library">
<doc>Returns the text value of the element identified by ``locator``.</doc>
<arguments>
<arg>css=#order-summary &gt; div &gt; div.order-summary__section.order-summary__section--total-lines &gt; table &gt; tfoot &gt; tr &gt; td &gt; span.payment-due__price.skeleton-while-loading--lg</arg>
</arguments>
<assign>
<var>${Total}</var>
</assign>
<msg timestamp="20210416 14:33:52.559" level="INFO">${Total} = $9,065.00</msg>
<status status="PASS" starttime="20210416 14:33:52.529" endtime="20210416 14:33:52.559"></status>
</kw>
<kw name="Run Keyword If" library="BuiltIn">
<doc>Runs the given keyword with the given arguments, if ``condition`` is true.</doc>
<arguments>
<arg>'${Total}'!='${TOTAL}'</arg>
<arg>Fail</arg>
<arg>Wrong Product in Order Summary. Expected: ${TOTAL}</arg>
<arg>Actual: ${Total}</arg>
</arguments>
<status status="PASS" starttime="20210416 14:33:52.559" endtime="20210416 14:33:52.559"></status>
</kw>
<status status="PASS" starttime="20210416 14:33:52.529" endtime="20210416 14:33:52.559"></status>
</kw>
<status status="PASS" starttime="20210416 14:33:50.856" endtime="20210416 14:33:52.560" critical="yes"></status>
</test>
<test id="s1-t23" name="Verify if Paypal is opening">
<kw name="Select and proceed with Paypal" library="keywords300">
<kw name="Wait Until Page Contains Element" library="Selenium2Library">
<doc>Waits until the element ``locator`` appears on the current page.</doc>
<arguments>
<arg>css=#checkout_payment_gateway_22050897954</arg>
</arguments>
<status status="PASS" starttime="20210416 14:33:52.562" endtime="20210416 14:33:52.575"></status>
</kw>
<kw name="Click Element" library="Selenium2Library">
<doc>Click the element identified by ``locator``.</doc>
<arguments>
<arg>css=#checkout_payment_gateway_22050897954</arg>
</arguments>
<msg timestamp="20210416 14:33:52.576" level="INFO">Clicking element 'css=#checkout_payment_gateway_22050897954'.</msg>
<status status="PASS" starttime="20210416 14:33:52.575" endtime="20210416 14:33:52.677"></status>
</kw>
<kw name="Sleep" library="BuiltIn">
<doc>Pauses the test executed for the given time.</doc>
<arguments>
<arg>2s</arg>
</arguments>
<msg timestamp="20210416 14:33:54.692" level="INFO">Slept 2 seconds</msg>
<status status="PASS" starttime="20210416 14:33:52.677" endtime="20210416 14:33:54.693"></status>
</kw>
<kw name="Click Element" library="Selenium2Library">
<doc>Click the element identified by ``locator``.</doc>
<arguments>
<arg>css=#checkout_different_billing_address_false</arg>
</arguments>
<msg timestamp="20210416 14:33:54.693" level="INFO">Clicking element 'css=#checkout_different_billing_address_false'.</msg>
<status status="PASS" starttime="20210416 14:33:54.693" endtime="20210416 14:33:54.779"></status>
</kw>
<kw name="Sleep" library="BuiltIn">
<doc>Pauses the test executed for the given time.</doc>
<arguments>
<arg>2s</arg>
</arguments>
<msg timestamp="20210416 14:33:56.791" level="INFO">Slept 2 seconds</msg>
<status status="PASS" starttime="20210416 14:33:54.779" endtime="20210416 14:33:56.791"></status>
</kw>
<kw name="Click Element" library="Selenium2Library">
<doc>Click the element identified by ``locator``.</doc>
<arguments>
<arg>xpath=//*[@id="continue_button"]</arg>
</arguments>
<msg timestamp="20210416 14:33:56.792" level="INFO">Clicking element 'xpath=//*[@id="continue_button"]'.</msg>
<status status="PASS" starttime="20210416 14:33:56.791" endtime="20210416 14:33:56.875"></status>
</kw>
<kw name="Sleep" library="BuiltIn">
<doc>Pauses the test executed for the given time.</doc>
<arguments>
<arg>5s</arg>
</arguments>
<msg timestamp="20210416 14:34:01.889" level="INFO">Slept 5 seconds</msg>
<status status="PASS" starttime="20210416 14:33:56.875" endtime="20210416 14:34:01.889"></status>
</kw>
<kw name="Wait Until Page Contains Element" library="Selenium2Library">
<doc>Waits until the element ``locator`` appears on the current page.</doc>
<arguments>
<arg>css=#acceptAllButton</arg>
</arguments>
<status status="PASS" starttime="20210416 14:34:01.889" endtime="20210416 14:34:06.850"></status>
</kw>
<kw name="Sleep" library="BuiltIn">
<doc>Pauses the test executed for the given time.</doc>
<arguments>
<arg>2s</arg>
</arguments>
<msg timestamp="20210416 14:34:08.852" level="INFO">Slept 2 seconds</msg>
<status status="PASS" starttime="20210416 14:34:06.851" endtime="20210416 14:34:08.852"></status>
</kw>
<kw name="Element Should Be Visible" library="Selenium2Library">
<doc>Verifies that the element identified by ``locator`` is visible.</doc>
<arguments>
<arg>css=#acceptAllButton</arg>
</arguments>
<msg timestamp="20210416 14:34:08.880" level="INFO">Element 'css=#acceptAllButton' is displayed.</msg>
<status status="PASS" starttime="20210416 14:34:08.852" endtime="20210416 14:34:08.880"></status>
</kw>
<kw name="Click Element" library="Selenium2Library">
<doc>Click the element identified by ``locator``.</doc>
<arguments>
<arg>css=#acceptAllButton</arg>
</arguments>
<msg timestamp="20210416 14:34:08.880" level="INFO">Clicking element 'css=#acceptAllButton'.</msg>
<status status="PASS" starttime="20210416 14:34:08.880" endtime="20210416 14:34:08.978"></status>
</kw>
<kw name="Wait Until Page Contains" library="Selenium2Library">
<doc>Waits until ``text`` appears on the current page.</doc>
<arguments>
<arg>Cancel and return to Puffy LLC</arg>
</arguments>
<status status="PASS" starttime="20210416 14:34:08.978" endtime="20210416 14:34:08.993"></status>
</kw>
<kw name="Get Text" library="Selenium2Library">
<doc>Returns the text value of the element identified by ``locator``.</doc>
<arguments>
<arg>css=#headerText</arg>
</arguments>
<assign>
<var>${Content}</var>
</assign>
<msg timestamp="20210416 14:34:09.021" level="INFO">${Content} = Pay with PayPal</msg>
<status status="PASS" starttime="20210416 14:34:08.994" endtime="20210416 14:34:09.021"></status>
</kw>
<kw name="Run Keyword If" library="BuiltIn">
<doc>Runs the given keyword with the given arguments, if ``condition`` is true.</doc>
<arguments>
<arg>'${Content}'!='${TEXTPAYPALH1}'</arg>
<arg>Fail</arg>
<arg>Paypal (H1) not found Expected: ${TEXTPAYPALH1} Actual: ${Content}</arg>
</arguments>
<status status="PASS" starttime="20210416 14:34:09.021" endtime="20210416 14:34:09.021"></status>
</kw>
<kw name="Sleep" library="BuiltIn">
<doc>Pauses the test executed for the given time.</doc>
<arguments>
<arg>2s</arg>
</arguments>
<msg timestamp="20210416 14:34:11.034" level="INFO">Slept 2 seconds</msg>
<status status="PASS" starttime="20210416 14:34:09.022" endtime="20210416 14:34:11.034"></status>
</kw>
<kw name="Click Link" library="Selenium2Library">
<doc>Clicks a link identified by ``locator``.</doc>
<arguments>
<arg>link:Cancel and return to Puffy LLC</arg>
</arguments>
<msg timestamp="20210416 14:34:11.034" level="INFO">Clicking link 'link:Cancel and return to Puffy LLC'.</msg>
<status status="PASS" starttime="20210416 14:34:11.034" endtime="20210416 14:34:11.134"></status>
</kw>
<kw name="Sleep" library="BuiltIn">
<doc>Pauses the test executed for the given time.</doc>
<arguments>
<arg>5s</arg>
</arguments>
<msg timestamp="20210416 14:34:16.148" level="INFO">Slept 5 seconds</msg>
<status status="PASS" starttime="20210416 14:34:11.135" endtime="20210416 14:34:16.148"></status>
</kw>
<kw name="Wait Until Page Contains" library="Selenium2Library">
<doc>Waits until ``text`` appears on the current page.</doc>
<arguments>
<arg>All transactions are secure and encrypted.</arg>
</arguments>
<status status="PASS" starttime="20210416 14:34:16.148" endtime="20210416 14:34:17.100"></status>
</kw>
<status status="PASS" starttime="20210416 14:33:52.561" endtime="20210416 14:34:17.100"></status>
</kw>
<status status="PASS" starttime="20210416 14:33:52.561" endtime="20210416 14:34:17.100" critical="yes"></status>
</test>
<test id="s1-t24" name="Verify if Klarna is opening">
<kw name="Select and proceed with Klarna" library="keywords300">
<kw name="Sleep" library="BuiltIn">
<doc>Pauses the test executed for the given time.</doc>
<arguments>
<arg>2s</arg>
</arguments>
<msg timestamp="20210416 14:34:19.115" level="INFO">Slept 2 seconds</msg>
<status status="PASS" starttime="20210416 14:34:17.104" endtime="20210416 14:34:19.115"></status>
</kw>
<kw name="Wait Until Page Contains Element" library="Selenium2Library">
<doc>Waits until the element ``locator`` appears on the current page.</doc>
<arguments>
<arg>css=#checkout_payment_gateway_122164302</arg>
</arguments>
<status status="PASS" starttime="20210416 14:34:19.115" endtime="20210416 14:34:19.128"></status>
</kw>
<kw name="Click Element" library="Selenium2Library">
<doc>Click the element identified by ``locator``.</doc>
<arguments>
<arg>css=#checkout_payment_gateway_122164302</arg>
</arguments>
<msg timestamp="20210416 14:34:19.129" level="INFO">Clicking element 'css=#checkout_payment_gateway_122164302'.</msg>
<status status="PASS" starttime="20210416 14:34:19.128" endtime="20210416 14:34:19.238"></status>
</kw>
<kw name="Sleep" library="BuiltIn">
<doc>Pauses the test executed for the given time.</doc>
<arguments>
<arg>2s</arg>
</arguments>
<msg timestamp="20210416 14:34:21.240" level="INFO">Slept 2 seconds</msg>
<status status="PASS" starttime="20210416 14:34:19.238" endtime="20210416 14:34:21.240"></status>
</kw>
<kw name="Click Element" library="Selenium2Library">
<doc>Click the element identified by ``locator``.</doc>
<arguments>
<arg>xpath=//*[@id="continue_button"]</arg>
</arguments>
<msg timestamp="20210416 14:34:21.240" level="INFO">Clicking element 'xpath=//*[@id="continue_button"]'.</msg>
<status status="PASS" starttime="20210416 14:34:21.240" endtime="20210416 14:34:21.351"></status>
</kw>
<kw name="Sleep" library="BuiltIn">
<doc>Pauses the test executed for the given time.</doc>
<arguments>
<arg>5s</arg>
</arguments>
<msg timestamp="20210416 14:34:26.367" level="INFO">Slept 5 seconds</msg>
<status status="PASS" starttime="20210416 14:34:21.352" endtime="20210416 14:34:26.367"></status>
</kw>
<kw name="Wait Until Page Contains" library="Selenium2Library">
<doc>Waits until ``text`` appears on the current page.</doc>
<arguments>
<arg>Change Payment Method</arg>
</arguments>
<status status="PASS" starttime="20210416 14:34:26.367" endtime="20210416 14:34:36.076"></status>
</kw>
<kw name="Sleep" library="BuiltIn">
<doc>Pauses the test executed for the given time.</doc>
<arguments>
<arg>5s</arg>
</arguments>
<msg timestamp="20210416 14:34:41.090" level="INFO">Slept 5 seconds</msg>
<status status="PASS" starttime="20210416 14:34:36.077" endtime="20210416 14:34:41.090"></status>
</kw>
<kw name="Click Element" library="Selenium2Library">
<doc>Click the element identified by ``locator``.</doc>
<arguments>
<arg>css=#changePaymentMethod &gt; a</arg>
</arguments>
<msg timestamp="20210416 14:34:41.091" level="INFO">Clicking element 'css=#changePaymentMethod &gt; a'.</msg>
<status status="PASS" starttime="20210416 14:34:41.090" endtime="20210416 14:34:46.496"></status>
</kw>
<kw name="Sleep" library="BuiltIn">
<doc>Pauses the test executed for the given time.</doc>
<arguments>
<arg>2s</arg>
</arguments>
<msg timestamp="20210416 14:34:48.513" level="INFO">Slept 2 seconds</msg>
<status status="PASS" starttime="20210416 14:34:46.496" endtime="20210416 14:34:48.513"></status>
</kw>
<kw name="Wait Until Page Contains" library="Selenium2Library">
<doc>Waits until ``text`` appears on the current page.</doc>
<arguments>
<arg>All transactions are secure and encrypted.</arg>
</arguments>
<status status="PASS" starttime="20210416 14:34:48.513" endtime="20210416 14:34:48.529"></status>
</kw>
<status status="PASS" starttime="20210416 14:34:17.103" endtime="20210416 14:34:48.530"></status>
</kw>
<status status="PASS" starttime="20210416 14:34:17.102" endtime="20210416 14:34:48.530" critical="yes"></status>
</test>
<test id="s1-t25" name="Verify if Splitit is opening">
<kw name="Select and proceed with Splitit" library="keywords300">
<kw name="Wait Until Page Contains Element" library="Selenium2Library">
<doc>Waits until the element ``locator`` appears on the current page.</doc>
<arguments>
<arg>css=#checkout_payment_gateway_40271216674</arg>
</arguments>
<status status="PASS" starttime="20210416 14:34:48.532" endtime="20210416 14:34:48.543"></status>
</kw>
<kw name="Click Element" library="Selenium2Library">
<doc>Click the element identified by ``locator``.</doc>
<arguments>
<arg>css=#checkout_payment_gateway_40271216674</arg>
</arguments>
<msg timestamp="20210416 14:34:48.543" level="INFO">Clicking element 'css=#checkout_payment_gateway_40271216674'.</msg>
<status status="PASS" starttime="20210416 14:34:48.543" endtime="20210416 14:34:48.650"></status>
</kw>
<kw name="Sleep" library="BuiltIn">
<doc>Pauses the test executed for the given time.</doc>
<arguments>
<arg>2s</arg>
</arguments>
<msg timestamp="20210416 14:34:50.662" level="INFO">Slept 2 seconds</msg>
<status status="PASS" starttime="20210416 14:34:48.650" endtime="20210416 14:34:50.662"></status>
</kw>
<kw name="Click Element" library="Selenium2Library">
<doc>Click the element identified by ``locator``.</doc>
<arguments>
<arg>xpath=//*[@id="continue_button"]</arg>
</arguments>
<msg timestamp="20210416 14:34:50.663" level="INFO">Clicking element 'xpath=//*[@id="continue_button"]'.</msg>
<status status="PASS" starttime="20210416 14:34:50.662" endtime="20210416 14:34:50.858"></status>
</kw>
<kw name="Sleep" library="BuiltIn">
<doc>Pauses the test executed for the given time.</doc>
<arguments>
<arg>5s</arg>
</arguments>
<msg timestamp="20210416 14:34:55.860" level="INFO">Slept 5 seconds</msg>
<status status="PASS" starttime="20210416 14:34:50.858" endtime="20210416 14:34:55.860"></status>
</kw>
<kw name="Wait Until Page Contains" library="Selenium2Library">
<doc>Waits until ``text`` appears on the current page.</doc>
<arguments>
<arg>Order Total</arg>
</arguments>
<status status="PASS" starttime="20210416 14:34:55.860" endtime="20210416 14:35:01.129"></status>
</kw>
<kw name="Get Text" library="Selenium2Library">
<doc>Returns the text value of the element identified by ``locator``.</doc>
<arguments>
<arg>css=#maincontent &gt; app-main-page &gt; div &gt; app-footer &gt; footer &gt; div &gt; div.how-works.ng-star-inserted &gt; a</arg>
</arguments>
<assign>
<var>${Content}</var>
</assign>
<kw name="Capture Page Screenshot" library="Selenium2Library">
<doc>Takes a screenshot of the current page and embeds it into a log file.</doc>
<msg timestamp="20210416 14:35:01.522" level="INFO" html="yes">&lt;/td&gt;&lt;/tr&gt;&lt;tr&gt;&lt;td colspan="3"&gt;&lt;a href="selenium-screenshot-3.png"&gt;&lt;img src="selenium-screenshot-3.png" width="800px"&gt;&lt;/a&gt;</msg>
<status status="PASS" starttime="20210416 14:35:01.139" endtime="20210416 14:35:01.522"></status>
</kw>
<msg timestamp="20210416 14:35:01.525" level="FAIL">Element with locator 'css=#maincontent &gt; app-main-page &gt; div &gt; app-footer &gt; footer &gt; div &gt; div.how-works.ng-star-inserted &gt; a' not found.</msg>
<status status="FAIL" starttime="20210416 14:35:01.129" endtime="20210416 14:35:01.525"></status>
</kw>
<status status="FAIL" starttime="20210416 14:34:48.532" endtime="20210416 14:35:01.525"></status>
</kw>
<status status="FAIL" starttime="20210416 14:34:48.532" endtime="20210416 14:35:01.526" critical="yes">Element with locator 'css=#maincontent &gt; app-main-page &gt; div &gt; app-footer &gt; footer &gt; div &gt; div.how-works.ng-star-inserted &gt; a' not found.</status>
</test>
<test id="s1-t26" name="Stop Video Recording">
<kw name="Stop All Video Recordings" library="ScreenCapLibrary">
<doc>Stops all the video recordings and generates the files in WebM format. If ``embed`` argument
was set to ``True`` the videos will be displayed in the log file.</doc>
<msg timestamp="20210416 14:35:01.561" level="INFO" html="yes">&lt;a href="recording_1.webm"&gt;&lt;video width="800px" autoplay&gt;&lt;source src="recording_1.webm" type="video/webm"&gt;&lt;/video&gt;&lt;/a&gt;</msg>
<status status="PASS" starttime="20210416 14:35:01.529" endtime="20210416 14:35:01.562"></status>
</kw>
<status status="PASS" starttime="20210416 14:35:01.528" endtime="20210416 14:35:01.562" critical="yes"></status>
</test>
<doc>This is for checking all the places where we should update the seasonal promotion</doc>
<status status="FAIL" starttime="20210416 14:27:27.544" endtime="20210416 14:35:01.565"></status>
</suite>
<statistics>
<total>
<stat pass="24" fail="2">Critical Tests</stat>
<stat pass="24" fail="2">All Tests</stat>
</total>
<tag>
</tag>
<suite>
<stat pass="24" fail="2" id="s1" name="Smoketest">Smoketest</stat>
</suite>
</statistics>
<errors>
<msg timestamp="20210416 14:33:50.856" level="WARN">Multiple test cases with name 'Verify all products in checkout before adding address details' executed in test suite 'Smoketest'.</msg>
</errors>
</robot>
