<?xml version="1.0" encoding="UTF-8"?>
<robot generator="Robot 3.2.2 (Python 3.9.1 on win32)" generated="20210216 20:05:25.438" rpa="false">
<suite id="s1" name="Pdpprice" source="C:\Users\Jollyver\PycharmProjects\PuffyDesktopAutomation\TestFiles\STFinalVersion\pdpprice.robot">
<test id="s1-t1" name="Start Record Video">
<kw name="Initiate Video Recording" library="keywords300">
<kw name="Start Video Recording" library="ScreenCapLibrary">
<doc>Starts the recording of a video in the background with the specified ``name``.
The recording can be stopped by calling the `Stop Video Recording` keyword.</doc>
<arguments>
<arg>alias=FallSale name=FallSale</arg>
</arguments>
<msg timestamp="20210216 20:05:28.378" level="INFO">Automatically setting a fps of 8.5</msg>
<status status="PASS" starttime="20210216 20:05:26.216" endtime="20210216 20:05:28.381"></status>
</kw>
<status status="PASS" starttime="20210216 20:05:26.215" endtime="20210216 20:05:28.381"></status>
</kw>
<status status="PASS" starttime="20210216 20:05:26.214" endtime="20210216 20:05:28.383" critical="yes"></status>
</test>
<test id="s1-t2" name="Verify the Sale Popup appears">
<kw name="Open Login Screen" library="keywords300">
<kw name="Open Browser" library="Selenium2Library">
<doc>Opens a new browser instance to the optional ``url``.</doc>
<arguments>
<arg>${HOMEPAGE}</arg>
<arg>${SYSTEMBROWSER}</arg>
</arguments>
<msg timestamp="20210216 20:05:28.387" level="INFO">Opening browser 'Chrome' to base url 'https://puffy.com/'.</msg>
<status status="PASS" starttime="20210216 20:05:28.386" endtime="20210216 20:06:00.591"></status>
</kw>
<kw name="Maximize Browser Window" library="Selenium2Library">
<doc>Maximizes current browser window.</doc>
<status status="PASS" starttime="20210216 20:06:00.591" endtime="20210216 20:06:02.767"></status>
</kw>
<kw name="Wait Until Page Contains Element" library="Selenium2Library">
<doc>Waits until the element ``locator`` appears on the current page.</doc>
<arguments>
<arg>css=#saleTimer &gt; div:nth-child(1) &gt; div</arg>
</arguments>
<status status="PASS" starttime="20210216 20:06:02.768" endtime="20210216 20:06:02.840"></status>
</kw>
<status status="PASS" starttime="20210216 20:05:28.386" endtime="20210216 20:06:02.840"></status>
</kw>
<kw name="Wait and dismiss popup" library="keywords300">
<kw name="Sleep" library="BuiltIn">
<doc>Pauses the test executed for the given time.</doc>
<arguments>
<arg>5s</arg>
</arguments>
<msg timestamp="20210216 20:06:07.853" level="INFO">Slept 5 seconds</msg>
<status status="PASS" starttime="20210216 20:06:02.843" endtime="20210216 20:06:07.853"></status>
</kw>
<kw name="Run Keyword And Return Status" library="BuiltIn">
<doc>Runs the given keyword with given arguments and returns the status as a Boolean value.</doc>
<arguments>
<arg>Element should be visible</arg>
<arg>xpath=/html/body/div[2]/div[2]/div/div[1]/img</arg>
</arguments>
<assign>
<var>${check}</var>
</assign>
<kw name="Element Should Be Visible" library="Selenium2Library">
<doc>Verifies that the element identified by ``locator`` is visible.</doc>
<arguments>
<arg>xpath=/html/body/div[2]/div[2]/div/div[1]/img</arg>
</arguments>
<kw name="Capture Page Screenshot" library="Selenium2Library">
<doc>Takes a screenshot of the current page and embeds it into a log file.</doc>
<msg timestamp="20210216 20:06:08.852" level="INFO" html="yes">&lt;/td&gt;&lt;/tr&gt;&lt;tr&gt;&lt;td colspan="3"&gt;&lt;a href="selenium-screenshot-17.png"&gt;&lt;img src="selenium-screenshot-17.png" width="800px"&gt;&lt;/a&gt;</msg>
<status status="PASS" starttime="20210216 20:06:07.872" endtime="20210216 20:06:08.852"></status>
</kw>
<msg timestamp="20210216 20:06:08.854" level="FAIL">Element with locator 'xpath=/html/body/div[2]/div[2]/div/div[1]/img' not found.</msg>
<status status="FAIL" starttime="20210216 20:06:07.853" endtime="20210216 20:06:08.855"></status>
</kw>
<msg timestamp="20210216 20:06:08.855" level="INFO">${check} = False</msg>
<status status="PASS" starttime="20210216 20:06:07.853" endtime="20210216 20:06:08.855"></status>
</kw>
<kw name="Run Keyword If" library="BuiltIn">
<doc>Runs the given keyword with the given arguments, if ``condition`` is true.</doc>
<arguments>
<arg>${check} == False</arg>
<arg>Wait and dismiss popup</arg>
<arg>ELSE</arg>
<arg>Click element</arg>
<arg>css=#Layer_1 &gt; polygon</arg>
</arguments>
<kw name="Wait and dismiss popup" library="keywords300">
<kw name="Sleep" library="BuiltIn">
<doc>Pauses the test executed for the given time.</doc>
<arguments>
<arg>5s</arg>
</arguments>
<msg timestamp="20210216 20:06:13.871" level="INFO">Slept 5 seconds</msg>
<status status="PASS" starttime="20210216 20:06:08.856" endtime="20210216 20:06:13.871"></status>
</kw>
<kw name="Run Keyword And Return Status" library="BuiltIn">
<doc>Runs the given keyword with given arguments and returns the status as a Boolean value.</doc>
<arguments>
<arg>Element should be visible</arg>
<arg>xpath=/html/body/div[2]/div[2]/div/div[1]/img</arg>
</arguments>
<assign>
<var>${check}</var>
</assign>
<kw name="Element Should Be Visible" library="Selenium2Library">
<doc>Verifies that the element identified by ``locator`` is visible.</doc>
<arguments>
<arg>xpath=/html/body/div[2]/div[2]/div/div[1]/img</arg>
</arguments>
<kw name="Capture Page Screenshot" library="Selenium2Library">
<doc>Takes a screenshot of the current page and embeds it into a log file.</doc>
<msg timestamp="20210216 20:06:14.524" level="INFO" html="yes">&lt;/td&gt;&lt;/tr&gt;&lt;tr&gt;&lt;td colspan="3"&gt;&lt;a href="selenium-screenshot-18.png"&gt;&lt;img src="selenium-screenshot-18.png" width="800px"&gt;&lt;/a&gt;</msg>
<status status="PASS" starttime="20210216 20:06:13.880" endtime="20210216 20:06:14.525"></status>
</kw>
<msg timestamp="20210216 20:06:14.527" level="FAIL">Element with locator 'xpath=/html/body/div[2]/div[2]/div/div[1]/img' not found.</msg>
<status status="FAIL" starttime="20210216 20:06:13.871" endtime="20210216 20:06:14.527"></status>
</kw>
<msg timestamp="20210216 20:06:14.527" level="INFO">${check} = False</msg>
<status status="PASS" starttime="20210216 20:06:13.871" endtime="20210216 20:06:14.527"></status>
</kw>
<kw name="Run Keyword If" library="BuiltIn">
<doc>Runs the given keyword with the given arguments, if ``condition`` is true.</doc>
<arguments>
<arg>${check} == False</arg>
<arg>Wait and dismiss popup</arg>
<arg>ELSE</arg>
<arg>Click element</arg>
<arg>css=#Layer_1 &gt; polygon</arg>
</arguments>
<kw name="Wait and dismiss popup" library="keywords300">
<kw name="Sleep" library="BuiltIn">
<doc>Pauses the test executed for the given time.</doc>
<arguments>
<arg>5s</arg>
</arguments>
<msg timestamp="20210216 20:06:19.541" level="INFO">Slept 5 seconds</msg>
<status status="PASS" starttime="20210216 20:06:14.528" endtime="20210216 20:06:19.541"></status>
</kw>
<kw name="Run Keyword And Return Status" library="BuiltIn">
<doc>Runs the given keyword with given arguments and returns the status as a Boolean value.</doc>
<arguments>
<arg>Element should be visible</arg>
<arg>xpath=/html/body/div[2]/div[2]/div/div[1]/img</arg>
</arguments>
<assign>
<var>${check}</var>
</assign>
<kw name="Element Should Be Visible" library="Selenium2Library">
<doc>Verifies that the element identified by ``locator`` is visible.</doc>
<arguments>
<arg>xpath=/html/body/div[2]/div[2]/div/div[1]/img</arg>
</arguments>
<msg timestamp="20210216 20:06:19.564" level="INFO">Element 'xpath=/html/body/div[2]/div[2]/div/div[1]/img' is displayed.</msg>
<status status="PASS" starttime="20210216 20:06:19.541" endtime="20210216 20:06:19.565"></status>
</kw>
<msg timestamp="20210216 20:06:19.565" level="INFO">${check} = True</msg>
<status status="PASS" starttime="20210216 20:06:19.541" endtime="20210216 20:06:19.565"></status>
</kw>
<kw name="Run Keyword If" library="BuiltIn">
<doc>Runs the given keyword with the given arguments, if ``condition`` is true.</doc>
<arguments>
<arg>${check} == False</arg>
<arg>Wait and dismiss popup</arg>
<arg>ELSE</arg>
<arg>Click element</arg>
<arg>css=#Layer_1 &gt; polygon</arg>
</arguments>
<kw name="Click Element" library="Selenium2Library">
<doc>Click the element identified by ``locator``.</doc>
<arguments>
<arg>css=#Layer_1 &gt; polygon</arg>
</arguments>
<msg timestamp="20210216 20:06:19.565" level="INFO">Clicking element 'css=#Layer_1 &gt; polygon'.</msg>
<status status="PASS" starttime="20210216 20:06:19.565" endtime="20210216 20:06:19.631"></status>
</kw>
<status status="PASS" starttime="20210216 20:06:19.565" endtime="20210216 20:06:19.631"></status>
</kw>
<status status="PASS" starttime="20210216 20:06:14.528" endtime="20210216 20:06:19.632"></status>
</kw>
<status status="PASS" starttime="20210216 20:06:14.528" endtime="20210216 20:06:19.632"></status>
</kw>
<status status="PASS" starttime="20210216 20:06:08.855" endtime="20210216 20:06:19.632"></status>
</kw>
<status status="PASS" starttime="20210216 20:06:08.855" endtime="20210216 20:06:19.632"></status>
</kw>
<status status="PASS" starttime="20210216 20:06:02.843" endtime="20210216 20:06:19.632"></status>
</kw>
<status status="PASS" starttime="20210216 20:05:28.385" endtime="20210216 20:06:19.633" critical="yes"></status>
</test>
<test id="s1-t3" name="Verify sale details on Timer Bar">
<kw name="Check Seasonal Sale text on timer" library="keywords300">
<kw name="Get Text" library="Selenium2Library">
<doc>Returns the text value of the element identified by ``locator``.</doc>
<arguments>
<arg>css=#saleTimer &gt; div:nth-child(1) &gt; div</arg>
</arguments>
<assign>
<var>${Content}</var>
</assign>
<msg timestamp="20210216 20:06:19.668" level="INFO">${Content} = EXTENDED PRESIDENT'S DAY SALE NOW $300 OFF + FREE PILLOW</msg>
<status status="PASS" starttime="20210216 20:06:19.636" endtime="20210216 20:06:19.668"></status>
</kw>
<kw name="Run Keyword If" library="BuiltIn">
<doc>Runs the given keyword with the given arguments, if ``condition`` is true.</doc>
<arguments>
<arg>"${Content}"!="${FOOTER}"</arg>
<arg>Fail</arg>
<arg>Wrong Seasonal Sale timer Content Actual content: ${Content} Expected: ${FOOTER}</arg>
</arguments>
<status status="PASS" starttime="20210216 20:06:19.668" endtime="20210216 20:06:19.671"></status>
</kw>
<kw name="Click Element" library="Selenium2Library">
<doc>Click the element identified by ``locator``.</doc>
<arguments>
<arg>css=#saleTimer &gt; span &gt; svg</arg>
</arguments>
<msg timestamp="20210216 20:06:19.671" level="INFO">Clicking element 'css=#saleTimer &gt; span &gt; svg'.</msg>
<status status="PASS" starttime="20210216 20:06:19.671" endtime="20210216 20:06:19.721"></status>
</kw>
<status status="PASS" starttime="20210216 20:06:19.635" endtime="20210216 20:06:19.721"></status>
</kw>
<status status="PASS" starttime="20210216 20:06:19.634" endtime="20210216 20:06:19.724" critical="yes"></status>
</test>
<test id="s1-t4" name="Verify product prices in Store page (ALL category)">
<kw name="Go To Store Page (Click on footer Store link)" library="keywords300">
<kw name="Click Link" library="Selenium2Library">
<doc>Clicks a link identified by ``locator``.</doc>
<arguments>
<arg>link:STORE</arg>
</arguments>
<msg timestamp="20210216 20:06:19.728" level="INFO">Clicking link 'link:STORE'.</msg>
<status status="PASS" starttime="20210216 20:06:19.728" endtime="20210216 20:06:22.850"></status>
</kw>
<status status="PASS" starttime="20210216 20:06:19.727" endtime="20210216 20:06:22.851"></status>
</kw>
<kw name="Sleep" library="BuiltIn">
<doc>Pauses the test executed for the given time.</doc>
<arguments>
<arg>2s</arg>
</arguments>
<msg timestamp="20210216 20:06:24.866" level="INFO">Slept 2 seconds</msg>
<status status="PASS" starttime="20210216 20:06:22.851" endtime="20210216 20:06:24.866"></status>
</kw>
<kw name="Check price in Store page for Puffy Mattress" library="keywords300">
<kw name="Get Text" library="Selenium2Library">
<doc>Returns the text value of the element identified by ``locator``.</doc>
<arguments>
<arg>css=#collectionProductsWrap &gt; div:nth-child(1) &gt; div &gt; div.product-details &gt; a.product-info__caption &gt; span.price.sale &gt; span.was_price &gt; span</arg>
</arguments>
<assign>
<var>${PuffyMattressMinOriginalStorePage}</var>
</assign>
<msg timestamp="20210216 20:06:24.904" level="INFO">${PuffyMattressMinOriginalStorePage} = $795</msg>
<status status="PASS" starttime="20210216 20:06:24.866" endtime="20210216 20:06:24.904"></status>
</kw>
<kw name="Run Keyword If" library="BuiltIn">
<doc>Runs the given keyword with the given arguments, if ``condition`` is true.</doc>
<arguments>
<arg>'${PUFFYMATTRESSTWINORIGINAL}'!='${PuffyMattressMinOriginalStorePage}'</arg>
<arg>Fail</arg>
<arg>Wrong Puffy Mattress "Starting From" Original amount in Store Page. Expected Result: ${PUFFYMATTRESSTWINORIGINAL} Actual Result: ${PuffyMattressMinOriginalStorePage}</arg>
</arguments>
<status status="PASS" starttime="20210216 20:06:24.904" endtime="20210216 20:06:24.904"></status>
</kw>
<kw name="Get Text" library="Selenium2Library">
<doc>Returns the text value of the element identified by ``locator``.</doc>
<arguments>
<arg>css=#collectionProductsWrap &gt; div:nth-child(1) &gt; div &gt; div.product-details &gt; a.product-info__caption &gt; span.price.sale &gt; span.money.jsDiscountedPrice</arg>
</arguments>
<assign>
<var>${PuffyMattressMinDiscountedStorePage}</var>
</assign>
<msg timestamp="20210216 20:06:24.927" level="INFO">${PuffyMattressMinDiscountedStorePage} = $495</msg>
<status status="PASS" starttime="20210216 20:06:24.905" endtime="20210216 20:06:24.927"></status>
</kw>
<kw name="Run Keyword If" library="BuiltIn">
<doc>Runs the given keyword with the given arguments, if ``condition`` is true.</doc>
<arguments>
<arg>'${PUFFYMATTRESSTWIN300OFF}'!='${PuffyMattressMinDiscountedStorePage}'</arg>
<arg>Fail</arg>
<arg>Wrong Puffy Mattress "Starting From" discounted amount in Store Page. Expected Result: ${PUFFYMATTRESSTWIN300OFF} Actual Result: ${PuffyMattressMinDiscountedStorePage}</arg>
</arguments>
<status status="PASS" starttime="20210216 20:06:24.927" endtime="20210216 20:06:24.928"></status>
</kw>
<status status="PASS" starttime="20210216 20:06:24.866" endtime="20210216 20:06:24.928"></status>
</kw>
<kw name="Check price in Store page for Puffy Lux Mattress" library="keywords300">
<kw name="Get Text" library="Selenium2Library">
<doc>Returns the text value of the element identified by ``locator``.</doc>
<arguments>
<arg>css=#collectionProductsWrap &gt; div:nth-child(2) &gt; div &gt; div.product-details &gt; a.product-info__caption &gt; span.price.sale &gt; span.was_price &gt; span</arg>
</arguments>
<assign>
<var>${PuffyLuxMattressMinOriginalStorePage}</var>
</assign>
<msg timestamp="20210216 20:06:24.951" level="INFO">${PuffyLuxMattressMinOriginalStorePage} = $1,445</msg>
<status status="PASS" starttime="20210216 20:06:24.929" endtime="20210216 20:06:24.951"></status>
</kw>
<kw name="Run Keyword If" library="BuiltIn">
<doc>Runs the given keyword with the given arguments, if ``condition`` is true.</doc>
<arguments>
<arg>'${PUFFYLUXMATTRESSTWINORIGINAL}'!='${PuffyLuxMattressMinOriginalStorePage}'</arg>
<arg>Fail</arg>
<arg>Wrong Puffy Lux Mattress "Starting From" Original amount in Store Page. Expected Result: ${PUFFYLUXMATTRESSTWINORIGINAL} Actual Result: ${PuffyLuxMattressMinOriginalStorePage}</arg>
</arguments>
<status status="PASS" starttime="20210216 20:06:24.951" endtime="20210216 20:06:24.952"></status>
</kw>
<kw name="Get Text" library="Selenium2Library">
<doc>Returns the text value of the element identified by ``locator``.</doc>
<arguments>
<arg>css=#collectionProductsWrap &gt; div:nth-child(2) &gt; div &gt; div.product-details &gt; a.product-info__caption &gt; span.price.sale &gt; span.money.jsDiscountedPrice</arg>
</arguments>
<assign>
<var>${PuffyLuxMinDiscountedStorePage}</var>
</assign>
<msg timestamp="20210216 20:06:24.976" level="INFO">${PuffyLuxMinDiscountedStorePage} = $1,145</msg>
<status status="PASS" starttime="20210216 20:06:24.952" endtime="20210216 20:06:24.976"></status>
</kw>
<kw name="Run Keyword If" library="BuiltIn">
<doc>Runs the given keyword with the given arguments, if ``condition`` is true.</doc>
<arguments>
<arg>'${PUFFYLUXMATTRESSTWIN300OFF}'!='${PuffyLuxMinDiscountedStorePage}'</arg>
<arg>Fail</arg>
<arg>Wrong Puffy Lux Mattress "Starting From" discounted amount in Store Page. Expected Result: ${PUFFYLUXMATTRESSTWIN300OFF} Actual Result: ${PuffyLuxMinDiscountedStorePage}</arg>
</arguments>
<status status="PASS" starttime="20210216 20:06:24.976" endtime="20210216 20:06:24.976"></status>
</kw>
<status status="PASS" starttime="20210216 20:06:24.928" endtime="20210216 20:06:24.976"></status>
</kw>
<kw name="Check price in Store page for Puffy Royal Mattress" library="keywords300">
<kw name="Get Text" library="Selenium2Library">
<doc>Returns the text value of the element identified by ``locator``.</doc>
<arguments>
<arg>css=#collectionProductsWrap &gt; div:nth-child(3) &gt; div &gt; div.product-details &gt; a.product-info__caption &gt; span.price.sale &gt; span.was_price &gt; span</arg>
</arguments>
<assign>
<var>${PuffyRoyalMattressMinOriginalStorePage}</var>
</assign>
<msg timestamp="20210216 20:06:24.999" level="INFO">${PuffyRoyalMattressMinOriginalStorePage} = $1,645</msg>
<status status="PASS" starttime="20210216 20:06:24.977" endtime="20210216 20:06:24.999"></status>
</kw>
<kw name="Run Keyword If" library="BuiltIn">
<doc>Runs the given keyword with the given arguments, if ``condition`` is true.</doc>
<arguments>
<arg>'${PUFFYROYALMATTRESSTWINORIGINAL}'!='${PuffyRoyalMattressMinOriginalStorePage}'</arg>
<arg>Fail</arg>
<arg>Wrong Puffy Royal Mattress "Starting From" Original amount in Store Page. Expected Result: ${PUFFYROYALMATTRESSTWINORIGINAL} Actual Result: ${PuffyRoyalMattressMinOriginalStorePage}</arg>
</arguments>
<status status="PASS" starttime="20210216 20:06:24.999" endtime="20210216 20:06:24.999"></status>
</kw>
<kw name="Get Text" library="Selenium2Library">
<doc>Returns the text value of the element identified by ``locator``.</doc>
<arguments>
<arg>css=#collectionProductsWrap &gt; div:nth-child(3) &gt; div &gt; div.product-details &gt; a.product-info__caption &gt; span.price.sale &gt; span.money.jsDiscountedPrice</arg>
</arguments>
<assign>
<var>${PuffyRoyalMinDiscountedStorePage}</var>
</assign>
<msg timestamp="20210216 20:06:25.019" level="INFO">${PuffyRoyalMinDiscountedStorePage} = $1,345</msg>
<status status="PASS" starttime="20210216 20:06:25.000" endtime="20210216 20:06:25.019"></status>
</kw>
<kw name="Run Keyword If" library="BuiltIn">
<doc>Runs the given keyword with the given arguments, if ``condition`` is true.</doc>
<arguments>
<arg>'${PUFFYROYALMATTRESSTWIN300OFF}'!='${PuffyRoyalMinDiscountedStorePage}'</arg>
<arg>Fail</arg>
<arg>Wrong Puffy Royal Mattress "Starting From" discounted amount in Store Page. Expected Result: ${PUFFYROYALMATTRESSTWIN300OFF} Actual Result: ${PuffyRoyalMinDiscountedStorePage}</arg>
</arguments>
<status status="PASS" starttime="20210216 20:06:25.019" endtime="20210216 20:06:25.020"></status>
</kw>
<status status="PASS" starttime="20210216 20:06:24.977" endtime="20210216 20:06:25.020"></status>
</kw>
<kw name="Check price in Store page for Puffy Foundation" library="keywords300">
<kw name="Get Text" library="Selenium2Library">
<doc>Returns the text value of the element identified by ``locator``.</doc>
<arguments>
<arg>css=#collectionProductsWrap &gt; div:nth-child(4) &gt; div &gt; div.product-details &gt; a.product-info__caption &gt; span.price &gt; span</arg>
</arguments>
<assign>
<var>${PuffyFoundationMinOriginalStorePage}</var>
</assign>
<msg timestamp="20210216 20:06:25.043" level="INFO">${PuffyFoundationMinOriginalStorePage} = $135</msg>
<status status="PASS" starttime="20210216 20:06:25.020" endtime="20210216 20:06:25.043"></status>
</kw>
<kw name="Run Keyword If" library="BuiltIn">
<doc>Runs the given keyword with the given arguments, if ``condition`` is true.</doc>
<arguments>
<arg>'${PUFFYFOUNDATIONTWINORIGINAL}'!='${PuffyFoundationMinOriginalStorePage}'</arg>
<arg>Fail</arg>
<arg>Wrong Puffy Foundation "Starting From" Original amount in Store Page. Expected Result: ${PUFFYFOUNDATIONTWINORIGINAL} Actual Result: ${PuffyFoundationMinOriginalStorePage}</arg>
</arguments>
<status status="PASS" starttime="20210216 20:06:25.043" endtime="20210216 20:06:25.043"></status>
</kw>
<status status="PASS" starttime="20210216 20:06:25.020" endtime="20210216 20:06:25.043"></status>
</kw>
<kw name="Check price in Store page for Puffy Adjustable Base" library="keywords300">
<kw name="Get Text" library="Selenium2Library">
<doc>Returns the text value of the element identified by ``locator``.</doc>
<arguments>
<arg>css=#collectionProductsWrap &gt; div:nth-child(5) &gt; div &gt; div.product-details &gt; a.product-info__caption &gt; span.price.sale &gt; span.was_price &gt; span</arg>
</arguments>
<assign>
<var>${PuffyAdjustableBaseMinOriginalStorePage}</var>
</assign>
<msg timestamp="20210216 20:06:25.067" level="INFO">${PuffyAdjustableBaseMinOriginalStorePage} = $1,195</msg>
<status status="PASS" starttime="20210216 20:06:25.044" endtime="20210216 20:06:25.067"></status>
</kw>
<kw name="Run Keyword If" library="BuiltIn">
<doc>Runs the given keyword with the given arguments, if ``condition`` is true.</doc>
<arguments>
<arg>'${PUFFYADJUSTABLEBASETWINXLORIGINAL}'!='${PuffyAdjustableBaseMinOriginalStorePage}'</arg>
<arg>Fail</arg>
<arg>Wrong Puffy Adjustable Base "Starting From" Original amount in Store Page. Expected Result: ${PUFFYADJUSTABLEBASETWINXLORIGINAL} Actual Result: ${PuffyAdjustableBaseMinOriginalStorePage}</arg>
</arguments>
<status status="PASS" starttime="20210216 20:06:25.067" endtime="20210216 20:06:25.068"></status>
</kw>
<kw name="Get Text" library="Selenium2Library">
<doc>Returns the text value of the element identified by ``locator``.</doc>
<arguments>
<arg>css=#collectionProductsWrap &gt; div:nth-child(5) &gt; div &gt; div.product-details &gt; a.product-info__caption &gt; span.price.sale &gt; span.money.jsDiscountedPrice</arg>
</arguments>
<assign>
<var>${PuffyAdjustableBaseMinDiscountedStorePage}</var>
</assign>
<msg timestamp="20210216 20:06:25.093" level="INFO">${PuffyAdjustableBaseMinDiscountedStorePage} = $895</msg>
<status status="PASS" starttime="20210216 20:06:25.068" endtime="20210216 20:06:25.094"></status>
</kw>
<kw name="Run Keyword If" library="BuiltIn">
<doc>Runs the given keyword with the given arguments, if ``condition`` is true.</doc>
<arguments>
<arg>'${PUFFYADJUSTABLEBASETWINXL300OFF}'!='${PuffyAdjustableBaseMinDiscountedStorePage}'</arg>
<arg>Fail</arg>
<arg>Wrong Puffy Adjustable Base "Starting From" discounted amount in Store Page. Expected Result: ${PUFFYADJUSTABLEBASETWINXL300OFF} Actual Result: ${PuffyAdjustableBaseMinDiscountedStorePage}</arg>
</arguments>
<status status="PASS" starttime="20210216 20:06:25.094" endtime="20210216 20:06:25.094"></status>
</kw>
<status status="PASS" starttime="20210216 20:06:25.043" endtime="20210216 20:06:25.094"></status>
</kw>
<kw name="Check price in Store page for Puffy Bed Frame" library="keywords300">
<kw name="Get Text" library="Selenium2Library">
<doc>Returns the text value of the element identified by ``locator``.</doc>
<arguments>
<arg>css=#collectionProductsWrap &gt; div:nth-child(6) &gt; div &gt; div.product-details &gt; a.product-info__caption &gt; span.price &gt; span</arg>
</arguments>
<assign>
<var>${PuffyBedFrameMinOriginalStorePage}</var>
</assign>
<msg timestamp="20210216 20:06:25.117" level="INFO">${PuffyBedFrameMinOriginalStorePage} = $895</msg>
<status status="PASS" starttime="20210216 20:06:25.095" endtime="20210216 20:06:25.117"></status>
</kw>
<kw name="Run Keyword If" library="BuiltIn">
<doc>Runs the given keyword with the given arguments, if ``condition`` is true.</doc>
<arguments>
<arg>'${PUFFYBEDFRAMEFULLORIGINAL}'!='${PuffyBedFrameMinOriginalStorePage}'</arg>
<arg>Fail</arg>
<arg>Wrong Puffy Bed Frame "Starting From" Original amount in Store Page. Expected Result: ${PUFFYBEDFRAMEFULLORIGINAL} Actual Result: ${PuffyBedFrameMinOriginalStorePage}</arg>
</arguments>
<status status="PASS" starttime="20210216 20:06:25.117" endtime="20210216 20:06:25.117"></status>
</kw>
<status status="PASS" starttime="20210216 20:06:25.094" endtime="20210216 20:06:25.117"></status>
</kw>
<kw name="Check price in Store page for Puffy pillow" library="keywords300">
<kw name="Get Text" library="Selenium2Library">
<doc>Returns the text value of the element identified by ``locator``.</doc>
<arguments>
<arg>css=#collectionProductsWrap &gt; div:nth-child(7) &gt; div &gt; div.product-details &gt; a.product-info__caption &gt; span.price &gt; span</arg>
</arguments>
<assign>
<var>${PuffyPillowMinOriginalStorePage}</var>
</assign>
<msg timestamp="20210216 20:06:25.142" level="INFO">${PuffyPillowMinOriginalStorePage} = $75</msg>
<status status="PASS" starttime="20210216 20:06:25.118" endtime="20210216 20:06:25.142"></status>
</kw>
<kw name="Run Keyword If" library="BuiltIn">
<doc>Runs the given keyword with the given arguments, if ``condition`` is true.</doc>
<arguments>
<arg>'${PUFFYPILLOWSTANDARDORIGINAL}'!='${PuffyPillowMinOriginalStorePage}'</arg>
<arg>Fail</arg>
<arg>Wrong Puffy Pillow "Starting From" Original amount in Store Page. Expected Result: ${PUFFYPILLOWSTANDARDORIGINAL} Actual Result: ${PuffyPillowMinOriginalStorePage}</arg>
</arguments>
<status status="PASS" starttime="20210216 20:06:25.142" endtime="20210216 20:06:25.142"></status>
</kw>
<status status="PASS" starttime="20210216 20:06:25.118" endtime="20210216 20:06:25.142"></status>
</kw>
<kw name="Check price in Store page for Puffy Body Pillow" library="keywords300">
<kw name="Get Text" library="Selenium2Library">
<doc>Returns the text value of the element identified by ``locator``.</doc>
<arguments>
<arg>css=#collectionProductsWrap &gt; div:nth-child(8) &gt; div &gt; div.product-details &gt; a.product-info__caption &gt; span.price &gt; span</arg>
</arguments>
<assign>
<var>${PuffyBodyPillowMinOriginalStorePage}</var>
</assign>
<msg timestamp="20210216 20:06:25.164" level="INFO">${PuffyBodyPillowMinOriginalStorePage} = $115</msg>
<status status="PASS" starttime="20210216 20:06:25.143" endtime="20210216 20:06:25.164"></status>
</kw>
<kw name="Run Keyword If" library="BuiltIn">
<doc>Runs the given keyword with the given arguments, if ``condition`` is true.</doc>
<arguments>
<arg>'${PUFFYBODYPILLOWORIGINAL}'!='${PuffyBodyPillowMinOriginalStorePage}'</arg>
<arg>Fail</arg>
<arg>Wrong Puffy Body Pillow "Starting From" Original amount in Store Page. Expected Result: ${PUFFYBODYPILLOWORIGINAL} Actual Result: ${PuffyBodyPillowMinOriginalStorePage}</arg>
</arguments>
<status status="PASS" starttime="20210216 20:06:25.164" endtime="20210216 20:06:25.165"></status>
</kw>
<status status="PASS" starttime="20210216 20:06:25.143" endtime="20210216 20:06:25.165"></status>
</kw>
<kw name="Check price in Store page for Puffy Comforter" library="keywords300">
<kw name="Get Text" library="Selenium2Library">
<doc>Returns the text value of the element identified by ``locator``.</doc>
<arguments>
<arg>css=#collectionProductsWrap &gt; div:nth-child(9) &gt; div &gt; div.product-details &gt; a.product-info__caption &gt; span.price &gt; span</arg>
</arguments>
<assign>
<var>${PuffyComforterMinOriginalStorePage}</var>
</assign>
<msg timestamp="20210216 20:06:25.187" level="INFO">${PuffyComforterMinOriginalStorePage} = $175</msg>
<status status="PASS" starttime="20210216 20:06:25.165" endtime="20210216 20:06:25.187"></status>
</kw>
<kw name="Run Keyword If" library="BuiltIn">
<doc>Runs the given keyword with the given arguments, if ``condition`` is true.</doc>
<arguments>
<arg>'${PUFFYCOMFORTERTWIN/TWINXLORIGINAL}'!='${PuffyComforterMinOriginalStorePage}'</arg>
<arg>Fail</arg>
<arg>Wrong Puffy Comforter "Starting From" Original amount in Store Page. Expected Result: ${PUFFYCOMFORTERTWIN/TWINXLORIGINAL} Actual Result: ${PuffyComforterMinOriginalStorePage}</arg>
</arguments>
<status status="PASS" starttime="20210216 20:06:25.187" endtime="20210216 20:06:25.188"></status>
</kw>
<status status="PASS" starttime="20210216 20:06:25.165" endtime="20210216 20:06:25.188"></status>
</kw>
<kw name="Check price in Store page for Puffy Mattress PAD" library="keywords300">
<kw name="Get Text" library="Selenium2Library">
<doc>Returns the text value of the element identified by ``locator``.</doc>
<arguments>
<arg>css=#collectionProductsWrap &gt; div:nth-child(10) &gt; div &gt; div.product-details &gt; a.product-info__caption &gt; span.price &gt; span</arg>
</arguments>
<assign>
<var>${PuffyMattressPadMinOriginalStorePage}</var>
</assign>
<msg timestamp="20210216 20:06:25.213" level="INFO">${PuffyMattressPadMinOriginalStorePage} = $170</msg>
<status status="PASS" starttime="20210216 20:06:25.189" endtime="20210216 20:06:25.213"></status>
</kw>
<kw name="Run Keyword If" library="BuiltIn">
<doc>Runs the given keyword with the given arguments, if ``condition`` is true.</doc>
<arguments>
<arg>'${PUFFYMATTRESSPADTWINORIGINAL}'!='${PuffyMattressPadMinOriginalStorePage}'</arg>
<arg>Fail</arg>
<arg>Wrong Puffy Mattress Pad "Starting From" Original amount in Store Page. Expected Result: ${PUFFYMATTRESSPADTWINORIGINAL} Actual Result: ${PuffyMattressPadMinOriginalStorePage}</arg>
</arguments>
<status status="PASS" starttime="20210216 20:06:25.213" endtime="20210216 20:06:25.213"></status>
</kw>
<status status="PASS" starttime="20210216 20:06:25.188" endtime="20210216 20:06:25.213"></status>
</kw>
<kw name="Check price in Store page for Puffy Topper" library="keywords300">
<kw name="Get Text" library="Selenium2Library">
<doc>Returns the text value of the element identified by ``locator``.</doc>
<arguments>
<arg>css=#collectionProductsWrap &gt; div:nth-child(12) &gt; div &gt; div.product-details &gt; a.product-info__caption &gt; span.price &gt; span</arg>
</arguments>
<assign>
<var>${PuffyTopperMinOriginalStorePage}</var>
</assign>
<msg timestamp="20210216 20:06:25.236" level="INFO">${PuffyTopperMinOriginalStorePage} = $175</msg>
<status status="PASS" starttime="20210216 20:06:25.214" endtime="20210216 20:06:25.236"></status>
</kw>
<kw name="Run Keyword If" library="BuiltIn">
<doc>Runs the given keyword with the given arguments, if ``condition`` is true.</doc>
<arguments>
<arg>'${PUFFYTOPPERTWINORIGINAL}'!='${PuffyTopperMinOriginalStorePage}'</arg>
<arg>Fail</arg>
<arg>Wrong Puffy Topper "Starting From" Original amount in Store Page. Expected Result: ${PUFFYTOPPERTWINORIGINAL} Actual Result: ${PuffyTopperMinOriginalStorePage}</arg>
</arguments>
<status status="PASS" starttime="20210216 20:06:25.236" endtime="20210216 20:06:25.236"></status>
</kw>
<status status="PASS" starttime="20210216 20:06:25.214" endtime="20210216 20:06:25.236"></status>
</kw>
<kw name="Check price in Store page for Puffy Mattress Protector" library="keywords300">
<kw name="Get Text" library="Selenium2Library">
<doc>Returns the text value of the element identified by ``locator``.</doc>
<arguments>
<arg>css=#collectionProductsWrap &gt; div:nth-child(11) &gt; div &gt; div.product-details &gt; a.product-info__caption &gt; span.price &gt; span</arg>
</arguments>
<assign>
<var>${PuffyMattressProtectorMinOriginalStorePage}</var>
</assign>
<msg timestamp="20210216 20:06:25.262" level="INFO">${PuffyMattressProtectorMinOriginalStorePage} = $85</msg>
<status status="PASS" starttime="20210216 20:06:25.237" endtime="20210216 20:06:25.262"></status>
</kw>
<kw name="Run Keyword If" library="BuiltIn">
<doc>Runs the given keyword with the given arguments, if ``condition`` is true.</doc>
<arguments>
<arg>'${PUFFYMATTRESSPROTECTORTWINORIGINAL}'!='${PuffyMattressProtectorMinOriginalStorePage}'</arg>
<arg>Fail</arg>
<arg>Wrong Puffy Mattress Protector "Starting From" Original amount in Store Page. Expected Result: ${PUFFYMATTRESSPROTECTORTWINORIGINAL} Actual Result: ${PuffyMattressProtectorMinOriginalStorePage}</arg>
</arguments>
<status status="PASS" starttime="20210216 20:06:25.262" endtime="20210216 20:06:25.262"></status>
</kw>
<status status="PASS" starttime="20210216 20:06:25.237" endtime="20210216 20:06:25.262"></status>
</kw>
<kw name="Check price in Store page for Puffy Blanket" library="keywords300">
<kw name="Get Text" library="Selenium2Library">
<doc>Returns the text value of the element identified by ``locator``.</doc>
<arguments>
<arg>css=#collectionProductsWrap &gt; div:nth-child(13) &gt; div &gt; div.product-details &gt; a.product-info__caption &gt; span.price &gt; span</arg>
</arguments>
<assign>
<var>${PuffyBlanketMinOriginalStorePage}</var>
</assign>
<msg timestamp="20210216 20:06:25.288" level="INFO">${PuffyBlanketMinOriginalStorePage} = $65</msg>
<status status="PASS" starttime="20210216 20:06:25.263" endtime="20210216 20:06:25.288"></status>
</kw>
<kw name="Run Keyword If" library="BuiltIn">
<doc>Runs the given keyword with the given arguments, if ``condition`` is true.</doc>
<arguments>
<arg>'${PUFFYBLANKETSMALLORIGINAL}'!='${PuffyBlanketMinOriginalStorePage}'</arg>
<arg>Fail</arg>
<arg>Wrong Puffy Blanket "Starting From" Original amount in Store Page. Expected Result: ${PUFFYBLANKETSMALLORIGINAL} Actual Result: ${PuffyBlanketMinOriginalStorePage}</arg>
</arguments>
<status status="PASS" starttime="20210216 20:06:25.288" endtime="20210216 20:06:25.288"></status>
</kw>
<status status="PASS" starttime="20210216 20:06:25.263" endtime="20210216 20:06:25.288"></status>
</kw>
<kw name="Check price in Store page for Puffy Weighted Blanket" library="keywords300">
<kw name="Get Text" library="Selenium2Library">
<doc>Returns the text value of the element identified by ``locator``.</doc>
<arguments>
<arg>css=#collectionProductsWrap &gt; div:nth-child(14) &gt; div &gt; div.product-details &gt; a.product-info__caption &gt; span.price &gt; span</arg>
</arguments>
<assign>
<var>${PuffyWeightedBlanketMinOriginalStorePage}</var>
</assign>
<msg timestamp="20210216 20:06:25.310" level="INFO">${PuffyWeightedBlanketMinOriginalStorePage} = $145</msg>
<status status="PASS" starttime="20210216 20:06:25.289" endtime="20210216 20:06:25.310"></status>
</kw>
<kw name="Run Keyword If" library="BuiltIn">
<doc>Runs the given keyword with the given arguments, if ``condition`` is true.</doc>
<arguments>
<arg>'${PUFFYWEIGHTEDBLANKETTWINORIGINAL}'!='${PuffyWeightedBlanketMinOriginalStorePage}'</arg>
<arg>Fail</arg>
<arg>Wrong Puffy Weighted Blanket "Starting From" Original amount in Store Page. Expected Result: ${PUFFYWEIGHTEDBLANKETTWINORIGINAL} Actual Result: ${PuffyWeightedBlanketMinOriginalStorePage}</arg>
</arguments>
<status status="PASS" starttime="20210216 20:06:25.310" endtime="20210216 20:06:25.311"></status>
</kw>
<status status="PASS" starttime="20210216 20:06:25.289" endtime="20210216 20:06:25.311"></status>
</kw>
<kw name="Check price in Store page for Puffy Sheets" library="keywords300">
<kw name="Get Text" library="Selenium2Library">
<doc>Returns the text value of the element identified by ``locator``.</doc>
<arguments>
<arg>css=#collectionProductsWrap &gt; div:nth-child(15) &gt; div &gt; div.product-details &gt; a.product-info__caption &gt; span.price &gt; span</arg>
</arguments>
<assign>
<var>${PuffySheetsMinOriginalStorePage}</var>
</assign>
<msg timestamp="20210216 20:06:25.333" level="INFO">${PuffySheetsMinOriginalStorePage} = $95</msg>
<status status="PASS" starttime="20210216 20:06:25.312" endtime="20210216 20:06:25.333"></status>
</kw>
<kw name="Run Keyword If" library="BuiltIn">
<doc>Runs the given keyword with the given arguments, if ``condition`` is true.</doc>
<arguments>
<arg>'${PUFFYSHEETSTWINORIGINAL}'!='${PuffySheetsMinOriginalStorePage}'</arg>
<arg>Fail</arg>
<arg>Wrong Puffy Sheets "Starting From" Original amount in Store Page. Expected Result: ${PUFFYSHEETSTWINORIGINAL} Actual Result: ${PuffySheetsMinOriginalStorePage}</arg>
</arguments>
<status status="PASS" starttime="20210216 20:06:25.333" endtime="20210216 20:06:25.334"></status>
</kw>
<status status="PASS" starttime="20210216 20:06:25.311" endtime="20210216 20:06:25.334"></status>
</kw>
<kw name="Check price in Store page for Puffy Dog Bed" library="keywords300">
<kw name="Get Text" library="Selenium2Library">
<doc>Returns the text value of the element identified by ``locator``.</doc>
<arguments>
<arg>css=#collectionProductsWrap &gt; div:nth-child(16) &gt; div &gt; div.product-details &gt; a.product-info__caption &gt; span.price &gt; span</arg>
</arguments>
<assign>
<var>${PuffyDogBedMinOriginalStorePage}</var>
</assign>
<msg timestamp="20210216 20:06:25.358" level="INFO">${PuffyDogBedMinOriginalStorePage} = $125</msg>
<status status="PASS" starttime="20210216 20:06:25.335" endtime="20210216 20:06:25.358"></status>
</kw>
<kw name="Run Keyword If" library="BuiltIn">
<doc>Runs the given keyword with the given arguments, if ``condition`` is true.</doc>
<arguments>
<arg>'${PUFFYDOGBEDSMALLORIGINAL}'!='${PuffyDogBedMinOriginalStorePage}'</arg>
<arg>Fail</arg>
<arg>Wrong Puffy Dog Bed "Starting From" Original amount in Store Page. Expected Result: ${PUFFYDOGBEDSMALLORIGINAL} Actual Result: ${PuffyDogBedMinOriginalStorePage}</arg>
</arguments>
<status status="PASS" starttime="20210216 20:06:25.358" endtime="20210216 20:06:25.359"></status>
</kw>
<status status="PASS" starttime="20210216 20:06:25.335" endtime="20210216 20:06:25.359"></status>
</kw>
<kw name="Check price in Store page for Puffy Rug" library="keywords300">
<kw name="Get Text" library="Selenium2Library">
<doc>Returns the text value of the element identified by ``locator``.</doc>
<arguments>
<arg>css=#collectionProductsWrap &gt; div:nth-child(17) &gt; div &gt; div.product-details &gt; a.product-info__caption &gt; span.price &gt; span</arg>
</arguments>
<assign>
<var>${PuffyRugMinOriginalStorePage}</var>
</assign>
<msg timestamp="20210216 20:06:25.392" level="INFO">${PuffyRugMinOriginalStorePage} = $295</msg>
<status status="PASS" starttime="20210216 20:06:25.360" endtime="20210216 20:06:25.392"></status>
</kw>
<kw name="Run Keyword If" library="BuiltIn">
<doc>Runs the given keyword with the given arguments, if ``condition`` is true.</doc>
<arguments>
<arg>'${PUFFYRUGMEDIUMORIGINAL}'!='${PuffyRugMinOriginalStorePage}'</arg>
<arg>Fail</arg>
<arg>Wrong Puffy Rug "Starting From" Original amount in Store Page. Expected Result: ${PUFFYRUGSMALLORIGINAL} Actual Result: ${PuffyRugMinOriginalStorePage}</arg>
</arguments>
<status status="PASS" starttime="20210216 20:06:25.392" endtime="20210216 20:06:25.392"></status>
</kw>
<status status="PASS" starttime="20210216 20:06:25.359" endtime="20210216 20:06:25.392"></status>
</kw>
<status status="PASS" starttime="20210216 20:06:19.726" endtime="20210216 20:06:25.393" critical="yes"></status>
</test>
<test id="s1-t5" name="Verify products prices in Gift Shop page">
<kw name="Go to Gift Shop page (Click on footer Gift Shop link)" library="keywords300">
<kw name="Click Link" library="Selenium2Library">
<doc>Clicks a link identified by ``locator``.</doc>
<arguments>
<arg>link:Gift Shop</arg>
</arguments>
<msg timestamp="20210216 20:06:25.395" level="INFO">Clicking link 'link:Gift Shop'.</msg>
<status status="PASS" starttime="20210216 20:06:25.395" endtime="20210216 20:06:28.134"></status>
</kw>
<status status="PASS" starttime="20210216 20:06:25.394" endtime="20210216 20:06:28.135"></status>
</kw>
<kw name="Check price in GiftShop page for Puffy Pillow" library="keywords300">
<kw name="Sleep" library="BuiltIn">
<doc>Pauses the test executed for the given time.</doc>
<arguments>
<arg>2s</arg>
</arguments>
<msg timestamp="20210216 20:06:30.139" level="INFO">Slept 2 seconds</msg>
<status status="PASS" starttime="20210216 20:06:28.135" endtime="20210216 20:06:30.139"></status>
</kw>
<kw name="Get Text" library="Selenium2Library">
<doc>Returns the text value of the element identified by ``locator``.</doc>
<arguments>
<arg>css=body &gt; div.container.main.content &gt; div:nth-child(4) &gt; div &gt; div &gt; div:nth-child(1) &gt; div &gt; a &gt; div.product-box__content &gt; div.product-box__desc &gt; div.product-box__prices &gt; strong</arg>
</arguments>
<assign>
<var>${PuffyPillowMinOriginalStorePage}</var>
</assign>
<msg timestamp="20210216 20:06:30.181" level="INFO">${PuffyPillowMinOriginalStorePage} = $75</msg>
<status status="PASS" starttime="20210216 20:06:30.139" endtime="20210216 20:06:30.182"></status>
</kw>
<kw name="Run Keyword If" library="BuiltIn">
<doc>Runs the given keyword with the given arguments, if ``condition`` is true.</doc>
<arguments>
<arg>'${PUFFYPILLOWSTANDARDORIGINAL}'!='${PuffyPillowMinOriginalStorePage}'</arg>
<arg>Fail</arg>
<arg>Wrong Puffy Pillow "Starting From" Original amount in Gift Page. Expected Result: ${PUFFYPILLOWSTANDARDORIGINAL} Actual Result: ${PuffyPillowMinOriginalStorePage}</arg>
</arguments>
<status status="PASS" starttime="20210216 20:06:30.182" endtime="20210216 20:06:30.182"></status>
</kw>
<status status="PASS" starttime="20210216 20:06:28.135" endtime="20210216 20:06:30.182"></status>
</kw>
<kw name="Check price in GiftShop page for Puffy Comforter" library="keywords300">
<kw name="Get Text" library="Selenium2Library">
<doc>Returns the text value of the element identified by ``locator``.</doc>
<arguments>
<arg>css=body &gt; div.container.main.content &gt; div:nth-child(4) &gt; div &gt; div &gt; div:nth-child(2) &gt; div &gt; a &gt; div.product-box__content &gt; div.product-box__desc &gt; div.product-box__prices &gt; strong</arg>
</arguments>
<assign>
<var>${PuffyComforterMinOriginalStorePage}</var>
</assign>
<msg timestamp="20210216 20:06:30.206" level="INFO">${PuffyComforterMinOriginalStorePage} = $175</msg>
<status status="PASS" starttime="20210216 20:06:30.184" endtime="20210216 20:06:30.207"></status>
</kw>
<kw name="Run Keyword If" library="BuiltIn">
<doc>Runs the given keyword with the given arguments, if ``condition`` is true.</doc>
<arguments>
<arg>'${PUFFYCOMFORTERTWIN/TWINXLORIGINAL}'!='${PuffyComforterMinOriginalStorePage}'</arg>
<arg>Fail</arg>
<arg>Wrong Puffy Comforter "Starting From" Original amount in Gift Page. Expected Result: ${PUFFYCOMFORTERTWIN/TWINXLORIGINAL} Actual Result: ${PuffyComforterMinOriginalStorePage}</arg>
</arguments>
<status status="PASS" starttime="20210216 20:06:30.207" endtime="20210216 20:06:30.207"></status>
</kw>
<status status="PASS" starttime="20210216 20:06:30.184" endtime="20210216 20:06:30.207"></status>
</kw>
<kw name="Check price in GiftShop page for Puffy Weighted Blanket" library="keywords300">
<kw name="Get Text" library="Selenium2Library">
<doc>Returns the text value of the element identified by ``locator``.</doc>
<arguments>
<arg>css=body &gt; div.container.main.content &gt; div:nth-child(4) &gt; div &gt; div &gt; div:nth-child(3) &gt; div &gt; a &gt; div.product-box__content &gt; div.product-box__desc &gt; div.product-box__prices &gt; strong</arg>
</arguments>
<assign>
<var>${PuffyWeightedBlanketMinOriginalStorePage}</var>
</assign>
<msg timestamp="20210216 20:06:30.232" level="INFO">${PuffyWeightedBlanketMinOriginalStorePage} = $145</msg>
<status status="PASS" starttime="20210216 20:06:30.210" endtime="20210216 20:06:30.232"></status>
</kw>
<kw name="Run Keyword If" library="BuiltIn">
<doc>Runs the given keyword with the given arguments, if ``condition`` is true.</doc>
<arguments>
<arg>'${PUFFYWEIGHTEDBLANKETTWINORIGINAL}'!='${PuffyWeightedBlanketMinOriginalStorePage}'</arg>
<arg>Fail</arg>
<arg>Wrong Puffy Weighted Blanket "Starting From" Original amount in Gift Page. Expected Result: ${PUFFYWEIGHTEDBLANKETTWINORIGINAL} Actual Result: ${PuffyWeightedBlanketMinOriginalStorePage}</arg>
</arguments>
<status status="PASS" starttime="20210216 20:06:30.232" endtime="20210216 20:06:30.232"></status>
</kw>
<status status="PASS" starttime="20210216 20:06:30.209" endtime="20210216 20:06:30.233"></status>
</kw>
<kw name="Check price in GiftShop page for Puffy Mattress Pad" library="keywords300">
<kw name="Get Text" library="Selenium2Library">
<doc>Returns the text value of the element identified by ``locator``.</doc>
<arguments>
<arg>css=body &gt; div.container.main.content &gt; div:nth-child(4) &gt; div &gt; div &gt; div:nth-child(4) &gt; div &gt; a &gt; div.product-box__content &gt; div.product-box__desc &gt; div.product-box__prices &gt; strong</arg>
</arguments>
<assign>
<var>${PuffyMattressPadMinOriginalStorePage}</var>
</assign>
<msg timestamp="20210216 20:06:30.255" level="INFO">${PuffyMattressPadMinOriginalStorePage} = $170</msg>
<status status="PASS" starttime="20210216 20:06:30.233" endtime="20210216 20:06:30.255"></status>
</kw>
<kw name="Run Keyword If" library="BuiltIn">
<doc>Runs the given keyword with the given arguments, if ``condition`` is true.</doc>
<arguments>
<arg>'${PUFFYMATTRESSPADTWINORIGINAL}'!='${PuffyMattressPadMinOriginalStorePage}'</arg>
<arg>Fail</arg>
<arg>Wrong Puffy Mattress Pad "Starting From" Original amount in Gift Page. Expected Result: ${PUFFYMATTRESSPADTWINORIGINAL} Actual Result: ${PuffyMattressPadMinOriginalStorePage}</arg>
</arguments>
<status status="PASS" starttime="20210216 20:06:30.255" endtime="20210216 20:06:30.255"></status>
</kw>
<status status="PASS" starttime="20210216 20:06:30.233" endtime="20210216 20:06:30.255"></status>
</kw>
<kw name="Check price in GiftShop page for Puffy Mattress Topper" library="keywords300">
<kw name="Get Text" library="Selenium2Library">
<doc>Returns the text value of the element identified by ``locator``.</doc>
<arguments>
<arg>css=body &gt; div.container.main.content &gt; div:nth-child(4) &gt; div &gt; div &gt; div:nth-child(5) &gt; div &gt; a &gt; div.product-box__content &gt; div.product-box__desc &gt; div.product-box__prices &gt; strong</arg>
</arguments>
<assign>
<var>${PuffyTopperMinOriginalStorePage}</var>
</assign>
<msg timestamp="20210216 20:06:30.282" level="INFO">${PuffyTopperMinOriginalStorePage} = $175</msg>
<status status="PASS" starttime="20210216 20:06:30.256" endtime="20210216 20:06:30.282"></status>
</kw>
<kw name="Run Keyword If" library="BuiltIn">
<doc>Runs the given keyword with the given arguments, if ``condition`` is true.</doc>
<arguments>
<arg>'${PUFFYTOPPERTWINORIGINAL}'!='${PuffyTopperMinOriginalStorePage}'</arg>
<arg>Fail</arg>
<arg>Wrong Puffy Topper "Starting From" Original amount in Gift Page. Expected Result: ${PUFFYTOPPERTWINORIGINAL} Actual Result: ${PuffyTopperMinOriginalStorePage}</arg>
</arguments>
<status status="PASS" starttime="20210216 20:06:30.282" endtime="20210216 20:06:30.282"></status>
</kw>
<status status="PASS" starttime="20210216 20:06:30.256" endtime="20210216 20:06:30.282"></status>
</kw>
<kw name="Check price in GiftShop page for Puffy Mattress Protector" library="keywords300">
<kw name="Get Text" library="Selenium2Library">
<doc>Returns the text value of the element identified by ``locator``.</doc>
<arguments>
<arg>css=body &gt; div.container.main.content &gt; div:nth-child(4) &gt; div &gt; div &gt; div:nth-child(6) &gt; div &gt; a &gt; div.product-box__content &gt; div.product-box__desc &gt; div.product-box__prices &gt; strong</arg>
</arguments>
<assign>
<var>${PuffyMattressProtectorMinOriginalStorePage}</var>
</assign>
<msg timestamp="20210216 20:06:30.304" level="INFO">${PuffyMattressProtectorMinOriginalStorePage} = $85</msg>
<status status="PASS" starttime="20210216 20:06:30.283" endtime="20210216 20:06:30.304"></status>
</kw>
<kw name="Run Keyword If" library="BuiltIn">
<doc>Runs the given keyword with the given arguments, if ``condition`` is true.</doc>
<arguments>
<arg>'${PUFFYMATTRESSPROTECTORTWINORIGINAL}'!='${PuffyMattressProtectorMinOriginalStorePage}'</arg>
<arg>Fail</arg>
<arg>Wrong Puffy Mattress Protector "Starting From" Original amount in Gift Page. Expected Result: ${PUFFYMATTRESSPROTECTORTWINORIGINAL} Actual Result: ${PuffyMattressProtectorMinOriginalStorePage}</arg>
</arguments>
<status status="PASS" starttime="20210216 20:06:30.304" endtime="20210216 20:06:30.304"></status>
</kw>
<status status="PASS" starttime="20210216 20:06:30.283" endtime="20210216 20:06:30.304"></status>
</kw>
<kw name="Check price in GiftShop page for Puffy Blanket" library="keywords300">
<kw name="Get Text" library="Selenium2Library">
<doc>Returns the text value of the element identified by ``locator``.</doc>
<arguments>
<arg>css=body &gt; div.container.main.content &gt; div.text-bar.text-bar--medium-text.text-bar--gift-shop &gt; div &gt; div &gt; div:nth-child(2) &gt; div &gt; div:nth-child(1) &gt; div &gt; a &gt; div.product-box__content &gt; div.product-box__desc &gt; div.product-box__prices &gt; strong</arg>
</arguments>
<assign>
<var>${PuffyBlanketMinOriginalStorePage}</var>
</assign>
<msg timestamp="20210216 20:06:30.325" level="INFO">${PuffyBlanketMinOriginalStorePage} = $65</msg>
<status status="PASS" starttime="20210216 20:06:30.305" endtime="20210216 20:06:30.326"></status>
</kw>
<kw name="Run Keyword If" library="BuiltIn">
<doc>Runs the given keyword with the given arguments, if ``condition`` is true.</doc>
<arguments>
<arg>'${PUFFYBLANKETSMALLORIGINAL}'!='${PuffyBlanketMinOriginalStorePage}'</arg>
<arg>Fail</arg>
<arg>Wrong Puffy Blanket "Starting From" Original amount in Gift Page. Expected Result: ${PUFFYBLANKETSMALLORIGINAL} Actual Result: ${PuffyBlanketMinOriginalStorePage}</arg>
</arguments>
<status status="PASS" starttime="20210216 20:06:30.326" endtime="20210216 20:06:30.326"></status>
</kw>
<status status="PASS" starttime="20210216 20:06:30.305" endtime="20210216 20:06:30.326"></status>
</kw>
<kw name="Check price in GiftShop page for Puffy Body Pillow" library="keywords300">
<kw name="Get Text" library="Selenium2Library">
<doc>Returns the text value of the element identified by ``locator``.</doc>
<arguments>
<arg>css=body &gt; div.container.main.content &gt; div.text-bar.text-bar--medium-text.text-bar--gift-shop &gt; div &gt; div &gt; div:nth-child(2) &gt; div &gt; div:nth-child(2) &gt; div &gt; a &gt; div.product-box__content &gt; div.product-box__desc &gt; div.product-box__prices &gt; strong</arg>
</arguments>
<assign>
<var>${PuffyBodyPillowMinOriginalStorePage}</var>
</assign>
<msg timestamp="20210216 20:06:30.348" level="INFO">${PuffyBodyPillowMinOriginalStorePage} = $115</msg>
<status status="PASS" starttime="20210216 20:06:30.327" endtime="20210216 20:06:30.348"></status>
</kw>
<kw name="Run Keyword If" library="BuiltIn">
<doc>Runs the given keyword with the given arguments, if ``condition`` is true.</doc>
<arguments>
<arg>'${PUFFYBODYPILLOWORIGINAL}'!='${PuffyBodyPillowMinOriginalStorePage}'</arg>
<arg>Fail</arg>
<arg>Wrong Puffy Body Pillow "Starting From" Original amount in Gift Page. Expected Result: ${PUFFYBODYPILLOWORIGINAL} Actual Result: ${PuffyBodyPillowMinOriginalStorePage}</arg>
</arguments>
<status status="PASS" starttime="20210216 20:06:30.348" endtime="20210216 20:06:30.348"></status>
</kw>
<status status="PASS" starttime="20210216 20:06:30.327" endtime="20210216 20:06:30.348"></status>
</kw>
<kw name="Check price in GiftShop page for Puffy RUG" library="keywords300">
<kw name="Get Text" library="Selenium2Library">
<doc>Returns the text value of the element identified by ``locator``.</doc>
<arguments>
<arg>css=body &gt; div.container.main.content &gt; div.text-bar.text-bar--medium-text.text-bar--gift-shop &gt; div &gt; div &gt; div:nth-child(2) &gt; div &gt; div:nth-child(3) &gt; div &gt; a &gt; div.product-box__content &gt; div.product-box__desc &gt; div.product-box__prices &gt; strong</arg>
</arguments>
<assign>
<var>${PuffyRugMinOriginalStorePage}</var>
</assign>
<msg timestamp="20210216 20:06:30.375" level="INFO">${PuffyRugMinOriginalStorePage} = $295</msg>
<status status="PASS" starttime="20210216 20:06:30.349" endtime="20210216 20:06:30.375"></status>
</kw>
<kw name="Run Keyword If" library="BuiltIn">
<doc>Runs the given keyword with the given arguments, if ``condition`` is true.</doc>
<arguments>
<arg>'${PuffyRugMediumOriginal}'!='${PuffyRugMinOriginalStorePage}'</arg>
<arg>Fail</arg>
<arg>Wrong Puffy Rug "Starting From" Original amount in Gift Page. Expected Result: ${PUFFYRUGSMALLORIGINAL} Actual Result: ${PuffyRugMinOriginalStorePage}</arg>
</arguments>
<status status="PASS" starttime="20210216 20:06:30.376" endtime="20210216 20:06:30.376"></status>
</kw>
<status status="PASS" starttime="20210216 20:06:30.349" endtime="20210216 20:06:30.376"></status>
</kw>
<kw name="Check price in GiftShop page for Puffy Mattress" library="keywords300">
<kw name="Get Text" library="Selenium2Library">
<doc>Returns the text value of the element identified by ``locator``.</doc>
<arguments>
<arg>css=body &gt; div.container.main.content &gt; div:nth-child(7) &gt; div &gt; div &gt; div:nth-child(1) &gt; div &gt; a &gt; div.product-box__content &gt; div.product-box__desc &gt; div.product-box__prices &gt; span &gt; del</arg>
</arguments>
<assign>
<var>${PuffyMattressMinOriginalStorePage}</var>
</assign>
<msg timestamp="20210216 20:06:30.398" level="INFO">${PuffyMattressMinOriginalStorePage} = $795</msg>
<status status="PASS" starttime="20210216 20:06:30.377" endtime="20210216 20:06:30.398"></status>
</kw>
<kw name="Run Keyword If" library="BuiltIn">
<doc>Runs the given keyword with the given arguments, if ``condition`` is true.</doc>
<arguments>
<arg>'${PUFFYMATTRESSTWINORIGINAL}'!='${PuffyMattressMinOriginalStorePage}'</arg>
<arg>Fail</arg>
<arg>Wrong Puffy Mattress "Starting From" Original amount in Gift Page. Expected Result: ${PUFFYMATTRESSTWINORIGINAL} Actual Result: ${PuffyMattressMinOriginalStorePage}</arg>
</arguments>
<status status="PASS" starttime="20210216 20:06:30.398" endtime="20210216 20:06:30.398"></status>
</kw>
<status status="PASS" starttime="20210216 20:06:30.376" endtime="20210216 20:06:30.398"></status>
</kw>
<kw name="Check price in GiftShop page for Puffy Lux Hybrid" library="keywords300">
<kw name="Get Text" library="Selenium2Library">
<doc>Returns the text value of the element identified by ``locator``.</doc>
<arguments>
<arg>css=body &gt; div.container.main.content &gt; div:nth-child(7) &gt; div &gt; div &gt; div:nth-child(2) &gt; div &gt; a &gt; div.product-box__content &gt; div.product-box__desc &gt; div.product-box__prices &gt; span &gt; del</arg>
</arguments>
<assign>
<var>${PuffyLuxMattressMinOriginalStorePage}</var>
</assign>
<msg timestamp="20210216 20:06:30.421" level="INFO">${PuffyLuxMattressMinOriginalStorePage} = $1,445</msg>
<status status="PASS" starttime="20210216 20:06:30.399" endtime="20210216 20:06:30.421"></status>
</kw>
<kw name="Run Keyword If" library="BuiltIn">
<doc>Runs the given keyword with the given arguments, if ``condition`` is true.</doc>
<arguments>
<arg>'${PUFFYLUXMATTRESSTWINORIGINAL}'!='${PuffyLuxMattressMinOriginalStorePage}'</arg>
<arg>Fail</arg>
<arg>Wrong Puffy Lux Mattress "Starting From" Original amount in Gift Page. Expected Result: ${PUFFYLUXMATTRESSTWINORIGINAL} Actual Result: ${PuffyLuxMattressMinOriginalStorePage}</arg>
</arguments>
<status status="PASS" starttime="20210216 20:06:30.421" endtime="20210216 20:06:30.421"></status>
</kw>
<status status="PASS" starttime="20210216 20:06:30.399" endtime="20210216 20:06:30.421"></status>
</kw>
<kw name="Check price in GiftShop page for Puffy Royal Hybrid" library="keywords300">
<kw name="Get Text" library="Selenium2Library">
<doc>Returns the text value of the element identified by ``locator``.</doc>
<arguments>
<arg>css=body &gt; div.container.main.content &gt; div:nth-child(7) &gt; div &gt; div &gt; div:nth-child(3) &gt; div &gt; a &gt; div.product-box__content &gt; div.product-box__desc &gt; div.product-box__prices &gt; span &gt; del</arg>
</arguments>
<assign>
<var>${PuffyRoyalMattressMinOriginalStorePage}</var>
</assign>
<msg timestamp="20210216 20:06:30.443" level="INFO">${PuffyRoyalMattressMinOriginalStorePage} = $1,645</msg>
<status status="PASS" starttime="20210216 20:06:30.422" endtime="20210216 20:06:30.443"></status>
</kw>
<kw name="Run Keyword If" library="BuiltIn">
<doc>Runs the given keyword with the given arguments, if ``condition`` is true.</doc>
<arguments>
<arg>'${PUFFYROYALMATTRESSTWINORIGINAL}'!='${PuffyRoyalMattressMinOriginalStorePage}'</arg>
<arg>Fail</arg>
<arg>Wrong Puffy Royal Mattress "Starting From" Original amount in Gift Page. Expected Result: ${PUFFYROYALMATTRESSTWINORIGINAL} Actual Result: ${PuffyRoyalMattressMinOriginalStorePage}</arg>
</arguments>
<status status="PASS" starttime="20210216 20:06:30.443" endtime="20210216 20:06:30.443"></status>
</kw>
<status status="PASS" starttime="20210216 20:06:30.421" endtime="20210216 20:06:30.443"></status>
</kw>
<kw name="Check price in GiftShop page for Puffy Adjustable Base" library="keywords300">
<kw name="Get Text" library="Selenium2Library">
<doc>Returns the text value of the element identified by ``locator``.</doc>
<arguments>
<arg>css=body &gt; div.container.main.content &gt; div.text-bar.text-bar--medium-text.is--gray &gt; div &gt; div.text-bar__content.text-bar__content--single &gt; div &gt; div &gt; div:nth-child(1) &gt; div &gt; a &gt; div.product-box__content &gt; div.product-box__desc &gt; div.product-box__prices &gt; span &gt; del</arg>
</arguments>
<assign>
<var>${PuffyAdjustableBaseMinOriginalStorePage}</var>
</assign>
<msg timestamp="20210216 20:06:30.467" level="INFO">${PuffyAdjustableBaseMinOriginalStorePage} = $1,195</msg>
<status status="PASS" starttime="20210216 20:06:30.444" endtime="20210216 20:06:30.467"></status>
</kw>
<kw name="Run Keyword If" library="BuiltIn">
<doc>Runs the given keyword with the given arguments, if ``condition`` is true.</doc>
<arguments>
<arg>'${PUFFYADJUSTABLEBASETWINXLORIGINAL}'!='${PuffyAdjustableBaseMinOriginalStorePage}'</arg>
<arg>Fail</arg>
<arg>Wrong Puffy Adjustable Base "Starting From" Original amount in Gift Page. Expected Result: ${PUFFYADJUSTABLEBASETWINXLORIGINAL} Actual Result: ${PuffyAdjustableBaseMinOriginalStorePage}</arg>
</arguments>
<status status="PASS" starttime="20210216 20:06:30.467" endtime="20210216 20:06:30.467"></status>
</kw>
<status status="PASS" starttime="20210216 20:06:30.444" endtime="20210216 20:06:30.467"></status>
</kw>
<kw name="Check price in GiftShop page for Puffy Foundation" library="keywords300">
<kw name="Get Text" library="Selenium2Library">
<doc>Returns the text value of the element identified by ``locator``.</doc>
<arguments>
<arg>css=body &gt; div.container.main.content &gt; div.text-bar.text-bar--medium-text.is--gray &gt; div &gt; div.text-bar__content.text-bar__content--single &gt; div &gt; div &gt; div:nth-child(2) &gt; div &gt; a &gt; div.product-box__content &gt; div.product-box__desc &gt; div.product-box__prices &gt; strong</arg>
</arguments>
<assign>
<var>${PuffyFoundationMinOriginalStorePage}</var>
</assign>
<msg timestamp="20210216 20:06:30.490" level="INFO">${PuffyFoundationMinOriginalStorePage} = $135</msg>
<status status="PASS" starttime="20210216 20:06:30.468" endtime="20210216 20:06:30.490"></status>
</kw>
<kw name="Run Keyword If" library="BuiltIn">
<doc>Runs the given keyword with the given arguments, if ``condition`` is true.</doc>
<arguments>
<arg>'${PUFFYFOUNDATIONTWINORIGINAL}'!='${PuffyFoundationMinOriginalStorePage}'</arg>
<arg>Fail</arg>
<arg>Wrong Puffy Foundation "Starting From" Original amount in Gift Page. Expected Result: ${PUFFYFOUNDATIONTWINORIGINAL} Actual Result: ${PuffyFoundationMinOriginalStorePage}</arg>
</arguments>
<status status="PASS" starttime="20210216 20:06:30.490" endtime="20210216 20:06:30.490"></status>
</kw>
<status status="PASS" starttime="20210216 20:06:30.468" endtime="20210216 20:06:30.491"></status>
</kw>
<kw name="Check price in GiftShop page for Puffy Bed Frame" library="keywords300">
<kw name="Get Text" library="Selenium2Library">
<doc>Returns the text value of the element identified by ``locator``.</doc>
<arguments>
<arg>css=body &gt; div.container.main.content &gt; div.text-bar.text-bar--medium-text.is--gray &gt; div &gt; div.text-bar__content.text-bar__content--single &gt; div &gt; div &gt; div:nth-child(3) &gt; div &gt; a &gt; div.product-box__content &gt; div.product-box__desc &gt; div.product-box__prices &gt; strong</arg>
</arguments>
<assign>
<var>${PuffyBedFrameMinOriginalStorePage}</var>
</assign>
<msg timestamp="20210216 20:06:30.516" level="INFO">${PuffyBedFrameMinOriginalStorePage} = $895</msg>
<status status="PASS" starttime="20210216 20:06:30.491" endtime="20210216 20:06:30.516"></status>
</kw>
<kw name="Run Keyword If" library="BuiltIn">
<doc>Runs the given keyword with the given arguments, if ``condition`` is true.</doc>
<arguments>
<arg>'${PUFFYBEDFRAMEFULLORIGINAL}'!='${PuffyBedFrameMinOriginalStorePage}'</arg>
<arg>Fail</arg>
<arg>Wrong Puffy Bed Frame "Starting From" Original amount in Gift Page. Expected Result: ${PUFFYBEDFRAMEFULLORIGINAL} Actual Result: ${PuffyBedFrameMinOriginalStorePage}</arg>
</arguments>
<status status="PASS" starttime="20210216 20:06:30.516" endtime="20210216 20:06:30.516"></status>
</kw>
<status status="PASS" starttime="20210216 20:06:30.491" endtime="20210216 20:06:30.516"></status>
</kw>
<status status="PASS" starttime="20210216 20:06:25.394" endtime="20210216 20:06:30.517" critical="yes"></status>
</test>
<test id="s1-t6" name="Verify price in compare page for Puffy Mattress">
<kw name="Go to Puffy Mattress Product Page" library="keywords300">
<kw name="Mouse Over" library="Selenium2Library">
<doc>Simulates hovering the mouse over the element ``locator``.</doc>
<arguments>
<arg>${LOCMATTRESSES}</arg>
</arguments>
<msg timestamp="20210216 20:06:30.519" level="INFO">Simulating Mouse Over on element 'css=body &gt; div.shopify-section.header-section &gt; div &gt; header.main_header &gt; div &gt; div &gt; div &gt; div.nav &gt; ul &gt; li:nth-child(1) &gt; a'.</msg>
<status status="PASS" starttime="20210216 20:06:30.519" endtime="20210216 20:06:30.806"></status>
</kw>
<kw name="Sleep" library="BuiltIn">
<doc>Pauses the test executed for the given time.</doc>
<arguments>
<arg>2s</arg>
</arguments>
<msg timestamp="20210216 20:06:32.814" level="INFO">Slept 2 seconds</msg>
<status status="PASS" starttime="20210216 20:06:30.807" endtime="20210216 20:06:32.814"></status>
</kw>
<kw name="Click Element" library="Selenium2Library">
<doc>Click the element identified by ``locator``.</doc>
<arguments>
<arg>${LOCPUFFYMATTRESS}</arg>
</arguments>
<msg timestamp="20210216 20:06:32.814" level="INFO">Clicking element 'css=body &gt; div.shopify-section.header-section &gt; div &gt; header.main_header &gt; div &gt; div &gt; div &gt; div.dropdown_container.mega-menu.mega-menu-1 &gt; div &gt; div.dropdown_content &gt; div:nth-child(1) &gt; div.mega-menu__image-caption-link &gt; a &gt; div.image-element__wrap &gt; img'.</msg>
<status status="PASS" starttime="20210216 20:06:32.814" endtime="20210216 20:06:36.573"></status>
</kw>
<kw name="Wait Until Page Contains" library="Selenium2Library">
<doc>Waits until ``text`` appears on the current page.</doc>
<arguments>
<arg>12 REASONS TO CHOOSE</arg>
</arguments>
<status status="PASS" starttime="20210216 20:06:36.573" endtime="20210216 20:06:36.621"></status>
</kw>
<status status="PASS" starttime="20210216 20:06:30.518" endtime="20210216 20:06:36.621"></status>
</kw>
<kw name="Click size dropdown for Puffy Mattress" library="keywords300">
<kw name="Wait Until Page Contains Element" library="Selenium2Library">
<doc>Waits until the element ``locator`` appears on the current page.</doc>
<arguments>
<arg>css=#product_form_345108381730 &gt; div.product-variants-holder &gt; div &gt; div &gt; div</arg>
</arguments>
<status status="PASS" starttime="20210216 20:06:36.624" endtime="20210216 20:06:36.655"></status>
</kw>
<kw name="Click Element" library="Selenium2Library">
<doc>Click the element identified by ``locator``.</doc>
<arguments>
<arg>css=#product_form_345108381730 &gt; div.product-variants-holder &gt; div &gt; div &gt; div</arg>
</arguments>
<msg timestamp="20210216 20:06:36.655" level="INFO">Clicking element 'css=#product_form_345108381730 &gt; div.product-variants-holder &gt; div &gt; div &gt; div'.</msg>
<status status="PASS" starttime="20210216 20:06:36.655" endtime="20210216 20:06:36.724"></status>
</kw>
<status status="PASS" starttime="20210216 20:06:36.623" endtime="20210216 20:06:36.724"></status>
</kw>
<kw name="Set size to twin for Puffy Mattress" library="keywords300">
<kw name="Click Element" library="Selenium2Library">
<doc>Click the element identified by ``locator``.</doc>
<arguments>
<arg>css=#product_form_345108381730 &gt; div.product-variants-holder &gt; div &gt; div &gt; ul &gt; li:nth-child(1)</arg>
</arguments>
<msg timestamp="20210216 20:06:36.725" level="INFO">Clicking element 'css=#product_form_345108381730 &gt; div.product-variants-holder &gt; div &gt; div &gt; ul &gt; li:nth-child(1)'.</msg>
<status status="PASS" starttime="20210216 20:06:36.725" endtime="20210216 20:06:37.004"></status>
</kw>
<status status="PASS" starttime="20210216 20:06:36.724" endtime="20210216 20:06:37.005"></status>
</kw>
<kw name="Get Puffy Mattress Price and compare to mid page" library="keywords300">
<kw name="Sleep" library="BuiltIn">
<doc>Pauses the test executed for the given time.</doc>
<arguments>
<arg>1s</arg>
</arguments>
<msg timestamp="20210216 20:06:38.020" level="INFO">Slept 1 second</msg>
<status status="PASS" starttime="20210216 20:06:37.005" endtime="20210216 20:06:38.020"></status>
</kw>
<kw name="Get Text" library="Selenium2Library">
<doc>Returns the text value of the element identified by ``locator``.</doc>
<arguments>
<arg>css=#product_form_345108381730 &gt; div.product-variants-holder &gt; div &gt; div &gt; div &gt; span &gt; del &gt; span.original-price</arg>
</arguments>
<assign>
<var>${PuffyMattressMinimumOriginalPricePDP}</var>
</assign>
<msg timestamp="20210216 20:06:38.053" level="INFO">${PuffyMattressMinimumOriginalPricePDP} = $795</msg>
<status status="PASS" starttime="20210216 20:06:38.020" endtime="20210216 20:06:38.053"></status>
</kw>
<kw name="Get Text" library="Selenium2Library">
<doc>Returns the text value of the element identified by ``locator``.</doc>
<arguments>
<arg>css=#product_form_345108381730 &gt; div.product-variants-holder &gt; div &gt; div &gt; div &gt; span &gt; span &gt; span.original-price.jsDiscountedPrice</arg>
</arguments>
<assign>
<var>${PuffyMattressDiscountedPricePDP}</var>
</assign>
<msg timestamp="20210216 20:06:38.074" level="INFO">${PuffyMattressDiscountedPricePDP} = $495</msg>
<status status="PASS" starttime="20210216 20:06:38.053" endtime="20210216 20:06:38.074"></status>
</kw>
<kw name="Get Text" library="Selenium2Library">
<doc>Returns the text value of the element identified by ``locator``.</doc>
<arguments>
<arg>css=#product_form_345108381730 &gt; div.hc-custom-block.finance-area &gt; div:nth-child(1) &gt; klarna-placement &gt; a:nth-child(2) &gt; klarna-placement-style-amount</arg>
</arguments>
<assign>
<var>${PuffyMattressKlarnaPricePDP}</var>
</assign>
<msg timestamp="20210216 20:06:38.207" level="INFO">${PuffyMattressKlarnaPricePDP} = $42</msg>
<status status="PASS" starttime="20210216 20:06:38.075" endtime="20210216 20:06:38.207"></status>
</kw>
<kw name="Mouse Over" library="Selenium2Library">
<doc>Simulates hovering the mouse over the element ``locator``.</doc>
<arguments>
<arg>${LOCMATTRESSES}</arg>
</arguments>
<msg timestamp="20210216 20:06:38.208" level="INFO">Simulating Mouse Over on element 'css=body &gt; div.shopify-section.header-section &gt; div &gt; header.main_header &gt; div &gt; div &gt; div &gt; div.nav &gt; ul &gt; li:nth-child(1) &gt; a'.</msg>
<status status="PASS" starttime="20210216 20:06:38.207" endtime="20210216 20:06:38.497"></status>
</kw>
<kw name="Sleep" library="BuiltIn">
<doc>Pauses the test executed for the given time.</doc>
<arguments>
<arg>2s</arg>
</arguments>
<msg timestamp="20210216 20:06:40.513" level="INFO">Slept 2 seconds</msg>
<status status="PASS" starttime="20210216 20:06:38.497" endtime="20210216 20:06:40.513"></status>
</kw>
<kw name="Click Element" library="Selenium2Library">
<doc>Click the element identified by ``locator``.</doc>
<arguments>
<arg>${LOCCOMPARE}</arg>
</arguments>
<msg timestamp="20210216 20:06:40.513" level="INFO">Clicking element 'css=body &gt; div.shopify-section.header-section &gt; div &gt; header.main_header &gt; div &gt; div &gt; div &gt; div.dropdown_container.mega-menu.mega-menu-1 &gt; div &gt; div.dropdown-compare &gt; a'.</msg>
<status status="PASS" starttime="20210216 20:06:40.513" endtime="20210216 20:06:43.380"></status>
</kw>
<kw name="Wait Until Page Contains" library="Selenium2Library">
<doc>Waits until ``text`` appears on the current page.</doc>
<arguments>
<arg>Puffy Mattress</arg>
</arguments>
<status status="PASS" starttime="20210216 20:06:43.381" endtime="20210216 20:06:43.427"></status>
</kw>
<kw name="Get Text" library="Selenium2Library">
<doc>Returns the text value of the element identified by ``locator``.</doc>
<arguments>
<arg>css=body &gt; div.container.main.content &gt; div &gt; div.compare-page__content &gt; div.compare-boxes.is--puffy-mattress-and-puffy-lux &gt; div:nth-child(2) &gt; div &gt; div.price-area &gt; span &gt; del</arg>
</arguments>
<assign>
<var>${PuffyMattressMinimumOriginalPriceComparePage}</var>
</assign>
<msg timestamp="20210216 20:06:43.455" level="INFO">${PuffyMattressMinimumOriginalPriceComparePage} = $795</msg>
<status status="PASS" starttime="20210216 20:06:43.427" endtime="20210216 20:06:43.455"></status>
</kw>
<kw name="Get Text" library="Selenium2Library">
<doc>Returns the text value of the element identified by ``locator``.</doc>
<arguments>
<arg>css=body &gt; div.container.main.content &gt; div &gt; div.compare-page__content &gt; div.compare-boxes.is--puffy-mattress-and-puffy-lux &gt; div:nth-child(2) &gt; div &gt; div.price-area &gt; span &gt; span.price-area__price.jsDiscountedPrice</arg>
</arguments>
<assign>
<var>${PuffyMattressDiscountedPriceComparePage}</var>
</assign>
<msg timestamp="20210216 20:06:43.481" level="INFO">${PuffyMattressDiscountedPriceComparePage} = $495</msg>
<status status="PASS" starttime="20210216 20:06:43.455" endtime="20210216 20:06:43.481"></status>
</kw>
<kw name="Get Text" library="Selenium2Library">
<doc>Returns the text value of the element identified by ``locator``.</doc>
<arguments>
<arg>css=body &gt; div.container.main.content &gt; div &gt; div.compare-page__content &gt; div.compare-boxes.is--puffy-mattress-and-puffy-lux &gt; div:nth-child(2) &gt; div &gt; div.finance-area.is--common &gt; div:nth-child(1) &gt; div &gt; a &gt; span.data-splitit-price.jsKlarna</arg>
</arguments>
<assign>
<var>${PuffyMattressKlarnaPriceComparePage}</var>
</assign>
<msg timestamp="20210216 20:06:43.501" level="INFO">${PuffyMattressKlarnaPriceComparePage} = $42/mo</msg>
<status status="PASS" starttime="20210216 20:06:43.481" endtime="20210216 20:06:43.501"></status>
</kw>
<kw name="Get Text" library="Selenium2Library">
<doc>Returns the text value of the element identified by ``locator``.</doc>
<arguments>
<arg>css=body &gt; div.container.main.content &gt; div &gt; div.compare-page__content &gt; div.compare-boxes.is--puffy-mattress-and-puffy-lux &gt; div:nth-child(2) &gt; div &gt; div.finance-area.is--common &gt; div.finance-area__box.finance-area__box--separator &gt; div &gt; a &gt; span.data-splitit-price.jsKlarna</arg>
</arguments>
<assign>
<var>${PuffyMattressSplitItPriceComparePage}</var>
</assign>
<msg timestamp="20210216 20:06:43.523" level="INFO">${PuffyMattressSplitItPriceComparePage} = $41/mo</msg>
<status status="PASS" starttime="20210216 20:06:43.501" endtime="20210216 20:06:43.523"></status>
</kw>
<kw name="Run Keyword If" library="BuiltIn">
<doc>Runs the given keyword with the given arguments, if ``condition`` is true.</doc>
<arguments>
<arg>'${PuffyMattressMinimumOriginalPricePDP}'!='${PuffyMattressMinimumOriginalPriceComparePage}'</arg>
<arg>Fail</arg>
<arg>Wrong Puffy Mattress Original in Comparison Page. Expected Result: ${PuffyMattressMinimumOriginalPricePDP} Actual Result: ${PuffyMattressMinimumOriginalPriceComparePage}</arg>
</arguments>
<status status="PASS" starttime="20210216 20:06:43.523" endtime="20210216 20:06:43.524"></status>
</kw>
<kw name="Run Keyword If" library="BuiltIn">
<doc>Runs the given keyword with the given arguments, if ``condition`` is true.</doc>
<arguments>
<arg>'${PuffyMattressDiscountedPricePDP}'!='${PuffyMattressDiscountedPriceComparePage}'</arg>
<arg>Fail</arg>
<arg>Wrong Puffy Mattress Discounted price in Comparison Page. Expected Result: ${PuffyMattressDiscountedPricePDP} Actual Result: ${PuffyMattressDiscountedPriceComparePage}</arg>
</arguments>
<status status="PASS" starttime="20210216 20:06:43.524" endtime="20210216 20:06:43.525"></status>
</kw>
<kw name="Run Keyword If" library="BuiltIn">
<doc>Runs the given keyword with the given arguments, if ``condition`` is true.</doc>
<arguments>
<arg>'${PuffyMattressKlarnaPricePDP}${text}'!='${PuffyMattressKlarnaPriceComparePage}'</arg>
<arg>Fail</arg>
<arg>Wrong Puffy Mattress Klarna Price in Comparison Page. Expected Result: ${PuffyMattressKlarnaPricePDP} Actual Result: ${PuffyMattressKlarnaPriceComparePage}</arg>
</arguments>
<status status="PASS" starttime="20210216 20:06:43.525" endtime="20210216 20:06:43.525"></status>
</kw>
<kw name="Run Keyword If" library="BuiltIn">
<doc>Runs the given keyword with the given arguments, if ``condition`` is true.</doc>
<arguments>
<arg>'${PUFFYMATTRESSTWINSPLITITMIDNOOFF}'!='${PuffyMattressSplitItPriceComparePage}'</arg>
<arg>Fail</arg>
<arg>Wrong Puffy Mattress SplitIt Price in Comparison Page. Expected Result: ${PuffyMattressTwinSplitItmidNoOff} Actual Result: ${PuffyMattressSplitItPriceComparePage}</arg>
</arguments>
<status status="PASS" starttime="20210216 20:06:43.526" endtime="20210216 20:06:43.526"></status>
</kw>
<status status="PASS" starttime="20210216 20:06:37.005" endtime="20210216 20:06:43.526"></status>
</kw>
<status status="PASS" starttime="20210216 20:06:30.518" endtime="20210216 20:06:43.527" critical="yes"></status>
</test>
<test id="s1-t7" name="Verify price in compare page for Puffy Lux Mattress">
<kw name="Go to Puffy Lux Mattress Product Page" library="keywords300">
<kw name="Mouse Over" library="Selenium2Library">
<doc>Simulates hovering the mouse over the element ``locator``.</doc>
<arguments>
<arg>${LOCMATTRESSES}</arg>
</arguments>
<msg timestamp="20210216 20:06:43.528" level="INFO">Simulating Mouse Over on element 'css=body &gt; div.shopify-section.header-section &gt; div &gt; header.main_header &gt; div &gt; div &gt; div &gt; div.nav &gt; ul &gt; li:nth-child(1) &gt; a'.</msg>
<status status="PASS" starttime="20210216 20:06:43.528" endtime="20210216 20:06:43.818"></status>
</kw>
<kw name="Sleep" library="BuiltIn">
<doc>Pauses the test executed for the given time.</doc>
<arguments>
<arg>2s</arg>
</arguments>
<msg timestamp="20210216 20:06:45.821" level="INFO">Slept 2 seconds</msg>
<status status="PASS" starttime="20210216 20:06:43.818" endtime="20210216 20:06:45.821"></status>
</kw>
<kw name="Click Element" library="Selenium2Library">
<doc>Click the element identified by ``locator``.</doc>
<arguments>
<arg>${LOCPUFFYLUXMATTRESS}</arg>
</arguments>
<msg timestamp="20210216 20:06:45.821" level="INFO">Clicking element 'css=body &gt; div.shopify-section.header-section &gt; div &gt; header.main_header &gt; div &gt; div &gt; div &gt; div.dropdown_container.mega-menu.mega-menu-1 &gt; div &gt; div.dropdown_content &gt; div:nth-child(2) &gt; div.mega-menu__image-caption-link &gt; a &gt; div.image-element__wrap &gt; img'.</msg>
<status status="PASS" starttime="20210216 20:06:45.821" endtime="20210216 20:06:48.893"></status>
</kw>
<kw name="Wait Until Page Contains" library="Selenium2Library">
<doc>Waits until ``text`` appears on the current page.</doc>
<arguments>
<arg>12 REASONS TO CHOOSE</arg>
</arguments>
<status status="PASS" starttime="20210216 20:06:48.894" endtime="20210216 20:06:48.913"></status>
</kw>
<status status="PASS" starttime="20210216 20:06:43.528" endtime="20210216 20:06:48.913"></status>
</kw>
<kw name="Click size dropdown for Puffy Lux Mattress" library="keywords300">
<kw name="Wait Until Page Contains Element" library="Selenium2Library">
<doc>Waits until the element ``locator`` appears on the current page.</doc>
<arguments>
<arg>css=#product_form_549302042658 &gt; div.product-variants-holder &gt; div.selector-wrapper.withQueen.jsRealOptions.product-size &gt; div &gt; div</arg>
</arguments>
<status status="PASS" starttime="20210216 20:06:48.914" endtime="20210216 20:06:48.952"></status>
</kw>
<kw name="Click Element" library="Selenium2Library">
<doc>Click the element identified by ``locator``.</doc>
<arguments>
<arg>css=#product_form_549302042658 &gt; div.product-variants-holder &gt; div.selector-wrapper.withQueen.jsRealOptions.product-size &gt; div &gt; div</arg>
</arguments>
<msg timestamp="20210216 20:06:48.952" level="INFO">Clicking element 'css=#product_form_549302042658 &gt; div.product-variants-holder &gt; div.selector-wrapper.withQueen.jsRealOptions.product-size &gt; div &gt; div'.</msg>
<status status="PASS" starttime="20210216 20:06:48.952" endtime="20210216 20:06:49.034"></status>
</kw>
<status status="PASS" starttime="20210216 20:06:48.914" endtime="20210216 20:06:49.034"></status>
</kw>
<kw name="Set size to Twin for Puffy Lux Mattress" library="keywords300">
<kw name="Click Element" library="Selenium2Library">
<doc>Click the element identified by ``locator``.</doc>
<arguments>
<arg>css=#product_form_549302042658 &gt; div.product-variants-holder &gt; div.selector-wrapper.withQueen.jsRealOptions.product-size &gt; div &gt; ul &gt; li:nth-child(1)</arg>
</arguments>
<msg timestamp="20210216 20:06:49.036" level="INFO">Clicking element 'css=#product_form_549302042658 &gt; div.product-variants-holder &gt; div.selector-wrapper.withQueen.jsRealOptions.product-size &gt; div &gt; ul &gt; li:nth-child(1)'.</msg>
<status status="PASS" starttime="20210216 20:06:49.035" endtime="20210216 20:06:49.221"></status>
</kw>
<status status="PASS" starttime="20210216 20:06:49.035" endtime="20210216 20:06:49.221"></status>
</kw>
<kw name="Get Puffy Lux Mattress Price and compare to mid page" library="keywords300">
<kw name="Sleep" library="BuiltIn">
<doc>Pauses the test executed for the given time.</doc>
<arguments>
<arg>1s</arg>
</arguments>
<msg timestamp="20210216 20:06:50.223" level="INFO">Slept 1 second</msg>
<status status="PASS" starttime="20210216 20:06:49.222" endtime="20210216 20:06:50.223"></status>
</kw>
<kw name="Get Text" library="Selenium2Library">
<doc>Returns the text value of the element identified by ``locator``.</doc>
<arguments>
<arg>css=#product_form_549302042658 &gt; div.product-variants-holder &gt; div.selector-wrapper.withQueen.jsRealOptions.product-size &gt; div &gt; div &gt; span &gt; del &gt; span.original-price</arg>
</arguments>
<assign>
<var>${PuffyLuxMattressMinimumOriginalPricePDP}</var>
</assign>
<msg timestamp="20210216 20:06:50.331" level="INFO">${PuffyLuxMattressMinimumOriginalPricePDP} = $1,445</msg>
<status status="PASS" starttime="20210216 20:06:50.223" endtime="20210216 20:06:50.331"></status>
</kw>
<kw name="Get Text" library="Selenium2Library">
<doc>Returns the text value of the element identified by ``locator``.</doc>
<arguments>
<arg>css=#product_form_549302042658 &gt; div.product-variants-holder &gt; div.selector-wrapper.withQueen.jsRealOptions.product-size &gt; div &gt; div &gt; span &gt; span &gt; span.original-price.jsDiscountedPrice</arg>
</arguments>
<assign>
<var>${PuffyLuxMattressDiscountedPricePDP}</var>
</assign>
<msg timestamp="20210216 20:06:50.355" level="INFO">${PuffyLuxMattressDiscountedPricePDP} = $1,145</msg>
<status status="PASS" starttime="20210216 20:06:50.331" endtime="20210216 20:06:50.355"></status>
</kw>
<kw name="Get Text" library="Selenium2Library">
<doc>Returns the text value of the element identified by ``locator``.</doc>
<arguments>
[...]
</arguments>
<assign>
<var>${Klarna}</var>
</assign>
<msg timestamp="20210216 20:11:34.208" level="INFO">${Klarna} = $50</msg>
<status status="PASS" starttime="20210216 20:11:34.178" endtime="20210216 20:11:34.208"></status>
</kw>
<kw name="Run Keyword If" library="BuiltIn">
<doc>Runs the given keyword with the given arguments, if ``condition`` is true.</doc>
<arguments>
<arg>'${Klarna}'!='${PUFFYRUGMEDIUMKLARNANOOFF}'</arg>
<arg>Fail</arg>
<arg>Wrong Puffy Rug Medium size monthly payment for Klarna. Expected Result: ${PuffyDogBedMediumKlarnaNoOff} Actual Result: ${Klarna}</arg>
</arguments>
<status status="PASS" starttime="20210216 20:11:34.208" endtime="20210216 20:11:34.208"></status>
</kw>
<kw name="Get Text" library="Selenium2Library">
<doc>Returns the text value of the element identified by ``locator``.</doc>
<arguments>
<arg>css=#product_form_4125949657122 &gt; div.hc-custom-block.finance-area &gt; div.finance-area__box.finance-area__box--separator &gt; div &gt; a.data-splitit-logo &gt; span.data-splitit-price &gt; span</arg>
</arguments>
<assign>
<var>${Splitit}</var>
</assign>
<msg timestamp="20210216 20:11:34.230" level="INFO">${Splitit} = $24.58</msg>
<status status="PASS" starttime="20210216 20:11:34.208" endtime="20210216 20:11:34.230"></status>
</kw>
<kw name="Run Keyword If" library="BuiltIn">
<doc>Runs the given keyword with the given arguments, if ``condition`` is true.</doc>
<arguments>
<arg>'${Splitit}'!='${PUFFYRUGMEDIUMSPLITITNOOFF}'</arg>
<arg>Fail</arg>
<arg>Wrong Puffy Rug Medium size monthly payment for Splitit. Expected Result: ${PuffyRugMediumSplitItNoOff} Actual Result: ${Splitit}</arg>
</arguments>
<status status="PASS" starttime="20210216 20:11:34.230" endtime="20210216 20:11:34.230"></status>
</kw>
<status status="PASS" starttime="20210216 20:11:32.171" endtime="20210216 20:11:34.230"></status>
</kw>
<kw name="Click Puffy Rug size dropdown" library="keywords300">
<kw name="Click Element" library="Selenium2Library">
<doc>Click the element identified by ``locator``.</doc>
<arguments>
<arg>css=#product_form_4125949657122 &gt; div.product-variants-holder &gt; div.product-variant.selector-wrapper.jsRealOptions.product-size &gt; div &gt; div</arg>
</arguments>
<msg timestamp="20210216 20:11:34.231" level="INFO">Clicking element 'css=#product_form_4125949657122 &gt; div.product-variants-holder &gt; div.product-variant.selector-wrapper.jsRealOptions.product-size &gt; div &gt; div'.</msg>
<status status="PASS" starttime="20210216 20:11:34.231" endtime="20210216 20:11:34.282"></status>
</kw>
<status status="PASS" starttime="20210216 20:11:34.231" endtime="20210216 20:11:34.282"></status>
</kw>
<kw name="Select Puffy Rug Large" library="keywords300">
<kw name="Click Element" library="Selenium2Library">
<doc>Click the element identified by ``locator``.</doc>
<arguments>
<arg>css=#product_form_4125949657122 &gt; div.product-variants-holder &gt; div.product-variant.selector-wrapper.jsRealOptions.product-size &gt; div &gt; ul &gt; li:nth-child(2)</arg>
</arguments>
<msg timestamp="20210216 20:11:34.283" level="INFO">Clicking element 'css=#product_form_4125949657122 &gt; div.product-variants-holder &gt; div.product-variant.selector-wrapper.jsRealOptions.product-size &gt; div &gt; ul &gt; li:nth-child(2)'.</msg>
<status status="PASS" starttime="20210216 20:11:34.283" endtime="20210216 20:11:34.369"></status>
</kw>
<status status="PASS" starttime="20210216 20:11:34.283" endtime="20210216 20:11:34.369"></status>
</kw>
<kw name="Check Puffy Rug Large size monthly payment price" library="keywords300">
<kw name="Sleep" library="BuiltIn">
<doc>Pauses the test executed for the given time.</doc>
<arguments>
<arg>2s</arg>
</arguments>
<msg timestamp="20210216 20:11:36.376" level="INFO">Slept 2 seconds</msg>
<status status="PASS" starttime="20210216 20:11:34.370" endtime="20210216 20:11:36.376"></status>
</kw>
<kw name="Get Text" library="Selenium2Library">
<doc>Returns the text value of the element identified by ``locator``.</doc>
<arguments>
<arg>css=#product_form_4125949657122 &gt; div.hc-custom-block.finance-area &gt; div:nth-child(1) &gt; klarna-placement &gt; a:nth-child(2) &gt; klarna-placement-style-amount</arg>
</arguments>
<assign>
<var>${Klarna}</var>
</assign>
<msg timestamp="20210216 20:11:36.396" level="INFO">${Klarna} = $33</msg>
<status status="PASS" starttime="20210216 20:11:36.376" endtime="20210216 20:11:36.396"></status>
</kw>
<kw name="Run Keyword If" library="BuiltIn">
<doc>Runs the given keyword with the given arguments, if ``condition`` is true.</doc>
<arguments>
<arg>'${Klarna}'!='${PUFFYRUGLARGEKLARNANOOFF}'</arg>
<arg>Fail</arg>
<arg>Wrong Puffy Rug Large size monthly payment for Klarna. Expected Result: ${PuffyDogBedLargeKlarnaNoOff} Actual Result: ${Klarna}</arg>
</arguments>
<status status="PASS" starttime="20210216 20:11:36.397" endtime="20210216 20:11:36.397"></status>
</kw>
<kw name="Get Text" library="Selenium2Library">
<doc>Returns the text value of the element identified by ``locator``.</doc>
<arguments>
<arg>css=#product_form_4125949657122 &gt; div.hc-custom-block.finance-area &gt; div.finance-area__box.finance-area__box--separator &gt; div &gt; a.data-splitit-logo &gt; span.data-splitit-price &gt; span</arg>
</arguments>
<assign>
<var>${Splitit}</var>
</assign>
<msg timestamp="20210216 20:11:36.414" level="INFO">${Splitit} = $32.92</msg>
<status status="PASS" starttime="20210216 20:11:36.397" endtime="20210216 20:11:36.414"></status>
</kw>
<kw name="Run Keyword If" library="BuiltIn">
<doc>Runs the given keyword with the given arguments, if ``condition`` is true.</doc>
<arguments>
<arg>'${Splitit}'!='${PUFFYRUGLARGESPLITITNOOFF}'</arg>
<arg>Fail</arg>
<arg>Wrong Puffy Rug Large size monthly payment for Splitit. Expected Result: ${PuffyRugLargeSplitItNoOff} Actual Result: ${Splitit}</arg>
</arguments>
<status status="PASS" starttime="20210216 20:11:36.415" endtime="20210216 20:11:36.415"></status>
</kw>
<status status="PASS" starttime="20210216 20:11:34.369" endtime="20210216 20:11:36.415"></status>
</kw>
<status status="PASS" starttime="20210216 20:11:26.766" endtime="20210216 20:11:36.415" critical="yes"></status>
</test>
<test id="s1-t29" name="Check prices in Finance Page">
<kw name="Go to Finance page" library="keywords300">
<kw name="Click Link" library="Selenium2Library">
<doc>Clicks a link identified by ``locator``.</doc>
<arguments>
<arg>link:Financing</arg>
</arguments>
<msg timestamp="20210216 20:11:36.418" level="INFO">Clicking link 'link:Financing'.</msg>
<status status="PASS" starttime="20210216 20:11:36.418" endtime="20210216 20:11:38.809"></status>
</kw>
<status status="PASS" starttime="20210216 20:11:36.417" endtime="20210216 20:11:38.809"></status>
</kw>
<kw name="Click Klarna See Details link" library="keywords300">
<kw name="Click Element" library="Selenium2Library">
<doc>Click the element identified by ``locator``.</doc>
<arguments>
<arg>css=body &gt; div.container.main.content &gt; div.text-bar.text-bar--financing &gt; div.text-bar__inner &gt; div &gt; div.text-bar__klarna &gt; a</arg>
</arguments>
<msg timestamp="20210216 20:11:38.810" level="INFO">Clicking element 'css=body &gt; div.container.main.content &gt; div.text-bar.text-bar--financing &gt; div.text-bar__inner &gt; div &gt; div.text-bar__klarna &gt; a'.</msg>
<status status="PASS" starttime="20210216 20:11:38.810" endtime="20210216 20:11:38.917"></status>
</kw>
<status status="PASS" starttime="20210216 20:11:38.810" endtime="20210216 20:11:38.917"></status>
</kw>
<kw name="Check amount in Pay as low as for Klarna" library="keywords300">
<kw name="Get Text" library="Selenium2Library">
<doc>Returns the text value of the element identified by ``locator``.</doc>
<arguments>
<arg>css=body &gt; div.container.main.content &gt; div.financing__klarna &gt; div.featured-financing.text-bar &gt; div.featured-financing__desc &gt; strong</arg>
</arguments>
<assign>
<var>${KlarnaPayAsLow}</var>
</assign>
<msg timestamp="20210216 20:11:38.971" level="INFO">${KlarnaPayAsLow} = $42 per month</msg>
<status status="PASS" starttime="20210216 20:11:38.918" endtime="20210216 20:11:38.971"></status>
</kw>
<kw name="Run Keyword If" library="BuiltIn">
<doc>Runs the given keyword with the given arguments, if ``condition`` is true.</doc>
<arguments>
<arg>'${$300PUFFYFINANCINGPAGEKLARNA}'!='${KlarnaPayAsLow}'</arg>
<arg>Fail</arg>
<arg>Wrong Amount for Klarna "Pay as low as" section. Expected Result: ${$300PuffyFinancingPageKlarna} Actual Result: ${KlarnaPayAsLow}</arg>
</arguments>
<status status="PASS" starttime="20210216 20:11:38.971" endtime="20210216 20:11:38.971"></status>
</kw>
<status status="PASS" starttime="20210216 20:11:38.918" endtime="20210216 20:11:38.972"></status>
</kw>
<kw name="Scroll Up to Splitit" library="keywords300">
<kw name="Scroll Element Into View" library="Selenium2Library">
<doc>Scrolls the element identified by ``locator`` into view.</doc>
<arguments>
<arg>css=body &gt; div.container.main.content &gt; div.text-bar.text-bar--financing &gt; div.text-bar__inner &gt; h2</arg>
</arguments>
<status status="PASS" starttime="20210216 20:11:38.972" endtime="20210216 20:11:39.337"></status>
</kw>
<status status="PASS" starttime="20210216 20:11:38.972" endtime="20210216 20:11:39.339"></status>
</kw>
<kw name="Click Splitit See Details link" library="keywords300">
<kw name="Wait Until Page Contains Element" library="Selenium2Library">
<doc>Waits until the element ``locator`` appears on the current page.</doc>
<arguments>
<arg>css=body &gt; div.container.main.content &gt; div.text-bar.text-bar--financing &gt; div.text-bar__inner &gt; div &gt; div.text-bar__splitit &gt; a</arg>
</arguments>
<status status="PASS" starttime="20210216 20:11:39.339" endtime="20210216 20:11:39.350"></status>
</kw>
<kw name="Click Element" library="Selenium2Library">
<doc>Click the element identified by ``locator``.</doc>
<arguments>
<arg>css=body &gt; div.container.main.content &gt; div.text-bar.text-bar--financing &gt; div.text-bar__inner &gt; div &gt; div.text-bar__splitit &gt; a</arg>
</arguments>
<msg timestamp="20210216 20:11:39.351" level="INFO">Clicking element 'css=body &gt; div.container.main.content &gt; div.text-bar.text-bar--financing &gt; div.text-bar__inner &gt; div &gt; div.text-bar__splitit &gt; a'.</msg>
<status status="PASS" starttime="20210216 20:11:39.350" endtime="20210216 20:11:39.414"></status>
</kw>
<status status="PASS" starttime="20210216 20:11:39.339" endtime="20210216 20:11:39.414"></status>
</kw>
<kw name="Check amount in Pay as low as for SplitIt" library="keywords300">
<kw name="Get Text" library="Selenium2Library">
<doc>Returns the text value of the element identified by ``locator``.</doc>
<arguments>
<arg>css=body &gt; div.container.main.content &gt; div.financing__splitit &gt; div.featured-financing.text-bar &gt; div.featured-financing__desc &gt; strong</arg>
</arguments>
<assign>
<var>${SplitItPayAsLow}</var>
</assign>
<msg timestamp="20210216 20:11:39.441" level="INFO">${SplitItPayAsLow} = $41 per month</msg>
<status status="PASS" starttime="20210216 20:11:39.415" endtime="20210216 20:11:39.441"></status>
</kw>
<kw name="Run Keyword If" library="BuiltIn">
<doc>Runs the given keyword with the given arguments, if ``condition`` is true.</doc>
<arguments>
<arg>'${$300PUFFYFINANCINGPAGESPLITIT}'!='${SplitItPayAsLow}'</arg>
<arg>Fail</arg>
<arg>Wrong Amount for SplitIt "Pay as low as" section. Expected Result: ${$300PuffyFinancingPageSplitIt} Actual Result: ${SplitItPayAsLow}</arg>
</arguments>
<status status="PASS" starttime="20210216 20:11:39.441" endtime="20210216 20:11:39.442"></status>
</kw>
<status status="PASS" starttime="20210216 20:11:39.415" endtime="20210216 20:11:39.442"></status>
</kw>
<status status="PASS" starttime="20210216 20:11:36.417" endtime="20210216 20:11:39.442" critical="yes"></status>
</test>
<test id="s1-t30" name="Check prices in Discount page">
<kw name="Go to Discount page" library="keywords300">
<kw name="Go To" library="Selenium2Library">
<doc>Navigates the current browser window to the provided ``url``.</doc>
<arguments>
<arg>https://puffy.com/pages/puffy-discount-code</arg>
</arguments>
<msg timestamp="20210216 20:11:39.444" level="INFO">Opening url 'https://puffy.com/pages/puffy-discount-code'</msg>
<status status="PASS" starttime="20210216 20:11:39.444" endtime="20210216 20:11:41.933"></status>
</kw>
<status status="PASS" starttime="20210216 20:11:39.444" endtime="20210216 20:11:41.933"></status>
</kw>
<kw name="Check discount details 1" library="keywords300">
<kw name="Get Text" library="Selenium2Library">
<doc>Returns the text value of the element identified by ``locator``.</doc>
<arguments>
<arg>css=body &gt; div.container.main.content &gt; div.text-bar.is--blue &gt; div &gt; h2 &gt; strong &gt; span:nth-child(1)</arg>
</arguments>
<assign>
<var>${DiscountDetails1}</var>
</assign>
<msg timestamp="20210216 20:11:41.995" level="INFO">${DiscountDetails1} = $300 Off Any Mattress</msg>
<status status="PASS" starttime="20210216 20:11:41.934" endtime="20210216 20:11:41.995"></status>
</kw>
<kw name="Run Keyword If" library="BuiltIn">
<doc>Runs the given keyword with the given arguments, if ``condition`` is true.</doc>
<arguments>
<arg>'${DISCOUNTCODEPAGEDETAILS1}'!='${DiscountDetails1}'</arg>
<arg>Fail</arg>
<arg>Wrong Amount for SplitIt "Pay as low as" section. Expected Result: ${DiscountCodePageDetails1} Actual Result: ${DiscountDetails1}</arg>
</arguments>
<status status="PASS" starttime="20210216 20:11:41.996" endtime="20210216 20:11:41.996"></status>
</kw>
<status status="PASS" starttime="20210216 20:11:41.933" endtime="20210216 20:11:41.996"></status>
</kw>
<kw name="Check discount details 2" library="keywords300">
<kw name="Get Text" library="Selenium2Library">
<doc>Returns the text value of the element identified by ``locator``.</doc>
<arguments>
<arg>css=body &gt; div.container.main.content &gt; div.text-bar.is--blue &gt; div &gt; h2 &gt; strong &gt; span:nth-child(3)</arg>
</arguments>
<assign>
<var>${DiscountDetails2}</var>
</assign>
<msg timestamp="20210216 20:11:42.021" level="INFO">${DiscountDetails2} = + Free Pillow</msg>
<status status="PASS" starttime="20210216 20:11:41.997" endtime="20210216 20:11:42.021"></status>
</kw>
<kw name="Run Keyword If" library="BuiltIn">
<doc>Runs the given keyword with the given arguments, if ``condition`` is true.</doc>
<arguments>
<arg>'${DISCOUNTCODEPAGEDETAILS2}'!='${DiscountDetails2}'</arg>
<arg>Fail</arg>
<arg>Wrong Amount for SplitIt "Pay as low as" section. Expected Result: ${DiscountCodePageDetails2} Actual Result: ${DiscountDetails2}</arg>
</arguments>
<status status="PASS" starttime="20210216 20:11:42.021" endtime="20210216 20:11:42.021"></status>
</kw>
<status status="PASS" starttime="20210216 20:11:41.996" endtime="20210216 20:11:42.021"></status>
</kw>
<kw name="Scroll down to Mattress Financing with Klarna" library="keywords300">
<kw name="Scroll Element Into View" library="Selenium2Library">
<doc>Scrolls the element identified by ``locator`` into view.</doc>
<arguments>
<arg>css=body &gt; div.container.main.content &gt; div.text-bar.is--gray.no-bottom-padding &gt; div &gt; h2</arg>
</arguments>
<status status="PASS" starttime="20210216 20:11:42.022" endtime="20210216 20:11:42.320"></status>
</kw>
<status status="PASS" starttime="20210216 20:11:42.022" endtime="20210216 20:11:42.320"></status>
</kw>
<kw name="Check amount in Pay as low as for Klarna Discount Page" library="keywords300">
<kw name="Get Text" library="Selenium2Library">
<doc>Returns the text value of the element identified by ``locator``.</doc>
<arguments>
<arg>css=body &gt; div.container.main.content &gt; div.text-bar.is--gray.no-bottom-padding &gt; div &gt; div &gt; strong</arg>
</arguments>
<assign>
<var>${KlarnaPayAsLow}</var>
</assign>
<msg timestamp="20210216 20:11:42.343" level="INFO">${KlarnaPayAsLow} = $42 per month</msg>
<status status="PASS" starttime="20210216 20:11:42.320" endtime="20210216 20:11:42.343"></status>
</kw>
<kw name="Run Keyword If" library="BuiltIn">
<doc>Runs the given keyword with the given arguments, if ``condition`` is true.</doc>
<arguments>
<arg>'${PUFFYDISCOUNTPAGEKLARNA}'!='${KlarnaPayAsLow}'</arg>
<arg>Fail</arg>
<arg>Wrong Amount for Klarna "Pay as low as" section. Expected Result: ${PuffyDiscountPageKlarna} Actual Result: ${KlarnaPayAsLow}</arg>
</arguments>
<status status="PASS" starttime="20210216 20:11:42.343" endtime="20210216 20:11:42.344"></status>
</kw>
<status status="PASS" starttime="20210216 20:11:42.320" endtime="20210216 20:11:42.344"></status>
</kw>
<kw name="Scroll down to Mattress Payment plans with Splitit" library="keywords300">
<kw name="Scroll Element Into View" library="Selenium2Library">
<doc>Scrolls the element identified by ``locator`` into view.</doc>
<arguments>
<arg>css=body &gt; div.container.main.content &gt; div:nth-child(7) &gt; div &gt; h2</arg>
</arguments>
<status status="PASS" starttime="20210216 20:11:42.344" endtime="20210216 20:11:42.663"></status>
</kw>
<status status="PASS" starttime="20210216 20:11:42.344" endtime="20210216 20:11:42.663"></status>
</kw>
<kw name="Check amount in Pay as low as for SplitIt Discount Page" library="keywords300">
<kw name="Get Text" library="Selenium2Library">
<doc>Returns the text value of the element identified by ``locator``.</doc>
<arguments>
<arg>css=body &gt; div.container.main.content &gt; div:nth-child(7) &gt; div &gt; div &gt; strong</arg>
</arguments>
<assign>
<var>${SplitItPayAsLow}</var>
</assign>
<msg timestamp="20210216 20:11:42.707" level="INFO">${SplitItPayAsLow} = $41 per month</msg>
<status status="PASS" starttime="20210216 20:11:42.664" endtime="20210216 20:11:42.707"></status>
</kw>
<kw name="Run Keyword If" library="BuiltIn">
<doc>Runs the given keyword with the given arguments, if ``condition`` is true.</doc>
<arguments>
<arg>'${PUFFYDISCOUNTPAGESPLITIT}'!='${SplitItPayAsLow}'</arg>
<arg>Fail</arg>
<arg>Wrong Amount for Klarna "Pay as low as" section. Expected Result: ${PuffyDiscountPageSplitIt} Actual Result: ${SplitItPayAsLow}</arg>
</arguments>
<status status="PASS" starttime="20210216 20:11:42.707" endtime="20210216 20:11:42.707"></status>
</kw>
<status status="PASS" starttime="20210216 20:11:42.664" endtime="20210216 20:11:42.707"></status>
</kw>
<status status="PASS" starttime="20210216 20:11:39.443" endtime="20210216 20:11:42.708" critical="yes"></status>
</test>
<test id="s1-t31" name="Stop All Video Recordings">
<kw name="Stop All Video Recordings" library="ScreenCapLibrary">
<doc>Stops all the video recordings and generates the files in WebM format. If ``embed`` argument
was set to ``True`` the videos will be displayed in the log file.</doc>
<msg timestamp="20210216 20:11:42.795" level="INFO" html="yes">&lt;a href="recording_4.webm"&gt;&lt;video width="800px" autoplay&gt;&lt;source src="recording_4.webm" type="video/webm"&gt;&lt;/video&gt;&lt;/a&gt;</msg>
<status status="PASS" starttime="20210216 20:11:42.710" endtime="20210216 20:11:42.796"></status>
</kw>
<status status="PASS" starttime="20210216 20:11:42.709" endtime="20210216 20:11:42.796" critical="yes"></status>
</test>
<kw name="Close Browser" library="Selenium2Library" type="teardown">
<doc>Closes the current browser.</doc>
<status status="PASS" starttime="20210216 20:11:42.799" endtime="20210216 20:11:45.109"></status>
</kw>
<doc>This is for checking all the places where we should update the seasonal promotion</doc>
<status status="FAIL" starttime="20210216 20:05:25.441" endtime="20210216 20:11:45.109"></status>
</suite>
<statistics>
<total>
<stat pass="25" fail="6">Critical Tests</stat>
<stat pass="25" fail="6">All Tests</stat>
</total>
<tag>
</tag>
<suite>
<stat pass="25" fail="6" id="s1" name="Pdpprice">Pdpprice</stat>
</suite>
</statistics>
<errors>
</errors>
</robot>
